<?xml version="1.0" encoding="UTF-8"?>
<testsuite xmlns:xsi="http://www.w3.org/2001/XMLSchema-instance" xsi:noNamespaceSchemaLocation="https://maven.apache.org/surefire/maven-surefire-plugin/xsd/surefire-test-report-3.0.xsd" version="3.0" name="TestRunner" time="40.426" tests="5" errors="0" skipped="0" failures="0">
  <properties>
    <property name="java.specification.version" value="17"/>
    <property name="sun.jnu.encoding" value="UTF-8"/>
    <property name="java.class.path" value="/Users/vaida/edON/ios_mobile/ios/cucumberMydemoApp/target/test-classes:/Users/vaida/edON/ios_mobile/ios/cucumberMydemoApp/target/classes:/Users/vaida/.m2/repository/io/appium/java-client/9.0.0/java-client-9.0.0.jar:/Users/vaida/.m2/repository/org/seleniumhq/selenium/selenium-api/4.16.1/selenium-api-4.16.1.jar:/Users/vaida/.m2/repository/org/seleniumhq/selenium/selenium-remote-driver/4.16.1/selenium-remote-driver-4.16.1.jar:/Users/vaida/.m2/repository/com/google/auto/service/auto-service-annotations/1.1.1/auto-service-annotations-1.1.1.jar:/Users/vaida/.m2/repository/io/opentelemetry/opentelemetry-api/1.28.0/opentelemetry-api-1.28.0.jar:/Users/vaida/.m2/repository/io/opentelemetry/opentelemetry-context/1.28.0/opentelemetry-context-1.28.0.jar:/Users/vaida/.m2/repository/io/opentelemetry/opentelemetry-exporter-logging/1.28.0/opentelemetry-exporter-logging-1.28.0.jar:/Users/vaida/.m2/repository/io/opentelemetry/opentelemetry-sdk-metrics/1.28.0/opentelemetry-sdk-metrics-1.28.0.jar:/Users/vaida/.m2/repository/io/opentelemetry/opentelemetry-extension-incubator/1.28.0-alpha/opentelemetry-extension-incubator-1.28.0-alpha.jar:/Users/vaida/.m2/repository/io/opentelemetry/opentelemetry-sdk-logs/1.28.0/opentelemetry-sdk-logs-1.28.0.jar:/Users/vaida/.m2/repository/io/opentelemetry/opentelemetry-sdk-common/1.28.0/opentelemetry-sdk-common-1.28.0.jar:/Users/vaida/.m2/repository/io/opentelemetry/opentelemetry-sdk-extension-autoconfigure-spi/1.28.0/opentelemetry-sdk-extension-autoconfigure-spi-1.28.0.jar:/Users/vaida/.m2/repository/io/opentelemetry/opentelemetry-sdk-extension-autoconfigure/1.28.0/opentelemetry-sdk-extension-autoconfigure-1.28.0.jar:/Users/vaida/.m2/repository/io/opentelemetry/opentelemetry-api-events/1.28.0-alpha/opentelemetry-api-events-1.28.0-alpha.jar:/Users/vaida/.m2/repository/io/opentelemetry/opentelemetry-sdk-trace/1.28.0/opentelemetry-sdk-trace-1.28.0.jar:/Users/vaida/.m2/repository/io/opentelemetry/opentelemetry-sdk/1.28.0/opentelemetry-sdk-1.28.0.jar:/Users/vaida/.m2/repository/io/opentelemetry/opentelemetry-semconv/1.28.0-alpha/opentelemetry-semconv-1.28.0-alpha.jar:/Users/vaida/.m2/repository/org/seleniumhq/selenium/selenium-http/4.16.1/selenium-http-4.16.1.jar:/Users/vaida/.m2/repository/dev/failsafe/failsafe/3.3.2/failsafe-3.3.2.jar:/Users/vaida/.m2/repository/org/seleniumhq/selenium/selenium-json/4.16.1/selenium-json-4.16.1.jar:/Users/vaida/.m2/repository/org/seleniumhq/selenium/selenium-manager/4.16.1/selenium-manager-4.16.1.jar:/Users/vaida/.m2/repository/org/seleniumhq/selenium/selenium-os/4.16.1/selenium-os-4.16.1.jar:/Users/vaida/.m2/repository/org/seleniumhq/selenium/selenium-support/4.16.1/selenium-support-4.16.1.jar:/Users/vaida/.m2/repository/com/google/code/gson/gson/2.10.1/gson-2.10.1.jar:/Users/vaida/.m2/repository/org/slf4j/slf4j-api/2.0.9/slf4j-api-2.0.9.jar:/Users/vaida/.m2/repository/io/cucumber/cucumber-java/7.13.0/cucumber-java-7.13.0.jar:/Users/vaida/.m2/repository/org/apiguardian/apiguardian-api/1.1.2/apiguardian-api-1.1.2.jar:/Users/vaida/.m2/repository/io/cucumber/cucumber-junit/7.13.0/cucumber-junit-7.13.0.jar:/Users/vaida/.m2/repository/junit/junit/4.13.2/junit-4.13.2.jar:/Users/vaida/.m2/repository/org/hamcrest/hamcrest-core/1.3/hamcrest-core-1.3.jar:/Users/vaida/.m2/repository/io/cucumber/cucumber-core/7.13.0/cucumber-core-7.13.0.jar:/Users/vaida/.m2/repository/io/cucumber/cucumber-gherkin/7.13.0/cucumber-gherkin-7.13.0.jar:/Users/vaida/.m2/repository/io/cucumber/cucumber-gherkin-messages/7.13.0/cucumber-gherkin-messages-7.13.0.jar:/Users/vaida/.m2/repository/io/cucumber/messages/22.0.0/messages-22.0.0.jar:/Users/vaida/.m2/repository/io/cucumber/tag-expressions/5.0.1/tag-expressions-5.0.1.jar:/Users/vaida/.m2/repository/io/cucumber/cucumber-expressions/16.1.2/cucumber-expressions-16.1.2.jar:/Users/vaida/.m2/repository/io/cucumber/datatable/7.13.0/datatable-7.13.0.jar:/Users/vaida/.m2/repository/io/cucumber/cucumber-plugin/7.13.0/cucumber-plugin-7.13.0.jar:/Users/vaida/.m2/repository/io/cucumber/docstring/7.13.0/docstring-7.13.0.jar:/Users/vaida/.m2/repository/io/cucumber/html-formatter/20.3.1/html-formatter-20.3.1.jar:/Users/vaida/.m2/repository/io/cucumber/junit-xml-formatter/0.2.0/junit-xml-formatter-0.2.0.jar:/Users/vaida/.m2/repository/io/cucumber/ci-environment/9.2.0/ci-environment-9.2.0.jar:/Users/vaida/.m2/repository/io/cucumber/gherkin/26.2.0/gherkin-26.2.0.jar:/Users/vaida/.m2/repository/org/seleniumhq/selenium/selenium-java/3.141.59/selenium-java-3.141.59.jar:/Users/vaida/.m2/repository/org/seleniumhq/selenium/selenium-chrome-driver/3.141.59/selenium-chrome-driver-3.141.59.jar:/Users/vaida/.m2/repository/org/seleniumhq/selenium/selenium-edge-driver/3.141.59/selenium-edge-driver-3.141.59.jar:/Users/vaida/.m2/repository/org/seleniumhq/selenium/selenium-firefox-driver/3.141.59/selenium-firefox-driver-3.141.59.jar:/Users/vaida/.m2/repository/org/seleniumhq/selenium/selenium-ie-driver/3.141.59/selenium-ie-driver-3.141.59.jar:/Users/vaida/.m2/repository/org/seleniumhq/selenium/selenium-opera-driver/3.141.59/selenium-opera-driver-3.141.59.jar:/Users/vaida/.m2/repository/org/seleniumhq/selenium/selenium-safari-driver/3.141.59/selenium-safari-driver-3.141.59.jar:/Users/vaida/.m2/repository/net/bytebuddy/byte-buddy/1.8.15/byte-buddy-1.8.15.jar:/Users/vaida/.m2/repository/org/apache/commons/commons-exec/1.3/commons-exec-1.3.jar:/Users/vaida/.m2/repository/com/google/guava/guava/25.0-jre/guava-25.0-jre.jar:/Users/vaida/.m2/repository/com/google/code/findbugs/jsr305/1.3.9/jsr305-1.3.9.jar:/Users/vaida/.m2/repository/org/checkerframework/checker-compat-qual/2.0.0/checker-compat-qual-2.0.0.jar:/Users/vaida/.m2/repository/com/google/errorprone/error_prone_annotations/2.1.3/error_prone_annotations-2.1.3.jar:/Users/vaida/.m2/repository/com/google/j2objc/j2objc-annotations/1.1/j2objc-annotations-1.1.jar:/Users/vaida/.m2/repository/org/codehaus/mojo/animal-sniffer-annotations/1.14/animal-sniffer-annotations-1.14.jar:/Users/vaida/.m2/repository/com/squareup/okhttp3/okhttp/3.11.0/okhttp-3.11.0.jar:/Users/vaida/.m2/repository/com/squareup/okio/okio/1.14.0/okio-1.14.0.jar:/Users/vaida/.m2/repository/org/junit/jupiter/junit-jupiter-params/5.9.2/junit-jupiter-params-5.9.2.jar:/Users/vaida/.m2/repository/org/junit/jupiter/junit-jupiter-api/5.9.2/junit-jupiter-api-5.9.2.jar:/Users/vaida/.m2/repository/org/opentest4j/opentest4j/1.2.0/opentest4j-1.2.0.jar:/Users/vaida/.m2/repository/org/junit/platform/junit-platform-commons/1.9.2/junit-platform-commons-1.9.2.jar:/Users/vaida/.m2/repository/org/junit/platform/junit-platform-reporting/1.9.1/junit-platform-reporting-1.9.1.jar:/Users/vaida/.m2/repository/org/junit/platform/junit-platform-launcher/1.9.1/junit-platform-launcher-1.9.1.jar:/Users/vaida/.m2/repository/org/junit/platform/junit-platform-engine/1.9.1/junit-platform-engine-1.9.1.jar:"/>
    <property name="java.vm.vendor" value="Oracle Corporation"/>
    <property name="sun.arch.data.model" value="64"/>
    <property name="java.vendor.url" value="https://java.oracle.com/"/>
    <property name="os.name" value="Mac OS X"/>
    <property name="java.vm.specification.version" value="17"/>
    <property name="sun.java.launcher" value="SUN_STANDARD"/>
    <property name="user.country" value="LT"/>
    <property name="sun.boot.library.path" value="/Library/Java/JavaVirtualMachines/jdk-17.0.3.1.jdk/Contents/Home/lib"/>
    <property name="sun.java.command" value="/Users/vaida/edON/ios_mobile/ios/cucumberMydemoApp/target/surefire/surefirebooter-20231212145138054_3.jar /Users/vaida/edON/ios_mobile/ios/cucumberMydemoApp/target/surefire 2023-12-12T14-51-38_007-jvmRun1 surefire-20231212145138054_1tmp surefire_0-20231212145138054_2tmp"/>
    <property name="http.nonProxyHosts" value="local|*.local|169.254/16|*.169.254/16"/>
    <property name="jdk.debug" value="release"/>
    <property name="surefire.test.class.path" value="/Users/vaida/edON/ios_mobile/ios/cucumberMydemoApp/target/test-classes:/Users/vaida/edON/ios_mobile/ios/cucumberMydemoApp/target/classes:/Users/vaida/.m2/repository/io/appium/java-client/9.0.0/java-client-9.0.0.jar:/Users/vaida/.m2/repository/org/seleniumhq/selenium/selenium-api/4.16.1/selenium-api-4.16.1.jar:/Users/vaida/.m2/repository/org/seleniumhq/selenium/selenium-remote-driver/4.16.1/selenium-remote-driver-4.16.1.jar:/Users/vaida/.m2/repository/com/google/auto/service/auto-service-annotations/1.1.1/auto-service-annotations-1.1.1.jar:/Users/vaida/.m2/repository/io/opentelemetry/opentelemetry-api/1.28.0/opentelemetry-api-1.28.0.jar:/Users/vaida/.m2/repository/io/opentelemetry/opentelemetry-context/1.28.0/opentelemetry-context-1.28.0.jar:/Users/vaida/.m2/repository/io/opentelemetry/opentelemetry-exporter-logging/1.28.0/opentelemetry-exporter-logging-1.28.0.jar:/Users/vaida/.m2/repository/io/opentelemetry/opentelemetry-sdk-metrics/1.28.0/opentelemetry-sdk-metrics-1.28.0.jar:/Users/vaida/.m2/repository/io/opentelemetry/opentelemetry-extension-incubator/1.28.0-alpha/opentelemetry-extension-incubator-1.28.0-alpha.jar:/Users/vaida/.m2/repository/io/opentelemetry/opentelemetry-sdk-logs/1.28.0/opentelemetry-sdk-logs-1.28.0.jar:/Users/vaida/.m2/repository/io/opentelemetry/opentelemetry-sdk-common/1.28.0/opentelemetry-sdk-common-1.28.0.jar:/Users/vaida/.m2/repository/io/opentelemetry/opentelemetry-sdk-extension-autoconfigure-spi/1.28.0/opentelemetry-sdk-extension-autoconfigure-spi-1.28.0.jar:/Users/vaida/.m2/repository/io/opentelemetry/opentelemetry-sdk-extension-autoconfigure/1.28.0/opentelemetry-sdk-extension-autoconfigure-1.28.0.jar:/Users/vaida/.m2/repository/io/opentelemetry/opentelemetry-api-events/1.28.0-alpha/opentelemetry-api-events-1.28.0-alpha.jar:/Users/vaida/.m2/repository/io/opentelemetry/opentelemetry-sdk-trace/1.28.0/opentelemetry-sdk-trace-1.28.0.jar:/Users/vaida/.m2/repository/io/opentelemetry/opentelemetry-sdk/1.28.0/opentelemetry-sdk-1.28.0.jar:/Users/vaida/.m2/repository/io/opentelemetry/opentelemetry-semconv/1.28.0-alpha/opentelemetry-semconv-1.28.0-alpha.jar:/Users/vaida/.m2/repository/org/seleniumhq/selenium/selenium-http/4.16.1/selenium-http-4.16.1.jar:/Users/vaida/.m2/repository/dev/failsafe/failsafe/3.3.2/failsafe-3.3.2.jar:/Users/vaida/.m2/repository/org/seleniumhq/selenium/selenium-json/4.16.1/selenium-json-4.16.1.jar:/Users/vaida/.m2/repository/org/seleniumhq/selenium/selenium-manager/4.16.1/selenium-manager-4.16.1.jar:/Users/vaida/.m2/repository/org/seleniumhq/selenium/selenium-os/4.16.1/selenium-os-4.16.1.jar:/Users/vaida/.m2/repository/org/seleniumhq/selenium/selenium-support/4.16.1/selenium-support-4.16.1.jar:/Users/vaida/.m2/repository/com/google/code/gson/gson/2.10.1/gson-2.10.1.jar:/Users/vaida/.m2/repository/org/slf4j/slf4j-api/2.0.9/slf4j-api-2.0.9.jar:/Users/vaida/.m2/repository/io/cucumber/cucumber-java/7.13.0/cucumber-java-7.13.0.jar:/Users/vaida/.m2/repository/org/apiguardian/apiguardian-api/1.1.2/apiguardian-api-1.1.2.jar:/Users/vaida/.m2/repository/io/cucumber/cucumber-junit/7.13.0/cucumber-junit-7.13.0.jar:/Users/vaida/.m2/repository/junit/junit/4.13.2/junit-4.13.2.jar:/Users/vaida/.m2/repository/org/hamcrest/hamcrest-core/1.3/hamcrest-core-1.3.jar:/Users/vaida/.m2/repository/io/cucumber/cucumber-core/7.13.0/cucumber-core-7.13.0.jar:/Users/vaida/.m2/repository/io/cucumber/cucumber-gherkin/7.13.0/cucumber-gherkin-7.13.0.jar:/Users/vaida/.m2/repository/io/cucumber/cucumber-gherkin-messages/7.13.0/cucumber-gherkin-messages-7.13.0.jar:/Users/vaida/.m2/repository/io/cucumber/messages/22.0.0/messages-22.0.0.jar:/Users/vaida/.m2/repository/io/cucumber/tag-expressions/5.0.1/tag-expressions-5.0.1.jar:/Users/vaida/.m2/repository/io/cucumber/cucumber-expressions/16.1.2/cucumber-expressions-16.1.2.jar:/Users/vaida/.m2/repository/io/cucumber/datatable/7.13.0/datatable-7.13.0.jar:/Users/vaida/.m2/repository/io/cucumber/cucumber-plugin/7.13.0/cucumber-plugin-7.13.0.jar:/Users/vaida/.m2/repository/io/cucumber/docstring/7.13.0/docstring-7.13.0.jar:/Users/vaida/.m2/repository/io/cucumber/html-formatter/20.3.1/html-formatter-20.3.1.jar:/Users/vaida/.m2/repository/io/cucumber/junit-xml-formatter/0.2.0/junit-xml-formatter-0.2.0.jar:/Users/vaida/.m2/repository/io/cucumber/ci-environment/9.2.0/ci-environment-9.2.0.jar:/Users/vaida/.m2/repository/io/cucumber/gherkin/26.2.0/gherkin-26.2.0.jar:/Users/vaida/.m2/repository/org/seleniumhq/selenium/selenium-java/3.141.59/selenium-java-3.141.59.jar:/Users/vaida/.m2/repository/org/seleniumhq/selenium/selenium-chrome-driver/3.141.59/selenium-chrome-driver-3.141.59.jar:/Users/vaida/.m2/repository/org/seleniumhq/selenium/selenium-edge-driver/3.141.59/selenium-edge-driver-3.141.59.jar:/Users/vaida/.m2/repository/org/seleniumhq/selenium/selenium-firefox-driver/3.141.59/selenium-firefox-driver-3.141.59.jar:/Users/vaida/.m2/repository/org/seleniumhq/selenium/selenium-ie-driver/3.141.59/selenium-ie-driver-3.141.59.jar:/Users/vaida/.m2/repository/org/seleniumhq/selenium/selenium-opera-driver/3.141.59/selenium-opera-driver-3.141.59.jar:/Users/vaida/.m2/repository/org/seleniumhq/selenium/selenium-safari-driver/3.141.59/selenium-safari-driver-3.141.59.jar:/Users/vaida/.m2/repository/net/bytebuddy/byte-buddy/1.8.15/byte-buddy-1.8.15.jar:/Users/vaida/.m2/repository/org/apache/commons/commons-exec/1.3/commons-exec-1.3.jar:/Users/vaida/.m2/repository/com/google/guava/guava/25.0-jre/guava-25.0-jre.jar:/Users/vaida/.m2/repository/com/google/code/findbugs/jsr305/1.3.9/jsr305-1.3.9.jar:/Users/vaida/.m2/repository/org/checkerframework/checker-compat-qual/2.0.0/checker-compat-qual-2.0.0.jar:/Users/vaida/.m2/repository/com/google/errorprone/error_prone_annotations/2.1.3/error_prone_annotations-2.1.3.jar:/Users/vaida/.m2/repository/com/google/j2objc/j2objc-annotations/1.1/j2objc-annotations-1.1.jar:/Users/vaida/.m2/repository/org/codehaus/mojo/animal-sniffer-annotations/1.14/animal-sniffer-annotations-1.14.jar:/Users/vaida/.m2/repository/com/squareup/okhttp3/okhttp/3.11.0/okhttp-3.11.0.jar:/Users/vaida/.m2/repository/com/squareup/okio/okio/1.14.0/okio-1.14.0.jar:/Users/vaida/.m2/repository/org/junit/jupiter/junit-jupiter-params/5.9.2/junit-jupiter-params-5.9.2.jar:/Users/vaida/.m2/repository/org/junit/jupiter/junit-jupiter-api/5.9.2/junit-jupiter-api-5.9.2.jar:/Users/vaida/.m2/repository/org/opentest4j/opentest4j/1.2.0/opentest4j-1.2.0.jar:/Users/vaida/.m2/repository/org/junit/platform/junit-platform-commons/1.9.2/junit-platform-commons-1.9.2.jar:/Users/vaida/.m2/repository/org/junit/platform/junit-platform-reporting/1.9.1/junit-platform-reporting-1.9.1.jar:/Users/vaida/.m2/repository/org/junit/platform/junit-platform-launcher/1.9.1/junit-platform-launcher-1.9.1.jar:/Users/vaida/.m2/repository/org/junit/platform/junit-platform-engine/1.9.1/junit-platform-engine-1.9.1.jar:"/>
    <property name="sun.cpu.endian" value="little"/>
    <property name="user.home" value="/Users/vaida"/>
    <property name="user.language" value="en"/>
    <property name="java.specification.vendor" value="Oracle Corporation"/>
    <property name="java.version.date" value="2022-04-22"/>
    <property name="java.home" value="/Library/Java/JavaVirtualMachines/jdk-17.0.3.1.jdk/Contents/Home"/>
    <property name="file.separator" value="/"/>
    <property name="basedir" value="/Users/vaida/edON/ios_mobile/ios/cucumberMydemoApp"/>
    <property name="java.vm.compressedOopsMode" value="Zero based"/>
    <property name="line.separator" value="&#10;"/>
    <property name="java.specification.name" value="Java Platform API Specification"/>
    <property name="java.vm.specification.vendor" value="Oracle Corporation"/>
    <property name="surefire.real.class.path" value="/Users/vaida/edON/ios_mobile/ios/cucumberMydemoApp/target/surefire/surefirebooter-20231212145138054_3.jar"/>
    <property name="sun.management.compiler" value="HotSpot 64-Bit Tiered Compilers"/>
    <property name="ftp.nonProxyHosts" value="local|*.local|169.254/16|*.169.254/16"/>
    <property name="java.runtime.version" value="17.0.3.1+2-LTS-6"/>
    <property name="user.name" value="vaida"/>
    <property name="path.separator" value=":"/>
    <property name="os.version" value="14.1"/>
    <property name="java.runtime.name" value="Java(TM) SE Runtime Environment"/>
    <property name="file.encoding" value="UTF-8"/>
    <property name="java.vm.name" value="Java HotSpot(TM) 64-Bit Server VM"/>
    <property name="localRepository" value="/Users/vaida/.m2/repository"/>
    <property name="java.vendor.url.bug" value="https://bugreport.java.com/bugreport/"/>
    <property name="java.io.tmpdir" value="/var/folders/45/6y_3c6ys557_z9kkjnj6pj7c0000gn/T/"/>
    <property name="java.version" value="17.0.3.1"/>
    <property name="user.dir" value="/Users/vaida/edON/ios_mobile/ios/cucumberMydemoApp"/>
    <property name="os.arch" value="aarch64"/>
    <property name="java.vm.specification.name" value="Java Virtual Machine Specification"/>
    <property name="native.encoding" value="UTF-8"/>
    <property name="java.library.path" value="/Users/vaida/Library/Java/Extensions:/Library/Java/Extensions:/Network/Library/Java/Extensions:/System/Library/Java/Extensions:/usr/lib/java:."/>
    <property name="java.vm.info" value="mixed mode, sharing"/>
    <property name="java.vendor" value="Oracle Corporation"/>
    <property name="java.vm.version" value="17.0.3.1+2-LTS-6"/>
    <property name="sun.io.unicode.encoding" value="UnicodeBig"/>
    <property name="socksNonProxyHosts" value="local|*.local|169.254/16|*.169.254/16"/>
    <property name="java.class.version" value="61.0"/>
  </properties>
  <testcase name="User sorts products by name #1" classname="Products page functionality" time="11.229">
    <system-out><![CDATA[Starting Appium service...
&amp#27;[35m[Appium]&amp#27;[39m Welcome to Appium v2.2.3 (REV 32ff40f688a49e02428eb3f20232aac69ffeeea0)
&amp#27;[35m[Appium]&amp#27;[39m Non-default server args:
&amp#27;[35m[Appium]&amp#27;[39m { address: &amp#27;[32m'127.0.0.1'&amp#27;[39m, port: &amp#27;[33m4728&amp#27;[39m }
&amp#27;[35m[Appium]&amp#27;[39m Attempting to load driver uiautomator2...
&amp#27;[35m[Appium]&amp#27;[39m Requiring driver at /Users/vaida/.appium/node_modules/appium-uiautomator2-driver
&amp#27;[35m[Appium]&amp#27;[39m Appium REST http interface listener started on http://127.0.0.1:4728
&amp#27;[35m[Appium]&amp#27;[39m Available drivers:
&amp#27;[35m[Appium]&amp#27;[39m   - uiautomator2@2.4.0 (automationName 'UiAutomator2')
&amp#27;[35m[Appium]&amp#27;[39m No plugins have been installed. Use the "appium plugin" command to install the one(s) you want to use.
&amp#27;[38;5;0m[HTTP]&amp#27;[0m &amp#27;[37m-->&amp#27;[39m &amp#27;[37mGET&amp#27;[39m &amp#27;[37m/status&amp#27;[39m
&amp#27;[38;5;0m[HTTP]&amp#27;[0m &amp#27;[90m{}&amp#27;[39m
&amp#27;[38;5;16m[AppiumDriver@fa87]&amp#27;[0m Calling AppiumDriver.getStatus() with args: []
&amp#27;[38;5;16m[AppiumDriver@fa87]&amp#27;[0m Responding to client with driver.getStatus() result: {"ready":true,"message":"The server is ready to accept new connections","build":{"version":"2.2.3","git-sha":"32ff40f688a49e02428eb3f20232aac69ffeeea0","built":"2023-07-05 01:57:43 +0100"}}
&amp#27;[38;5;0m[HTTP]&amp#27;[0m &amp#27;[37m<-- GET /status &amp#27;[39m&amp#27;[32m200&amp#27;[39m &amp#27;[90m2 ms - 199&amp#27;[39m
&amp#27;[38;5;0m[HTTP]&amp#27;[0m &amp#27;[90m&amp#27;[39m
Appium service started successfully.
Initializing Appium driver...
&amp#27;[38;5;0m[HTTP]&amp#27;[0m Request idempotency key: 42a3a1ca-c17e-44a3-a0f2-68a3244a3606
&amp#27;[38;5;0m[HTTP]&amp#27;[0m &amp#27;[37m-->&amp#27;[39m &amp#27;[37mPOST&amp#27;[39m &amp#27;[37m/session&amp#27;[39m
&amp#27;[38;5;0m[HTTP]&amp#27;[0m &amp#27;[90m{"capabilities":{"firstMatch":[{}],"alwaysMatch":{"appium:app":"/Users/vaida/edON/appium/Android-MyDemoAppRN.1.3.0.build-244.apk","appium:automationName":"UiAutomator2","appium:avdLaunchTimeout":5000,"appium:avdReadyTimeout":5000,"appium:eventTimings":true,"appium:platformVersion":"12.0","appium:udid":"emulator-5554","platformName":"ANDROID"}}}&amp#27;[39m
&amp#27;[38;5;16m[AppiumDriver@fa87]&amp#27;[0m Calling AppiumDriver.createSession() with args: [null,null,{"firstMatch":[{}],"alwaysMatch":{"appium:app":"/Users/vaida/edON/appium/Android-MyDemoAppRN.1.3.0.build-244.apk","appium:automationName":"UiAutomator2","appium:avdLaunchTimeout":5000,"appium:avdReadyTimeout":5000,"appium:eventTimings":true,"appium:platformVersion":"12.0","appium:udid":"emulator-5554","platformName":"ANDROID"}}]
&amp#27;[38;5;16m[AppiumDriver@fa87]&amp#27;[0m Event 'newSessionRequested' logged at 1702385500956 (14:51:40 GMT+0200 (Eastern European Standard Time))
&amp#27;[35m[Appium]&amp#27;[39m Attempting to find matching driver for automationName 'UiAutomator2' and platformName 'ANDROID'
&amp#27;[35m[Appium]&amp#27;[39m The 'uiautomator2' driver was installed and matched caps.
&amp#27;[35m[Appium]&amp#27;[39m Will require it at /Users/vaida/.appium/node_modules/appium-uiautomator2-driver
&amp#27;[35m[Appium]&amp#27;[39m Requiring driver at /Users/vaida/.appium/node_modules/appium-uiautomator2-driver
&amp#27;[38;5;16m[AppiumDriver@fa87]&amp#27;[0m Appium v2.2.3 creating new AndroidUiautomator2Driver (v2.4.0) session
&amp#27;[38;5;16m[AppiumDriver@fa87]&amp#27;[0m Checking BaseDriver versions for Appium and AndroidUiautomator2Driver
&amp#27;[38;5;16m[AppiumDriver@fa87]&amp#27;[0m Appium's BaseDriver version is 9.4.3
&amp#27;[38;5;16m[AppiumDriver@fa87]&amp#27;[0m AndroidUiautomator2Driver's BaseDriver version is 8.5.7
&amp#27;[38;5;32m[AndroidUiautomator2Driver@fd3a]&amp#27;[0m Creating session with W3C capabilities: {
&amp#27;[38;5;32m[AndroidUiautomator2Driver@fd3a]&amp#27;[0m   "alwaysMatch": {
&amp#27;[38;5;32m[AndroidUiautomator2Driver@fd3a]&amp#27;[0m     "platformName": "ANDROID",
&amp#27;[38;5;32m[AndroidUiautomator2Driver@fd3a]&amp#27;[0m     "appium:app": "/Users/vaida/edON/appium/Android-MyDemoAppRN.1.3.0.build-244.apk",
&amp#27;[38;5;32m[AndroidUiautomator2Driver@fd3a]&amp#27;[0m     "appium:automationName": "UiAutomator2",
&amp#27;[38;5;32m[AndroidUiautomator2Driver@fd3a]&amp#27;[0m     "appium:avdLaunchTimeout": 5000,
&amp#27;[38;5;32m[AndroidUiautomator2Driver@fd3a]&amp#27;[0m     "appium:avdReadyTimeout": 5000,
&amp#27;[38;5;32m[AndroidUiautomator2Driver@fd3a]&amp#27;[0m     "appium:eventTimings": true,
&amp#27;[38;5;32m[AndroidUiautomator2Driver@fd3a]&amp#27;[0m     "appium:platformVersion": "12.0",
&amp#27;[38;5;32m[AndroidUiautomator2Driver@fd3a]&amp#27;[0m     "appium:udid": "emulator-5554"
&amp#27;[38;5;32m[AndroidUiautomator2Driver@fd3a]&amp#27;[0m   },
&amp#27;[38;5;32m[AndroidUiautomator2Driver@fd3a]&amp#27;[0m   "firstMatch": [
&amp#27;[38;5;32m[AndroidUiautomator2Driver@fd3a]&amp#27;[0m     {}
&amp#27;[38;5;32m[AndroidUiautomator2Driver@fd3a]&amp#27;[0m   ]
&amp#27;[38;5;32m[AndroidUiautomator2Driver@fd3a]&amp#27;[0m }
&amp#27;[38;5;32m[AndroidUiautomator2Driver@fd3a (94a71ed1)]&amp#27;[0m Session created with session id: 94a71ed1-12c4-45d9-8bdd-4f2aa405f777
&amp#27;[38;5;48m[BaseDriver]&amp#27;[0m Using local app '/Users/vaida/edON/appium/Android-MyDemoAppRN.1.3.0.build-244.apk'
&amp#27;[38;5;32m[AndroidUiautomator2Driver@fd3a (94a71ed1)]&amp#27;[0m Checking whether app is actually present
&amp#27;[38;5;64m[ADB]&amp#27;[0m Found 2 'build-tools' folders under '/Users/vaida/Library/Android/sdk' (newest first):
&amp#27;[38;5;64m[ADB]&amp#27;[0m     /Users/vaida/Library/Android/sdk/build-tools/31.0.0
&amp#27;[38;5;64m[ADB]&amp#27;[0m     /Users/vaida/Library/Android/sdk/build-tools/30.0.3
&amp#27;[38;5;64m[ADB]&amp#27;[0m Using 'adb' from '/Users/vaida/Library/Android/sdk/platform-tools/adb'
&amp#27;[38;5;64m[ADB]&amp#27;[0m Running '/Users/vaida/Library/Android/sdk/platform-tools/adb -P 5037 start-server'
&amp#27;[38;5;80m[AndroidDriver]&amp#27;[0m Retrieving device list
&amp#27;[38;5;64m[ADB]&amp#27;[0m Trying to find a connected android device
&amp#27;[38;5;64m[ADB]&amp#27;[0m Getting connected devices
&amp#27;[38;5;64m[ADB]&amp#27;[0m Connected devices: [{"udid":"emulator-5554","state":"device"}]
&amp#27;[38;5;80m[AndroidDriver]&amp#27;[0m Using device: emulator-5554
&amp#27;[38;5;64m[ADB]&amp#27;[0m Using 'adb' from '/Users/vaida/Library/Android/sdk/platform-tools/adb'
&amp#27;[38;5;64m[ADB]&amp#27;[0m Running '/Users/vaida/Library/Android/sdk/platform-tools/adb -P 5037 start-server'
&amp#27;[38;5;64m[ADB]&amp#27;[0m Setting device id to emulator-5554
&amp#27;[38;5;64m[ADB]&amp#27;[0m Running '/Users/vaida/Library/Android/sdk/platform-tools/adb -P 5037 -s emulator-5554 shell getprop ro.build.version.sdk'
&amp#27;[38;5;64m[ADB]&amp#27;[0m Current device property 'ro.build.version.sdk': 31
&amp#27;[38;5;64m[ADB]&amp#27;[0m Getting device platform version
&amp#27;[38;5;64m[ADB]&amp#27;[0m Running '/Users/vaida/Library/Android/sdk/platform-tools/adb -P 5037 -s emulator-5554 shell getprop ro.build.version.release'
&amp#27;[38;5;64m[ADB]&amp#27;[0m Current device property 'ro.build.version.release': 12
&amp#27;[38;5;64m[ADB]&amp#27;[0m Device API level: 31
&amp#27;[38;5;32m[AndroidUiautomator2Driver@fd3a (94a71ed1)]&amp#27;[0m Relaxing hidden api policy
&amp#27;[38;5;64m[ADB]&amp#27;[0m Running '/Users/vaida/Library/Android/sdk/platform-tools/adb -P 5037 -s emulator-5554 shell 'settings put global hidden_api_policy_pre_p_apps 1;settings put global hidden_api_policy_p_apps 1;settings put global hidden_api_policy 1''
&amp#27;[38;5;80m[AndroidDriver]&amp#27;[0m Parsing package and activity from app manifest
&amp#27;[38;5;64m[ADB]&amp#27;[0m Package name: 'com.saucelabs.mydemoapp.rn'
&amp#27;[38;5;64m[ADB]&amp#27;[0m Main activity name: 'com.saucelabs.mydemoapp.rn.MainActivity'
&amp#27;[38;5;80m[AndroidDriver]&amp#27;[0m Parsed package and activity are: com.saucelabs.mydemoapp.rn/com.saucelabs.mydemoapp.rn.MainActivity
&amp#27;[38;5;64m[ADB]&amp#27;[0m Running '/Users/vaida/Library/Android/sdk/platform-tools/adb -P 5037 -s emulator-5554 wait-for-device'
&amp#27;[38;5;64m[ADB]&amp#27;[0m Running '/Users/vaida/Library/Android/sdk/platform-tools/adb -P 5037 -s emulator-5554 shell echo ping'
&amp#27;[38;5;80m[AndroidDriver]&amp#27;[0m Pushing settings apk to device...
&amp#27;[38;5;64m[ADB]&amp#27;[0m Getting install status for io.appium.settings
&amp#27;[38;5;64m[ADB]&amp#27;[0m Running '/Users/vaida/Library/Android/sdk/platform-tools/adb -P 5037 -s emulator-5554 shell dumpsys package io.appium.settings'
&amp#27;[38;5;64m[ADB]&amp#27;[0m 'io.appium.settings' is installed
&amp#27;[38;5;64m[ADB]&amp#27;[0m Getting package info for 'io.appium.settings'
&amp#27;[38;5;64m[ADB]&amp#27;[0m Running '/Users/vaida/Library/Android/sdk/platform-tools/adb -P 5037 -s emulator-5554 shell dumpsys package io.appium.settings'
&amp#27;[38;5;64m[ADB]&amp#27;[0m The version name of the installed 'io.appium.settings' is greater or equal to the application version name ('4.1.1' >= '4.1.1')
&amp#27;[38;5;64m[ADB]&amp#27;[0m There is no need to install/upgrade '/Users/vaida/.appium/node_modules/appium-uiautomator2-driver/node_modules/io.appium.settings/apks/settings_apk-debug.apk'
&amp#27;[38;5;64m[ADB]&amp#27;[0m Getting IDs of all 'io.appium.settings' processes
&amp#27;[38;5;64m[ADB]&amp#27;[0m Running '/Users/vaida/Library/Android/sdk/platform-tools/adb -P 5037 -s emulator-5554 shell 'pgrep --help; echo $?''
&amp#27;[38;5;64m[ADB]&amp#27;[0m Running '/Users/vaida/Library/Android/sdk/platform-tools/adb -P 5037 -s emulator-5554 shell pgrep -f \(\[\[:blank:\]\]\|\^\)io\.appium\.settings\(\[\[:blank:\]\]\|\$\)'
&amp#27;[38;5;80m[AndroidDriver]&amp#27;[0m io.appium.settings is already running. There is no need to reset its permissions.
&amp#27;[38;5;96m[Logcat]&amp#27;[0m Starting logs capture with command: /Users/vaida/Library/Android/sdk/platform-tools/adb -P 5037 -s emulator-5554 logcat -v threadtime
&amp#27;[38;5;32m[AndroidUiautomator2Driver@fd3a (94a71ed1)]&amp#27;[0m Forwarding UiAutomator2 Server port 6790 to local port 8200
&amp#27;[38;5;64m[ADB]&amp#27;[0m Forwarding system: 8200 to device: 6790
&amp#27;[38;5;64m[ADB]&amp#27;[0m Running '/Users/vaida/Library/Android/sdk/platform-tools/adb -P 5037 -s emulator-5554 forward tcp:8200 tcp:6790'
&amp#27;[38;5;64m[ADB]&amp#27;[0m Getting install status for io.appium.uiautomator2.server
&amp#27;[38;5;64m[ADB]&amp#27;[0m Running '/Users/vaida/Library/Android/sdk/platform-tools/adb -P 5037 -s emulator-5554 shell dumpsys package io.appium.uiautomator2.server'
&amp#27;[38;5;64m[ADB]&amp#27;[0m 'io.appium.uiautomator2.server' is installed
&amp#27;[38;5;64m[ADB]&amp#27;[0m Getting package info for 'io.appium.uiautomator2.server'
&amp#27;[38;5;64m[ADB]&amp#27;[0m Running '/Users/vaida/Library/Android/sdk/platform-tools/adb -P 5037 -s emulator-5554 shell dumpsys package io.appium.uiautomator2.server'
&amp#27;[38;5;64m[ADB]&amp#27;[0m The version name of the installed 'io.appium.uiautomator2.server' is greater or equal to the application version name ('5.6.2' >= '5.6.2')
&amp#27;[38;5;32m[AndroidUiautomator2Driver@fd3a (94a71ed1)]&amp#27;[0m io.appium.uiautomator2.server installation state: sameVersionInstalled
&amp#27;[38;5;64m[ADB]&amp#27;[0m Checking app cert for /Users/vaida/.appium/node_modules/appium-uiautomator2-driver/node_modules/appium-uiautomator2-server/apks/appium-uiautomator2-server-v5.6.2.apk
&amp#27;[38;5;64m[ADB]&amp#27;[0m Using 'apksigner.jar' from '/Users/vaida/Library/Android/sdk/build-tools/31.0.0/lib/apksigner.jar'
&amp#27;[38;5;64m[ADB]&amp#27;[0m Starting apksigner: /Library/Java/JavaVirtualMachines/jdk-17.0.3.1.jdk/Contents/Home/bin/java -Xmx1024M -Xss1m -jar /Users/vaida/Library/Android/sdk/build-tools/31.0.0/lib/apksigner.jar verify --print-certs /Users/vaida/.appium/node_modules/appium-uiautomator2-driver/node_modules/appium-uiautomator2-server/apks/appium-uiautomator2-server-v5.6.2.apk
&amp#27;[38;5;64m[ADB]&amp#27;[0m apksigner stdout: Signer #1 certificate DN: EMAILADDRESS=android@android.com, CN=Android, OU=Android, O=Android, L=Mountain View, ST=California, C=US
&amp#27;[38;5;64m[ADB]&amp#27;[0m Signer #1 certificate SHA-256 digest: a40da80a59d170caa950cf15c18c454d47a39b26989d8b640ecd745ba71bf5dc
&amp#27;[38;5;64m[ADB]&amp#27;[0m Signer #1 certificate SHA-1 digest: 61ed377e85d386a8dfee6b864bd85b0bfaa5af81
&amp#27;[38;5;64m[ADB]&amp#27;[0m Signer #1 certificate MD5 digest: e89b158e4bcf988ebd09eb83f5378e87
&amp#27;[38;5;64m[ADB]&amp#27;[0m 
&amp#27;[38;5;64m[ADB]&amp#27;[0m sha256 hash did match for 'appium-uiautomator2-server-v5.6.2.apk'
&amp#27;[38;5;64m[ADB]&amp#27;[0m '/Users/vaida/.appium/node_modules/appium-uiautomator2-driver/node_modules/appium-uiautomator2-server/apks/appium-uiautomator2-server-v5.6.2.apk' is signed with the default certificate
&amp#27;[38;5;64m[ADB]&amp#27;[0m Getting install status for io.appium.uiautomator2.server.test
&amp#27;[38;5;64m[ADB]&amp#27;[0m Running '/Users/vaida/Library/Android/sdk/platform-tools/adb -P 5037 -s emulator-5554 shell dumpsys package io.appium.uiautomator2.server.test'
&amp#27;[38;5;64m[ADB]&amp#27;[0m 'io.appium.uiautomator2.server.test' is installed
&amp#27;[38;5;64m[ADB]&amp#27;[0m Checking app cert for /Users/vaida/.appium/node_modules/appium-uiautomator2-driver/node_modules/appium-uiautomator2-server/apks/appium-uiautomator2-server-debug-androidTest.apk
&amp#27;[38;5;64m[ADB]&amp#27;[0m Starting apksigner: /Library/Java/JavaVirtualMachines/jdk-17.0.3.1.jdk/Contents/Home/bin/java -Xmx1024M -Xss1m -jar /Users/vaida/Library/Android/sdk/build-tools/31.0.0/lib/apksigner.jar verify --print-certs /Users/vaida/.appium/node_modules/appium-uiautomator2-driver/node_modules/appium-uiautomator2-server/apks/appium-uiautomator2-server-debug-androidTest.apk
&amp#27;[38;5;64m[ADB]&amp#27;[0m apksigner stdout: Signer #1 certificate DN: EMAILADDRESS=android@android.com, CN=Android, OU=Android, O=Android, L=Mountain View, ST=California, C=US
&amp#27;[38;5;64m[ADB]&amp#27;[0m Signer #1 certificate SHA-256 digest: a40da80a59d170caa950cf15c18c454d47a39b26989d8b640ecd745ba71bf5dc
&amp#27;[38;5;64m[ADB]&amp#27;[0m Signer #1 certificate SHA-1 digest: 61ed377e85d386a8dfee6b864bd85b0bfaa5af81
&amp#27;[38;5;64m[ADB]&amp#27;[0m Signer #1 certificate MD5 digest: e89b158e4bcf988ebd09eb83f5378e87
&amp#27;[38;5;64m[ADB]&amp#27;[0m 
&amp#27;[38;5;64m[ADB]&amp#27;[0m sha256 hash did match for 'appium-uiautomator2-server-debug-androidTest.apk'
&amp#27;[38;5;64m[ADB]&amp#27;[0m '/Users/vaida/.appium/node_modules/appium-uiautomator2-driver/node_modules/appium-uiautomator2-server/apks/appium-uiautomator2-server-debug-androidTest.apk' is signed with the default certificate
&amp#27;[38;5;32m[AndroidUiautomator2Driver@fd3a (94a71ed1)]&amp#27;[0m Server packages are not going to be (re)installed
&amp#27;[38;5;32m[AndroidUiautomator2Driver@fd3a (94a71ed1)]&amp#27;[0m Waiting up to 30000ms for services to be available
&amp#27;[38;5;64m[ADB]&amp#27;[0m Running '/Users/vaida/Library/Android/sdk/platform-tools/adb -P 5037 -s emulator-5554 shell pm list instrumentation'
&amp#27;[38;5;32m[AndroidUiautomator2Driver@fd3a (94a71ed1)]&amp#27;[0m Instrumentation target 'io.appium.uiautomator2.server.test/androidx.test.runner.AndroidJUnitRunner' is available
&amp#27;[38;5;64m[ADB]&amp#27;[0m Adding packages ["io.appium.settings","io.appium.uiautomator2.server","io.appium.uiautomator2.server.test"] to Doze whitelist
&amp#27;[38;5;64m[ADB]&amp#27;[0m Got the following command chunks to execute: [["dumpsys","deviceidle","whitelist","+io.appium.settings",";","dumpsys","deviceidle","whitelist","+io.appium.uiautomator2.server",";","dumpsys","deviceidle","whitelist","+io.appium.uiautomator2.server.test",";"]]
&amp#27;[38;5;64m[ADB]&amp#27;[0m Running '/Users/vaida/Library/Android/sdk/platform-tools/adb -P 5037 -s emulator-5554 shell dumpsys deviceidle whitelist +io.appium.settings ; dumpsys deviceidle whitelist +io.appium.uiautomator2.server ; dumpsys deviceidle whitelist +io.appium.uiautomator2.server.test ;'
&amp#27;[38;5;64m[ADB]&amp#27;[0m Checking app cert for /Users/vaida/edON/appium/Android-MyDemoAppRN.1.3.0.build-244.apk
&amp#27;[38;5;64m[ADB]&amp#27;[0m Starting apksigner: /Library/Java/JavaVirtualMachines/jdk-17.0.3.1.jdk/Contents/Home/bin/java -Xmx1024M -Xss1m -jar /Users/vaida/Library/Android/sdk/build-tools/31.0.0/lib/apksigner.jar verify --print-certs /Users/vaida/edON/appium/Android-MyDemoAppRN.1.3.0.build-244.apk
&amp#27;[38;5;64m[ADB]&amp#27;[0m apksigner stdout: Signer #1 certificate DN: CN=Android Debug, OU=Android, O=Unknown, L=Unknown, ST=Unknown, C=US
&amp#27;[38;5;64m[ADB]&amp#27;[0m Signer #1 certificate SHA-256 digest: fac61745dc0903786fb9ede62a962b399f7348f0bb6f899b8332667591033b9c
&amp#27;[38;5;64m[ADB]&amp#27;[0m Signer #1 certificate SHA-1 digest: 5e8f16062ea3cd2c4a0d547876baa6f38cabf625
&amp#27;[38;5;64m[ADB]&amp#27;[0m Signer #1 certificate MD5 digest: 20f46148b72d8e5e5ca23d37a4f41490
&amp#27;[38;5;64m[ADB]&amp#27;[0m 
&amp#27;[38;5;64m[ADB]&amp#27;[0m '/Users/vaida/edON/appium/Android-MyDemoAppRN.1.3.0.build-244.apk' is signed with a non-default certificate
&amp#27;[38;5;64m[ADB]&amp#27;[0m Getting install status for com.saucelabs.mydemoapp.rn
&amp#27;[38;5;64m[ADB]&amp#27;[0m Running '/Users/vaida/Library/Android/sdk/platform-tools/adb -P 5037 -s emulator-5554 shell dumpsys package com.saucelabs.mydemoapp.rn'
&amp#27;[38;5;64m[ADB]&amp#27;[0m 'com.saucelabs.mydemoapp.rn' is installed
&amp#27;[38;5;64m[ADB]&amp#27;[0m Getting package info for 'com.saucelabs.mydemoapp.rn'
&amp#27;[38;5;64m[ADB]&amp#27;[0m Running '/Users/vaida/Library/Android/sdk/platform-tools/adb -P 5037 -s emulator-5554 shell dumpsys package com.saucelabs.mydemoapp.rn'
&amp#27;[38;5;64m[ADB]&amp#27;[0m The version name of the installed 'com.saucelabs.mydemoapp.rn' is greater or equal to the application version name ('1.3.0' >= '1.3.0')
&amp#27;[38;5;64m[ADB]&amp#27;[0m There is no need to install/upgrade '/Users/vaida/edON/appium/Android-MyDemoAppRN.1.3.0.build-244.apk'
&amp#27;[38;5;80m[AndroidDriver]&amp#27;[0m Performing fast reset on 'com.saucelabs.mydemoapp.rn'
&amp#27;[38;5;64m[ADB]&amp#27;[0m Getting install status for com.saucelabs.mydemoapp.rn
&amp#27;[38;5;64m[ADB]&amp#27;[0m Running '/Users/vaida/Library/Android/sdk/platform-tools/adb -P 5037 -s emulator-5554 shell dumpsys package com.saucelabs.mydemoapp.rn'
&amp#27;[38;5;64m[ADB]&amp#27;[0m 'com.saucelabs.mydemoapp.rn' is installed
&amp#27;[38;5;64m[ADB]&amp#27;[0m Running '/Users/vaida/Library/Android/sdk/platform-tools/adb -P 5037 -s emulator-5554 shell am force-stop com.saucelabs.mydemoapp.rn'
&amp#27;[38;5;64m[ADB]&amp#27;[0m Running '/Users/vaida/Library/Android/sdk/platform-tools/adb -P 5037 -s emulator-5554 shell pm clear com.saucelabs.mydemoapp.rn'
&amp#27;[38;5;80m[AndroidDriver]&amp#27;[0m Performed fast reset on the installed 'com.saucelabs.mydemoapp.rn' application (stop and clear)
&amp#27;[38;5;32m[AndroidUiautomator2Driver@fd3a (94a71ed1)]&amp#27;[0m Performing shallow cleanup of automation leftovers
&amp#27;[38;5;32m[AndroidUiautomator2Driver@fd3a (94a71ed1)]&amp#27;[0m No obsolete sessions have been detected (socket hang up)
&amp#27;[38;5;64m[ADB]&amp#27;[0m Running '/Users/vaida/Library/Android/sdk/platform-tools/adb -P 5037 -s emulator-5554 shell am force-stop io.appium.uiautomator2.server.test'
&amp#27;[38;5;32m[AndroidUiautomator2Driver@fd3a (94a71ed1)]&amp#27;[0m Starting UIAutomator2 server 5.6.2
&amp#27;[38;5;32m[AndroidUiautomator2Driver@fd3a (94a71ed1)]&amp#27;[0m Using UIAutomator2 server from '/Users/vaida/.appium/node_modules/appium-uiautomator2-driver/node_modules/appium-uiautomator2-server/apks/appium-uiautomator2-server-v5.6.2.apk' and test from '/Users/vaida/.appium/node_modules/appium-uiautomator2-driver/node_modules/appium-uiautomator2-server/apks/appium-uiautomator2-server-debug-androidTest.apk'
&amp#27;[38;5;32m[AndroidUiautomator2Driver@fd3a (94a71ed1)]&amp#27;[0m Waiting up to 30000ms for UiAutomator2 to be online...
&amp#27;[38;5;64m[ADB]&amp#27;[0m Creating ADB subprocess with args: ["-P",5037,"-s","emulator-5554","shell","am","instrument","-w","-e","disableAnalytics",true,"io.appium.uiautomator2.server.test/androidx.test.runner.AndroidJUnitRunner"]
&amp#27;[38;5;32m[AndroidUiautomator2Driver@fd3a (94a71ed1)]&amp#27;[0m Matched '/status' to command name 'getStatus'
&amp#27;[38;5;32m[AndroidUiautomator2Driver@fd3a (94a71ed1)]&amp#27;[0m Proxying [GET /status] to [GET http://127.0.0.1:8200/status] with no body
&amp#27;[38;5;32m[AndroidUiautomator2Driver@fd3a (94a71ed1)]&amp#27;[0m socket hang up
&amp#27;[38;5;112m[Instrumentation]&amp#27;[0m io.appium.uiautomator2.server.test.AppiumUiAutomator2Server:
&amp#27;[38;5;32m[AndroidUiautomator2Driver@fd3a (94a71ed1)]&amp#27;[0m Matched '/status' to command name 'getStatus'
&amp#27;[38;5;32m[AndroidUiautomator2Driver@fd3a (94a71ed1)]&amp#27;[0m Proxying [GET /status] to [GET http://127.0.0.1:8200/status] with no body
&amp#27;[38;5;32m[AndroidUiautomator2Driver@fd3a (94a71ed1)]&amp#27;[0m socket hang up
&amp#27;[38;5;32m[AndroidUiautomator2Driver@fd3a (94a71ed1)]&amp#27;[0m Matched '/status' to command name 'getStatus'
&amp#27;[38;5;32m[AndroidUiautomator2Driver@fd3a (94a71ed1)]&amp#27;[0m Proxying [GET /status] to [GET http://127.0.0.1:8200/status] with no body
&amp#27;[38;5;32m[AndroidUiautomator2Driver@fd3a (94a71ed1)]&amp#27;[0m Got response with status 200: {"sessionId":"None","value":{"message":"UiAutomator2 Server is ready to accept commands","ready":true}}
&amp#27;[38;5;32m[AndroidUiautomator2Driver@fd3a (94a71ed1)]&amp#27;[0m The initialization of the instrumentation process took 2067ms
&amp#27;[38;5;32m[AndroidUiautomator2Driver@fd3a (94a71ed1)]&amp#27;[0m Matched '/session' to command name 'createSession'
&amp#27;[38;5;32m[AndroidUiautomator2Driver@fd3a (94a71ed1)]&amp#27;[0m Proxying [POST /session] to [POST http://127.0.0.1:8200/session] with body: {"capabilities":{"firstMatch":[{"platform":"LINUX","webStorageEnabled":false,"takesScreenshot":true,"javascriptEnabled":true,"databaseEnabled":false,"networkConnectionEnabled":true,"locationContextEnabled":false,"warnings":{},"desired":{"platformName":"ANDROID","app":"/Users/vaida/edON/appium/Android-MyDemoAppRN.1.3.0.build-244.apk","automationName":"UiAutomator2","avdLaunchTimeout":5000,"avdReadyTimeout":5000,"eventTimings":true,"platformVersion":"12.0","udid":"emulator-5554"},"platformName":"ANDROID","app":"/Users/vaida/edON/appium/Android-MyDemoAppRN.1.3.0.build-244.apk","automationName":"UiAutomator2","avdLaunchTimeout":5000,"avdReadyTimeout":5000,"eventTimings":true,"platformVersion":"12.0","udid":"emulator-5554","deviceName":"emulator-5554","deviceUDID":"emulator-5554","appPackage":"com.saucelabs.mydemoapp.rn"}],"alwaysMatch":{}}}
&amp#27;[38;5;32m[AndroidUiautomator2Driver@fd3a (94a71ed1)]&amp#27;[0m Got response with status 200: {"sessionId":"0ce3aea4-f164-4976-917f-171990829c83","value":{"capabilities":{"firstMatch":[{"platform":"LINUX","webStorageEnabled":false,"takesScreenshot":true,"javascriptEnabled":true,"databaseEnabled":false,"networkConnectionEnabled":true,"locationContextEnabled":false,"warnings":{},"desired":{"platformName":"ANDROID","app":"/Users/vaida/edON/appium/Android-MyDemoAppRN.1.3.0.build-244.apk","automationName":"UiAutomator2","avdLaunchTimeout":5000,"avdReadyTimeout":5000,"eventTimings":true,"platformVersion":"12.0","udid":"emulator-5554"},"platformName":"ANDROID","app":"/Users/vaida/edON/appium/Android-MyDemoAppRN.1.3.0.build-244.apk","automationName":"UiAutomator2","avdLaunchTimeout":5000,"avdReadyTimeout":5000,"eventTimings":true,"platformVersion":"12.0","udid":"emulator-5554","deviceName":"emulator-5554","deviceUDID":"emulator-5554","appPackage":"com.saucelabs.mydemoapp.rn"}],"alwaysMatch":{}},"sessionId":"0ce3aea4-f164-4976-917f-171990829c83"}}
&amp#27;[38;5;32m[AndroidUiautomator2Driver@fd3a (94a71ed1)]&amp#27;[0m Determined the downstream protocol as 'W3C'
&amp#27;[38;5;32m[AndroidUiautomator2Driver@fd3a (94a71ed1)]&amp#27;[0m Proxying [GET /appium/device/info] to [GET http://127.0.0.1:8200/session/0ce3aea4-f164-4976-917f-171990829c83/appium/device/info] with no body
&amp#27;[38;5;32m[AndroidUiautomator2Driver@fd3a (94a71ed1)]&amp#27;[0m Got response with status 200: {"sessionId":"0ce3aea4-f164-4976-917f-171990829c83","value":{"androidId":"f451b2ee40c2295a","apiVersion":"31","bluetooth":{"state":"ON"},"brand":"google","carrierName":"T-Mobile","displayDensity":440,"locale":"en_US","manufacturer":"Google","model":"sdk_gphone64_arm64","networks":[{"capabilities":{"SSID":null,"linkDownBandwidthKbps":4300,"linkUpstreamBandwidthKbps":1800,"networkCapabilities":"NET_CAPABILITY_MMS,NET_CAPABILITY_SUPL,NET_CAPABILITY_DUN,NET_CAPABILITY_FOTA,NET_CAPABILITY_IMS,NET_CAPABILITY_CBS,NET_CAPABILITY_INTERNET,NET_CAPABILITY_NOT_RESTRICTED,NET_CAPABILITY_TRUSTED,NET_CAPABILITY_NOT_VPN,NET_CAPABILITY_VALIDATED,NET_CAPABILITY_NOT_ROAMING,NET_CAPABILITY_FOREGROUND,NET_CAPABILITY_NOT_CONGESTED,NET_CAPABILITY_NOT_SUSPENDED","signalStrength":-2147483648,"transportTypes":"TRANSPORT_CELLULAR"},"detailedState":"CONNECTED","extraInfo":"epc.tmobile.com","isAvailable":true,"isConnected":true,"isFailover":false,"isRoaming":false,"state":"CONNECTED","subtype":10,"subtypeName":"HSPA","type":0,"typeNam...
&amp#27;[38;5;64m[ADB]&amp#27;[0m Running '/Users/vaida/Library/Android/sdk/platform-tools/adb -P 5037 -s emulator-5554 shell dumpsys window'
&amp#27;[38;5;80m[AndroidDriver]&amp#27;[0m Screen already unlocked, doing nothing
&amp#27;[38;5;32m[AndroidUiautomator2Driver@fd3a (94a71ed1)]&amp#27;[0m Starting 'com.saucelabs.mydemoapp.rn/com.saucelabs.mydemoapp.rn.MainActivity and waiting for 'com.saucelabs.mydemoapp.rn/com.saucelabs.mydemoapp.rn.MainActivity'
&amp#27;[38;5;64m[ADB]&amp#27;[0m Running '/Users/vaida/Library/Android/sdk/platform-tools/adb -P 5037 -s emulator-5554 shell am start -W -n com.saucelabs.mydemoapp.rn/com.saucelabs.mydemoapp.rn.MainActivity -S -a android.intent.action.MAIN -c android.intent.category.LAUNCHER -f 0x10200000'
&amp#27;[38;5;64m[ADB]&amp#27;[0m Waiting up to 20000ms for activity matching pkg: 'com.saucelabs.mydemoapp.rn' and activity: 'com.saucelabs.mydemoapp.rn.MainActivity' to be focused
&amp#27;[38;5;64m[ADB]&amp#27;[0m Possible activities, to be checked: 'com.saucelabs.mydemoapp.rn.MainActivity', 'com.saucelabs.mydemoapp.rn.com.saucelabs.mydemoapp.rn.MainActivity'
&amp#27;[38;5;64m[ADB]&amp#27;[0m Getting focused package and activity
&amp#27;[38;5;64m[ADB]&amp#27;[0m Running '/Users/vaida/Library/Android/sdk/platform-tools/adb -P 5037 -s emulator-5554 shell dumpsys window displays'
&amp#27;[38;5;64m[ADB]&amp#27;[0m Found package: 'com.saucelabs.mydemoapp.rn' and fully qualified activity name : 'com.saucelabs.mydemoapp.rn.MainActivity'
&amp#27;[38;5;32m[AndroidUiautomator2Driver@fd3a (94a71ed1)]&amp#27;[0m Proxying [GET /appium/device/pixel_ratio] to [GET http://127.0.0.1:8200/session/0ce3aea4-f164-4976-917f-171990829c83/appium/device/pixel_ratio] with no body
&amp#27;[38;5;32m[AndroidUiautomator2Driver@fd3a (94a71ed1)]&amp#27;[0m Got response with status 200: {"sessionId":"0ce3aea4-f164-4976-917f-171990829c83","value":2.75}
&amp#27;[38;5;32m[AndroidUiautomator2Driver@fd3a (94a71ed1)]&amp#27;[0m Matched '/appium/device/system_bars' to command name 'getSystemBars'
&amp#27;[38;5;32m[AndroidUiautomator2Driver@fd3a (94a71ed1)]&amp#27;[0m Proxying [GET /appium/device/system_bars] to [GET http://127.0.0.1:8200/session/0ce3aea4-f164-4976-917f-171990829c83/appium/device/system_bars] with no body
&amp#27;[38;5;32m[AndroidUiautomator2Driver@fd3a (94a71ed1)]&amp#27;[0m Got response with status 200: {"sessionId":"0ce3aea4-f164-4976-917f-171990829c83","value":{"statusBar":66}}
&amp#27;[38;5;32m[AndroidUiautomator2Driver@fd3a (94a71ed1)]&amp#27;[0m Matched '/window/current/size' to command name 'getWindowSize'
&amp#27;[38;5;32m[AndroidUiautomator2Driver@fd3a (94a71ed1)]&amp#27;[0m Proxying [GET /window/current/size] to [GET http://127.0.0.1:8200/session/0ce3aea4-f164-4976-917f-171990829c83/window/current/size] with no body
&amp#27;[38;5;32m[AndroidUiautomator2Driver@fd3a (94a71ed1)]&amp#27;[0m Got response with status 200: {"sessionId":"0ce3aea4-f164-4976-917f-171990829c83","value":{"height":2208,"width":1080}}
&amp#27;[38;5;16m[AppiumDriver@fa87]&amp#27;[0m New AndroidUiautomator2Driver session created successfully, session 94a71ed1-12c4-45d9-8bdd-4f2aa405f777 added to master session list
&amp#27;[38;5;16m[AppiumDriver@fa87]&amp#27;[0m Event 'newSessionStarted' logged at 1702385507510 (14:51:47 GMT+0200 (Eastern European Standard Time))
&amp#27;[38;5;32m[AndroidUiautomator2Driver@fd3a (94a71ed1)]&amp#27;[0m Cached the protocol value 'W3C' for the new session 94a71ed1-12c4-45d9-8bdd-4f2aa405f777
&amp#27;[38;5;32m[AndroidUiautomator2Driver@fd3a (94a71ed1)]&amp#27;[0m Responding to client with driver.createSession() result: {"capabilities":{"platform":"LINUX","webStorageEnabled":false,"takesScreenshot":true,"javascriptEnabled":true,"databaseEnabled":false,"networkConnectionEnabled":true,"locationContextEnabled":false,"warnings":{},"desired":{"platformName":"ANDROID","app":"/Users/vaida/edON/appium/Android-MyDemoAppRN.1.3.0.build-244.apk","automationName":"UiAutomator2","avdLaunchTimeout":5000,"avdReadyTimeout":5000,"eventTimings":true,"platformVersion":"12.0","udid":"emulator-5554"},"platformName":"ANDROID","app":"/Users/vaida/edON/appium/Android-MyDemoAppRN.1.3.0.build-244.apk","automationName":"UiAutomator2","avdLaunchTimeout":5000,"avdReadyTimeout":5000,"eventTimings":true,"platformVersion":"12","udid":"emulator-5554","deviceName":"emulator-5554","deviceUDID":"emulator-5554","appPackage":"com.saucelabs.mydemoapp.rn","deviceApiLevel":31,"deviceScreenSize":"1080x2340","deviceScreenDensity":440,"deviceModel":"sdk_gphone64_arm64","deviceManufacturer":"Google","pixelRatio":2.75,"statBarHeight":66,"viewportRect":{"left":0,"top":...
&amp#27;[38;5;0m[HTTP]&amp#27;[0m &amp#27;[37m<-- POST /session &amp#27;[39m&amp#27;[32m200&amp#27;[39m &amp#27;[90m6562 ms - 1114&amp#27;[39m
&amp#27;[38;5;0m[HTTP]&amp#27;[0m &amp#27;[90m&amp#27;[39m
&amp#27;[38;5;0m[HTTP]&amp#27;[0m &amp#27;[37m-->&amp#27;[39m &amp#27;[37mPOST&amp#27;[39m &amp#27;[37m/session/94a71ed1-12c4-45d9-8bdd-4f2aa405f777/timeouts&amp#27;[39m
&amp#27;[38;5;0m[HTTP]&amp#27;[0m &amp#27;[90m{"implicit":10000}&amp#27;[39m
&amp#27;[38;5;32m[AndroidUiautomator2Driver@fd3a (94a71ed1)]&amp#27;[0m Calling AppiumDriver.timeouts() with args: [null,null,null,null,10000,"94a71ed1-12c4-45d9-8bdd-4f2aa405f777"]
&amp#27;[38;5;32m[AndroidUiautomator2Driver@fd3a (94a71ed1)]&amp#27;[0m W3C timeout argument: {"implicit":10000}}
&amp#27;[38;5;32m[AndroidUiautomator2Driver@fd3a (94a71ed1)]&amp#27;[0m Set implicit wait to 10000ms
&amp#27;[38;5;32m[AndroidUiautomator2Driver@fd3a (94a71ed1)]&amp#27;[0m Responding to client with driver.timeouts() result: null
&amp#27;[38;5;0m[HTTP]&amp#27;[0m &amp#27;[37m<-- POST /session/94a71ed1-12c4-45d9-8bdd-4f2aa405f777/timeouts &amp#27;[39m&amp#27;[32m200&amp#27;[39m &amp#27;[90m2 ms - 14&amp#27;[39m
&amp#27;[38;5;0m[HTTP]&amp#27;[0m &amp#27;[90m&amp#27;[39m
&amp#27;[38;5;0m[HTTP]&amp#27;[0m &amp#27;[37m-->&amp#27;[39m &amp#27;[37mPOST&amp#27;[39m &amp#27;[37m/session/94a71ed1-12c4-45d9-8bdd-4f2aa405f777/element&amp#27;[39m
&amp#27;[38;5;0m[HTTP]&amp#27;[0m &amp#27;[90m{"using":"-android uiautomator","value":"new UiSelector().text(\"Products\")"}&amp#27;[39m
&amp#27;[38;5;32m[AndroidUiautomator2Driver@fd3a (94a71ed1)]&amp#27;[0m Calling AppiumDriver.findElement() with args: ["-android uiautomator","new UiSelector().text(\"Products\")","94a71ed1-12c4-45d9-8bdd-4f2aa405f777"]
&amp#27;[38;5;32m[AndroidUiautomator2Driver@fd3a (94a71ed1)]&amp#27;[0m Valid locator strategies for this request: xpath, id, class name, accessibility id, css selector, -android uiautomator
&amp#27;[38;5;32m[AndroidUiautomator2Driver@fd3a (94a71ed1)]&amp#27;[0m Waiting up to 10000 ms for condition
&amp#27;[38;5;32m[AndroidUiautomator2Driver@fd3a (94a71ed1)]&amp#27;[0m Matched '/element' to command name 'findElement'
&amp#27;[38;5;32m[AndroidUiautomator2Driver@fd3a (94a71ed1)]&amp#27;[0m Proxying [POST /element] to [POST http://127.0.0.1:8200/session/0ce3aea4-f164-4976-917f-171990829c83/element] with body: {"strategy":"-android uiautomator","selector":"new UiSelector().text(\"Products\")","context":"","multiple":false}
&amp#27;[38;5;32m[AndroidUiautomator2Driver@fd3a (94a71ed1)]&amp#27;[0m Got response with status 200: {"sessionId":"0ce3aea4-f164-4976-917f-171990829c83","value":{"ELEMENT":"00000000-0000-0209-ffff-ffff00000030","element-6066-11e4-a52e-4f735466cecf":"00000000-0000-0209-ffff-ffff00000030"}}
&amp#27;[38;5;32m[AndroidUiautomator2Driver@fd3a (94a71ed1)]&amp#27;[0m Responding to client with driver.findElement() result: {"element-6066-11e4-a52e-4f735466cecf":"00000000-0000-0209-ffff-ffff00000030","ELEMENT":"00000000-0000-0209-ffff-ffff00000030"}
&amp#27;[38;5;0m[HTTP]&amp#27;[0m &amp#27;[37m<-- POST /session/94a71ed1-12c4-45d9-8bdd-4f2aa405f777/element &amp#27;[39m&amp#27;[32m200&amp#27;[39m &amp#27;[90m466 ms - 137&amp#27;[39m
&amp#27;[38;5;0m[HTTP]&amp#27;[0m &amp#27;[90m&amp#27;[39m
&amp#27;[38;5;0m[HTTP]&amp#27;[0m &amp#27;[37m-->&amp#27;[39m &amp#27;[37mGET&amp#27;[39m &amp#27;[37m/session/94a71ed1-12c4-45d9-8bdd-4f2aa405f777/element/00000000-0000-0209-ffff-ffff00000030/displayed&amp#27;[39m
&amp#27;[38;5;0m[HTTP]&amp#27;[0m &amp#27;[90m{}&amp#27;[39m
&amp#27;[38;5;32m[AndroidUiautomator2Driver@fd3a (94a71ed1)]&amp#27;[0m Calling AppiumDriver.elementDisplayed() with args: ["00000000-0000-0209-ffff-ffff00000030","94a71ed1-12c4-45d9-8bdd-4f2aa405f777"]
&amp#27;[38;5;32m[AndroidUiautomator2Driver@fd3a (94a71ed1)]&amp#27;[0m Matched '/element/00000000-0000-0209-ffff-ffff00000030/attribute/displayed' to command name 'getAttribute'
&amp#27;[38;5;32m[AndroidUiautomator2Driver@fd3a (94a71ed1)]&amp#27;[0m Proxying [GET /element/00000000-0000-0209-ffff-ffff00000030/attribute/displayed] to [GET http://127.0.0.1:8200/session/0ce3aea4-f164-4976-917f-171990829c83/element/00000000-0000-0209-ffff-ffff00000030/attribute/displayed] with no body
&amp#27;[38;5;32m[AndroidUiautomator2Driver@fd3a (94a71ed1)]&amp#27;[0m Got response with status 200: {"sessionId":"0ce3aea4-f164-4976-917f-171990829c83","value":"true"}
&amp#27;[38;5;32m[AndroidUiautomator2Driver@fd3a (94a71ed1)]&amp#27;[0m Responding to client with driver.elementDisplayed() result: true
&amp#27;[38;5;0m[HTTP]&amp#27;[0m &amp#27;[37m<-- GET /session/94a71ed1-12c4-45d9-8bdd-4f2aa405f777/element/00000000-0000-0209-ffff-ffff00000030/displayed &amp#27;[39m&amp#27;[32m200&amp#27;[39m &amp#27;[90m16 ms - 14&amp#27;[39m
&amp#27;[38;5;0m[HTTP]&amp#27;[0m &amp#27;[90m&amp#27;[39m
&amp#27;[38;5;0m[HTTP]&amp#27;[0m &amp#27;[37m-->&amp#27;[39m &amp#27;[37mPOST&amp#27;[39m &amp#27;[37m/session/94a71ed1-12c4-45d9-8bdd-4f2aa405f777/element&amp#27;[39m
&amp#27;[38;5;0m[HTTP]&amp#27;[0m &amp#27;[90m{"using":"accessibility id","value":"sort button"}&amp#27;[39m
&amp#27;[38;5;32m[AndroidUiautomator2Driver@fd3a (94a71ed1)]&amp#27;[0m Calling AppiumDriver.findElement() with args: ["accessibility id","sort button","94a71ed1-12c4-45d9-8bdd-4f2aa405f777"]
&amp#27;[38;5;32m[AndroidUiautomator2Driver@fd3a (94a71ed1)]&amp#27;[0m Valid locator strategies for this request: xpath, id, class name, accessibility id, css selector, -android uiautomator
&amp#27;[38;5;32m[AndroidUiautomator2Driver@fd3a (94a71ed1)]&amp#27;[0m Waiting up to 10000 ms for condition
&amp#27;[38;5;32m[AndroidUiautomator2Driver@fd3a (94a71ed1)]&amp#27;[0m Matched '/element' to command name 'findElement'
&amp#27;[38;5;32m[AndroidUiautomator2Driver@fd3a (94a71ed1)]&amp#27;[0m Proxying [POST /element] to [POST http://127.0.0.1:8200/session/0ce3aea4-f164-4976-917f-171990829c83/element] with body: {"strategy":"accessibility id","selector":"sort button","context":"","multiple":false}
&amp#27;[38;5;32m[AndroidUiautomator2Driver@fd3a (94a71ed1)]&amp#27;[0m Got response with status 200: {"sessionId":"0ce3aea4-f164-4976-917f-171990829c83","value":{"ELEMENT":"00000000-0000-0209-ffff-ffff00000026","element-6066-11e4-a52e-4f735466cecf":"00000000-0000-0209-ffff-ffff00000026"}}
&amp#27;[38;5;32m[AndroidUiautomator2Driver@fd3a (94a71ed1)]&amp#27;[0m Responding to client with driver.findElement() result: {"element-6066-11e4-a52e-4f735466cecf":"00000000-0000-0209-ffff-ffff00000026","ELEMENT":"00000000-0000-0209-ffff-ffff00000026"}
&amp#27;[38;5;0m[HTTP]&amp#27;[0m &amp#27;[37m<-- POST /session/94a71ed1-12c4-45d9-8bdd-4f2aa405f777/element &amp#27;[39m&amp#27;[32m200&amp#27;[39m &amp#27;[90m16 ms - 137&amp#27;[39m
&amp#27;[38;5;0m[HTTP]&amp#27;[0m &amp#27;[90m&amp#27;[39m
&amp#27;[38;5;0m[HTTP]&amp#27;[0m &amp#27;[37m-->&amp#27;[39m &amp#27;[37mGET&amp#27;[39m &amp#27;[37m/session/94a71ed1-12c4-45d9-8bdd-4f2aa405f777/element/00000000-0000-0209-ffff-ffff00000026/displayed&amp#27;[39m
&amp#27;[38;5;0m[HTTP]&amp#27;[0m &amp#27;[90m{}&amp#27;[39m
&amp#27;[38;5;32m[AndroidUiautomator2Driver@fd3a (94a71ed1)]&amp#27;[0m Calling AppiumDriver.elementDisplayed() with args: ["00000000-0000-0209-ffff-ffff00000026","94a71ed1-12c4-45d9-8bdd-4f2aa405f777"]
&amp#27;[38;5;32m[AndroidUiautomator2Driver@fd3a (94a71ed1)]&amp#27;[0m Matched '/element/00000000-0000-0209-ffff-ffff00000026/attribute/displayed' to command name 'getAttribute'
&amp#27;[38;5;32m[AndroidUiautomator2Driver@fd3a (94a71ed1)]&amp#27;[0m Proxying [GET /element/00000000-0000-0209-ffff-ffff00000026/attribute/displayed] to [GET http://127.0.0.1:8200/session/0ce3aea4-f164-4976-917f-171990829c83/element/00000000-0000-0209-ffff-ffff00000026/attribute/displayed] with no body
&amp#27;[38;5;32m[AndroidUiautomator2Driver@fd3a (94a71ed1)]&amp#27;[0m Got response with status 200: {"sessionId":"0ce3aea4-f164-4976-917f-171990829c83","value":"true"}
&amp#27;[38;5;32m[AndroidUiautomator2Driver@fd3a (94a71ed1)]&amp#27;[0m Responding to client with driver.elementDisplayed() result: true
&amp#27;[38;5;0m[HTTP]&amp#27;[0m &amp#27;[37m<-- GET /session/94a71ed1-12c4-45d9-8bdd-4f2aa405f777/element/00000000-0000-0209-ffff-ffff00000026/displayed &amp#27;[39m&amp#27;[32m200&amp#27;[39m &amp#27;[90m7 ms - 14&amp#27;[39m
&amp#27;[38;5;0m[HTTP]&amp#27;[0m &amp#27;[90m&amp#27;[39m
&amp#27;[38;5;0m[HTTP]&amp#27;[0m &amp#27;[37m-->&amp#27;[39m &amp#27;[37mPOST&amp#27;[39m &amp#27;[37m/session/94a71ed1-12c4-45d9-8bdd-4f2aa405f777/element&amp#27;[39m
&amp#27;[38;5;0m[HTTP]&amp#27;[0m &amp#27;[90m{"using":"accessibility id","value":"sort button"}&amp#27;[39m
&amp#27;[38;5;32m[AndroidUiautomator2Driver@fd3a (94a71ed1)]&amp#27;[0m Calling AppiumDriver.findElement() with args: ["accessibility id","sort button","94a71ed1-12c4-45d9-8bdd-4f2aa405f777"]
&amp#27;[38;5;32m[AndroidUiautomator2Driver@fd3a (94a71ed1)]&amp#27;[0m Valid locator strategies for this request: xpath, id, class name, accessibility id, css selector, -android uiautomator
&amp#27;[38;5;32m[AndroidUiautomator2Driver@fd3a (94a71ed1)]&amp#27;[0m Waiting up to 10000 ms for condition
&amp#27;[38;5;32m[AndroidUiautomator2Driver@fd3a (94a71ed1)]&amp#27;[0m Matched '/element' to command name 'findElement'
&amp#27;[38;5;32m[AndroidUiautomator2Driver@fd3a (94a71ed1)]&amp#27;[0m Proxying [POST /element] to [POST http://127.0.0.1:8200/session/0ce3aea4-f164-4976-917f-171990829c83/element] with body: {"strategy":"accessibility id","selector":"sort button","context":"","multiple":false}
&amp#27;[38;5;32m[AndroidUiautomator2Driver@fd3a (94a71ed1)]&amp#27;[0m Got response with status 200: {"sessionId":"0ce3aea4-f164-4976-917f-171990829c83","value":{"ELEMENT":"00000000-0000-0209-ffff-ffff00000026","element-6066-11e4-a52e-4f735466cecf":"00000000-0000-0209-ffff-ffff00000026"}}
&amp#27;[38;5;32m[AndroidUiautomator2Driver@fd3a (94a71ed1)]&amp#27;[0m Responding to client with driver.findElement() result: {"element-6066-11e4-a52e-4f735466cecf":"00000000-0000-0209-ffff-ffff00000026","ELEMENT":"00000000-0000-0209-ffff-ffff00000026"}
&amp#27;[38;5;0m[HTTP]&amp#27;[0m &amp#27;[37m<-- POST /session/94a71ed1-12c4-45d9-8bdd-4f2aa405f777/element &amp#27;[39m&amp#27;[32m200&amp#27;[39m &amp#27;[90m12 ms - 137&amp#27;[39m
&amp#27;[38;5;0m[HTTP]&amp#27;[0m &amp#27;[90m&amp#27;[39m
&amp#27;[38;5;0m[HTTP]&amp#27;[0m &amp#27;[37m-->&amp#27;[39m &amp#27;[37mPOST&amp#27;[39m &amp#27;[37m/session/94a71ed1-12c4-45d9-8bdd-4f2aa405f777/element/00000000-0000-0209-ffff-ffff00000026/click&amp#27;[39m
&amp#27;[38;5;0m[HTTP]&amp#27;[0m &amp#27;[90m{"id":"00000000-0000-0209-ffff-ffff00000026"}&amp#27;[39m
&amp#27;[38;5;32m[AndroidUiautomator2Driver@fd3a (94a71ed1)]&amp#27;[0m Calling AppiumDriver.click() with args: ["00000000-0000-0209-ffff-ffff00000026","94a71ed1-12c4-45d9-8bdd-4f2aa405f777"]
&amp#27;[38;5;32m[AndroidUiautomator2Driver@fd3a (94a71ed1)]&amp#27;[0m Matched '/element/00000000-0000-0209-ffff-ffff00000026/click' to command name 'click'
&amp#27;[38;5;32m[AndroidUiautomator2Driver@fd3a (94a71ed1)]&amp#27;[0m Proxying [POST /element/00000000-0000-0209-ffff-ffff00000026/click] to [POST http://127.0.0.1:8200/session/0ce3aea4-f164-4976-917f-171990829c83/element/00000000-0000-0209-ffff-ffff00000026/click] with body: {"element":"00000000-0000-0209-ffff-ffff00000026"}
&amp#27;[38;5;32m[AndroidUiautomator2Driver@fd3a (94a71ed1)]&amp#27;[0m Got response with status 200: {"sessionId":"0ce3aea4-f164-4976-917f-171990829c83","value":null}
&amp#27;[38;5;32m[AndroidUiautomator2Driver@fd3a (94a71ed1)]&amp#27;[0m Responding to client with driver.click() result: null
&amp#27;[38;5;0m[HTTP]&amp#27;[0m &amp#27;[37m<-- POST /session/94a71ed1-12c4-45d9-8bdd-4f2aa405f777/element/00000000-0000-0209-ffff-ffff00000026/click &amp#27;[39m&amp#27;[32m200&amp#27;[39m &amp#27;[90m31 ms - 14&amp#27;[39m
&amp#27;[38;5;0m[HTTP]&amp#27;[0m &amp#27;[90m&amp#27;[39m
&amp#27;[38;5;0m[HTTP]&amp#27;[0m &amp#27;[37m-->&amp#27;[39m &amp#27;[37mPOST&amp#27;[39m &amp#27;[37m/session/94a71ed1-12c4-45d9-8bdd-4f2aa405f777/element&amp#27;[39m
&amp#27;[38;5;0m[HTTP]&amp#27;[0m &amp#27;[90m{"using":"accessibility id","value":"nameAsc"}&amp#27;[39m
&amp#27;[38;5;32m[AndroidUiautomator2Driver@fd3a (94a71ed1)]&amp#27;[0m Calling AppiumDriver.findElement() with args: ["accessibility id","nameAsc","94a71ed1-12c4-45d9-8bdd-4f2aa405f777"]
&amp#27;[38;5;32m[AndroidUiautomator2Driver@fd3a (94a71ed1)]&amp#27;[0m Valid locator strategies for this request: xpath, id, class name, accessibility id, css selector, -android uiautomator
&amp#27;[38;5;32m[AndroidUiautomator2Driver@fd3a (94a71ed1)]&amp#27;[0m Waiting up to 10000 ms for condition
&amp#27;[38;5;32m[AndroidUiautomator2Driver@fd3a (94a71ed1)]&amp#27;[0m Matched '/element' to command name 'findElement'
&amp#27;[38;5;32m[AndroidUiautomator2Driver@fd3a (94a71ed1)]&amp#27;[0m Proxying [POST /element] to [POST http://127.0.0.1:8200/session/0ce3aea4-f164-4976-917f-171990829c83/element] with body: {"strategy":"accessibility id","selector":"nameAsc","context":"","multiple":false}
&amp#27;[38;5;32m[AndroidUiautomator2Driver@fd3a (94a71ed1)]&amp#27;[0m Got response with status 404: {"sessionId":"0ce3aea4-f164-4976-917f-171990829c83","value":{"error":"no such element","message":"An element could not be located on the page using the given search parameters","stacktrace":"io.appium.uiautomator2.common.exceptions.ElementNotFoundException: An element could not be located on the page using the given search parameters\n\tat io.appium.uiautomator2.handler.FindElement.safeHandle(FindElement.java:70)\n\tat io.appium.uiautomator2.handler.request.SafeRequestHandler.handle(SafeRequestHandler.java:59)\n\tat io.appium.uiautomator2.server.AppiumServlet.handleRequest(AppiumServlet.java:267)\n\tat io.appium.uiautomator2.server.AppiumServlet.handleHttpRequest(AppiumServlet.java:261)\n\tat io.appium.uiautomator2.http.ServerHandler.channelRead(ServerHandler.java:68)\n\tat io.netty.channel.AbstractChannelHandlerContext.invokeChannelRead(AbstractChannelHandlerContext.java:366)\n\tat io.netty.channel.AbstractChannelHandlerContext.invokeChannelRead(AbstractChannelHandlerContext.java:352)\n\tat io.netty.chann...
&amp#27;[38;5;128m[W3C]&amp#27;[0m Matched W3C error code 'no such element' to NoSuchElementError
&amp#27;[38;5;32m[AndroidUiautomator2Driver@fd3a (94a71ed1)]&amp#27;[0m Waited for 55 ms so far
&amp#27;[38;5;32m[AndroidUiautomator2Driver@fd3a (94a71ed1)]&amp#27;[0m Matched '/element' to command name 'findElement'
&amp#27;[38;5;32m[AndroidUiautomator2Driver@fd3a (94a71ed1)]&amp#27;[0m Proxying [POST /element] to [POST http://127.0.0.1:8200/session/0ce3aea4-f164-4976-917f-171990829c83/element] with body: {"strategy":"accessibility id","selector":"nameAsc","context":"","multiple":false}
&amp#27;[38;5;32m[AndroidUiautomator2Driver@fd3a (94a71ed1)]&amp#27;[0m Got response with status 200: {"sessionId":"0ce3aea4-f164-4976-917f-171990829c83","value":{"ELEMENT":"00000000-0000-020a-ffff-ffff000000b2","element-6066-11e4-a52e-4f735466cecf":"00000000-0000-020a-ffff-ffff000000b2"}}
&amp#27;[38;5;32m[AndroidUiautomator2Driver@fd3a (94a71ed1)]&amp#27;[0m Responding to client with driver.findElement() result: {"element-6066-11e4-a52e-4f735466cecf":"00000000-0000-020a-ffff-ffff000000b2","ELEMENT":"00000000-0000-020a-ffff-ffff000000b2"}
&amp#27;[38;5;0m[HTTP]&amp#27;[0m &amp#27;[37m<-- POST /session/94a71ed1-12c4-45d9-8bdd-4f2aa405f777/element &amp#27;[39m&amp#27;[32m200&amp#27;[39m &amp#27;[90m590 ms - 137&amp#27;[39m
&amp#27;[38;5;0m[HTTP]&amp#27;[0m &amp#27;[90m&amp#27;[39m
&amp#27;[38;5;0m[HTTP]&amp#27;[0m &amp#27;[37m-->&amp#27;[39m &amp#27;[37mPOST&amp#27;[39m &amp#27;[37m/session/94a71ed1-12c4-45d9-8bdd-4f2aa405f777/element/00000000-0000-020a-ffff-ffff000000b2/click&amp#27;[39m
&amp#27;[38;5;0m[HTTP]&amp#27;[0m &amp#27;[90m{"id":"00000000-0000-020a-ffff-ffff000000b2"}&amp#27;[39m
&amp#27;[38;5;32m[AndroidUiautomator2Driver@fd3a (94a71ed1)]&amp#27;[0m Calling AppiumDriver.click() with args: ["00000000-0000-020a-ffff-ffff000000b2","94a71ed1-12c4-45d9-8bdd-4f2aa405f777"]
&amp#27;[38;5;32m[AndroidUiautomator2Driver@fd3a (94a71ed1)]&amp#27;[0m Matched '/element/00000000-0000-020a-ffff-ffff000000b2/click' to command name 'click'
&amp#27;[38;5;32m[AndroidUiautomator2Driver@fd3a (94a71ed1)]&amp#27;[0m Proxying [POST /element/00000000-0000-020a-ffff-ffff000000b2/click] to [POST http://127.0.0.1:8200/session/0ce3aea4-f164-4976-917f-171990829c83/element/00000000-0000-020a-ffff-ffff000000b2/click] with body: {"element":"00000000-0000-020a-ffff-ffff000000b2"}
&amp#27;[38;5;32m[AndroidUiautomator2Driver@fd3a (94a71ed1)]&amp#27;[0m Got response with status 200: {"sessionId":"0ce3aea4-f164-4976-917f-171990829c83","value":null}
&amp#27;[38;5;32m[AndroidUiautomator2Driver@fd3a (94a71ed1)]&amp#27;[0m Responding to client with driver.click() result: null
&amp#27;[38;5;0m[HTTP]&amp#27;[0m &amp#27;[37m<-- POST /session/94a71ed1-12c4-45d9-8bdd-4f2aa405f777/element/00000000-0000-020a-ffff-ffff000000b2/click &amp#27;[39m&amp#27;[32m200&amp#27;[39m &amp#27;[90m38 ms - 14&amp#27;[39m
&amp#27;[38;5;0m[HTTP]&amp#27;[0m &amp#27;[90m&amp#27;[39m
&amp#27;[38;5;0m[HTTP]&amp#27;[0m &amp#27;[37m-->&amp#27;[39m &amp#27;[37mPOST&amp#27;[39m &amp#27;[37m/session/94a71ed1-12c4-45d9-8bdd-4f2aa405f777/elements&amp#27;[39m
&amp#27;[38;5;0m[HTTP]&amp#27;[0m &amp#27;[90m{"using":"-android uiautomator","value":"description(\"store item text\")"}&amp#27;[39m
&amp#27;[38;5;32m[AndroidUiautomator2Driver@fd3a (94a71ed1)]&amp#27;[0m Calling AppiumDriver.findElements() with args: ["-android uiautomator","description(\"store item text\")","94a71ed1-12c4-45d9-8bdd-4f2aa405f777"]
&amp#27;[38;5;32m[AndroidUiautomator2Driver@fd3a (94a71ed1)]&amp#27;[0m Valid locator strategies for this request: xpath, id, class name, accessibility id, css selector, -android uiautomator
&amp#27;[38;5;32m[AndroidUiautomator2Driver@fd3a (94a71ed1)]&amp#27;[0m Waiting up to 10000 ms for condition
&amp#27;[38;5;32m[AndroidUiautomator2Driver@fd3a (94a71ed1)]&amp#27;[0m Matched '/elements' to command name 'findElements'
&amp#27;[38;5;32m[AndroidUiautomator2Driver@fd3a (94a71ed1)]&amp#27;[0m Proxying [POST /elements] to [POST http://127.0.0.1:8200/session/0ce3aea4-f164-4976-917f-171990829c83/elements] with body: {"strategy":"-android uiautomator","selector":"description(\"store item text\")","context":"","multiple":true}
&amp#27;[38;5;32m[AndroidUiautomator2Driver@fd3a (94a71ed1)]&amp#27;[0m Got response with status 200: {"sessionId":"0ce3aea4-f164-4976-917f-171990829c83","value":[]}
&amp#27;[38;5;32m[AndroidUiautomator2Driver@fd3a (94a71ed1)]&amp#27;[0m Waited for 45 ms so far
&amp#27;[38;5;32m[AndroidUiautomator2Driver@fd3a (94a71ed1)]&amp#27;[0m Matched '/elements' to command name 'findElements'
&amp#27;[38;5;32m[AndroidUiautomator2Driver@fd3a (94a71ed1)]&amp#27;[0m Proxying [POST /elements] to [POST http://127.0.0.1:8200/session/0ce3aea4-f164-4976-917f-171990829c83/elements] with body: {"strategy":"-android uiautomator","selector":"description(\"store item text\")","context":"","multiple":true}
&amp#27;[38;5;32m[AndroidUiautomator2Driver@fd3a (94a71ed1)]&amp#27;[0m Got response with status 200: {"sessionId":"0ce3aea4-f164-4976-917f-171990829c83","value":[{"ELEMENT":"00000000-0000-0209-ffff-ffff00000035","element-6066-11e4-a52e-4f735466cecf":"00000000-0000-0209-ffff-ffff00000035"},{"ELEMENT":"00000000-0000-0209-ffff-ffff00000044","element-6066-11e4-a52e-4f735466cecf":"00000000-0000-0209-ffff-ffff00000044"},{"ELEMENT":"00000000-0000-0209-ffff-ffff00000054","element-6066-11e4-a52e-4f735466cecf":"00000000-0000-0209-ffff-ffff00000054"},{"ELEMENT":"00000000-0000-0209-ffff-ffff00000063","element-6066-11e4-a52e-4f735466cecf":"00000000-0000-0209-ffff-ffff00000063"}]}
&amp#27;[38;5;32m[AndroidUiautomator2Driver@fd3a (94a71ed1)]&amp#27;[0m Responding to client with driver.findElements() result: [{"element-6066-11e4-a52e-4f735466cecf":"00000000-0000-0209-ffff-ffff00000035","ELEMENT":"00000000-0000-0209-ffff-ffff00000035"},{"element-6066-11e4-a52e-4f735466cecf":"00000000-0000-0209-ffff-ffff00000044","ELEMENT":"00000000-0000-0209-ffff-ffff00000044"},{"element-6066-11e4-a52e-4f735466cecf":"00000000-0000-0209-ffff-ffff00000054","ELEMENT":"00000000-0000-0209-ffff-ffff00000054"},{"element-6066-11e4-a52e-4f735466cecf":"00000000-0000-0209-ffff-ffff00000063","ELEMENT":"00000000-0000-0209-ffff-ffff00000063"}]
&amp#27;[38;5;0m[HTTP]&amp#27;[0m &amp#27;[37m<-- POST /session/94a71ed1-12c4-45d9-8bdd-4f2aa405f777/elements &amp#27;[39m&amp#27;[32m200&amp#27;[39m &amp#27;[90m659 ms - 523&amp#27;[39m
&amp#27;[38;5;0m[HTTP]&amp#27;[0m &amp#27;[90m&amp#27;[39m
&amp#27;[38;5;0m[HTTP]&amp#27;[0m &amp#27;[37m-->&amp#27;[39m &amp#27;[37mGET&amp#27;[39m &amp#27;[37m/session/94a71ed1-12c4-45d9-8bdd-4f2aa405f777/element/00000000-0000-0209-ffff-ffff00000035/text&amp#27;[39m
&amp#27;[38;5;0m[HTTP]&amp#27;[0m &amp#27;[90m{}&amp#27;[39m
&amp#27;[38;5;32m[AndroidUiautomator2Driver@fd3a (94a71ed1)]&amp#27;[0m Driver proxy active, passing request on via HTTP proxy
&amp#27;[38;5;32m[AndroidUiautomator2Driver@fd3a (94a71ed1)]&amp#27;[0m Matched '/session/94a71ed1-12c4-45d9-8bdd-4f2aa405f777/element/00000000-0000-0209-ffff-ffff00000035/text' to command name 'getText'
&amp#27;[38;5;32m[AndroidUiautomator2Driver@fd3a (94a71ed1)]&amp#27;[0m Proxying [GET /session/94a71ed1-12c4-45d9-8bdd-4f2aa405f777/element/00000000-0000-0209-ffff-ffff00000035/text] to [GET http://127.0.0.1:8200/session/0ce3aea4-f164-4976-917f-171990829c83/element/00000000-0000-0209-ffff-ffff00000035/text] with no body
&amp#27;[38;5;32m[AndroidUiautomator2Driver@fd3a (94a71ed1)]&amp#27;[0m Got response with status 200: {"sessionId":"0ce3aea4-f164-4976-917f-171990829c83","value":"Sauce Labs Backpack"}
&amp#27;[38;5;32m[AndroidUiautomator2Driver@fd3a (94a71ed1)]&amp#27;[0m Replacing sessionId 0ce3aea4-f164-4976-917f-171990829c83 with 94a71ed1-12c4-45d9-8bdd-4f2aa405f777
&amp#27;[38;5;0m[HTTP]&amp#27;[0m &amp#27;[37m<-- GET /session/94a71ed1-12c4-45d9-8bdd-4f2aa405f777/element/00000000-0000-0209-ffff-ffff00000035/text &amp#27;[39m&amp#27;[32m200&amp#27;[39m &amp#27;[90m8 ms - 82&amp#27;[39m
&amp#27;[38;5;0m[HTTP]&amp#27;[0m &amp#27;[90m&amp#27;[39m
&amp#27;[38;5;0m[HTTP]&amp#27;[0m &amp#27;[37m-->&amp#27;[39m &amp#27;[37mDELETE&amp#27;[39m &amp#27;[37m/session/94a71ed1-12c4-45d9-8bdd-4f2aa405f777&amp#27;[39m
&amp#27;[38;5;0m[HTTP]&amp#27;[0m &amp#27;[90m{}&amp#27;[39m
&amp#27;[38;5;32m[AndroidUiautomator2Driver@fd3a (94a71ed1)]&amp#27;[0m Calling AppiumDriver.deleteSession() with args: ["94a71ed1-12c4-45d9-8bdd-4f2aa405f777"]
&amp#27;[38;5;16m[AppiumDriver@fa87]&amp#27;[0m Event 'quitSessionRequested' logged at 1702385509447 (14:51:49 GMT+0200 (Eastern European Standard Time))
&amp#27;[38;5;16m[AppiumDriver@fa87]&amp#27;[0m Removing session 94a71ed1-12c4-45d9-8bdd-4f2aa405f777 from our master session list
&amp#27;[38;5;32m[AndroidUiautomator2Driver@fd3a (94a71ed1)]&amp#27;[0m Deleting UiAutomator2 session
&amp#27;[38;5;32m[AndroidUiautomator2Driver@fd3a (94a71ed1)]&amp#27;[0m Deleting UiAutomator2 server session
&amp#27;[38;5;32m[AndroidUiautomator2Driver@fd3a (94a71ed1)]&amp#27;[0m Matched '/' to command name 'deleteSession'
&amp#27;[38;5;32m[AndroidUiautomator2Driver@fd3a (94a71ed1)]&amp#27;[0m Proxying [DELETE /] to [DELETE http://127.0.0.1:8200/session/0ce3aea4-f164-4976-917f-171990829c83] with no body
&amp#27;[38;5;32m[AndroidUiautomator2Driver@fd3a (94a71ed1)]&amp#27;[0m Got response with status 200: {"sessionId":"0ce3aea4-f164-4976-917f-171990829c83","value":null}
&amp#27;[38;5;64m[ADB]&amp#27;[0m Running '/Users/vaida/Library/Android/sdk/platform-tools/adb -P 5037 -s emulator-5554 shell dumpsys activity services io.appium.settings/.recorder.RecorderService'
&amp#27;[38;5;64m[ADB]&amp#27;[0m Running '/Users/vaida/Library/Android/sdk/platform-tools/adb -P 5037 -s emulator-5554 shell am force-stop com.saucelabs.mydemoapp.rn'
&amp#27;[38;5;96m[Logcat]&amp#27;[0m Stopping logcat capture
&amp#27;[38;5;64m[ADB]&amp#27;[0m Removing forwarded port socket connection: 8200 
&amp#27;[38;5;64m[ADB]&amp#27;[0m Running '/Users/vaida/Library/Android/sdk/platform-tools/adb -P 5037 -s emulator-5554 forward --remove tcp:8200'
&amp#27;[38;5;32m[AndroidUiautomator2Driver@fd3a (94a71ed1)]&amp#27;[0m Restoring hidden api policy to the device default configuration
&amp#27;[38;5;64m[ADB]&amp#27;[0m Running '/Users/vaida/Library/Android/sdk/platform-tools/adb -P 5037 -s emulator-5554 shell 'settings delete global hidden_api_policy_pre_p_apps;settings delete global hidden_api_policy_p_apps;settings delete global hidden_api_policy''
&amp#27;[38;5;16m[AppiumDriver@fa87]&amp#27;[0m Event 'quitSessionFinished' logged at 1702385509624 (14:51:49 GMT+0200 (Eastern European Standard Time))
&amp#27;[38;5;16m[AppiumDriver@fa87]&amp#27;[0m Received response: null
&amp#27;[38;5;16m[AppiumDriver@fa87]&amp#27;[0m But deleting session, so not returning
&amp#27;[38;5;16m[AppiumDriver@fa87]&amp#27;[0m Responding to client with driver.deleteSession() result: null
&amp#27;[38;5;0m[HTTP]&amp#27;[0m &amp#27;[37m<-- DELETE /session/94a71ed1-12c4-45d9-8bdd-4f2aa405f777 &amp#27;[39m&amp#27;[32m200&amp#27;[39m &amp#27;[90m178 ms - 14&amp#27;[39m
&amp#27;[38;5;0m[HTTP]&amp#27;[0m &amp#27;[90m&amp#27;[39m
]]></system-out>
    <system-err><![CDATA[SLF4J: No SLF4J providers were found.
SLF4J: Defaulting to no-operation (NOP) logger implementation
SLF4J: See https://www.slf4j.org/codes.html#noProviders for further details.
]]></system-err>
  </testcase>
  <testcase name="User sorts products by name #2" classname="Products page functionality" time="6.929">
    <system-out><![CDATA[Starting Appium service...
&amp#27;[38;5;112m[Instrumentation]&amp#27;[0m .
&amp#27;[38;5;112m[Instrumentation]&amp#27;[0m Time: 5.026
&amp#27;[38;5;112m[Instrumentation]&amp#27;[0m 
&amp#27;[38;5;112m[Instrumentation]&amp#27;[0m OK (1 test)
&amp#27;[38;5;0m[HTTP]&amp#27;[0m &amp#27;[37m-->&amp#27;[39m &amp#27;[37mGET&amp#27;[39m &amp#27;[37m/status&amp#27;[39m
&amp#27;[38;5;0m[HTTP]&amp#27;[0m &amp#27;[90m{}&amp#27;[39m
&amp#27;[38;5;16m[AppiumDriver@fa87]&amp#27;[0m Calling AppiumDriver.getStatus() with args: []
&amp#27;[38;5;16m[AppiumDriver@fa87]&amp#27;[0m Responding to client with driver.getStatus() result: {"ready":true,"message":"The server is ready to accept new connections","build":{"version":"2.2.3","git-sha":"32ff40f688a49e02428eb3f20232aac69ffeeea0","built":"2023-07-05 01:57:43 +0100"}}
&amp#27;[38;5;0m[HTTP]&amp#27;[0m &amp#27;[37m<-- GET /status &amp#27;[39m&amp#27;[32m200&amp#27;[39m &amp#27;[90m1 ms - 199&amp#27;[39m
&amp#27;[38;5;0m[HTTP]&amp#27;[0m &amp#27;[90m&amp#27;[39m
Appium service started successfully.
Initializing Appium driver...
&amp#27;[38;5;0m[HTTP]&amp#27;[0m Request idempotency key: 171d9e95-cb65-485a-9b47-a989a75b2aaa
&amp#27;[38;5;0m[HTTP]&amp#27;[0m &amp#27;[37m-->&amp#27;[39m &amp#27;[37mPOST&amp#27;[39m &amp#27;[37m/session&amp#27;[39m
&amp#27;[38;5;0m[HTTP]&amp#27;[0m &amp#27;[90m{"capabilities":{"firstMatch":[{}],"alwaysMatch":{"appium:app":"/Users/vaida/edON/appium/Android-MyDemoAppRN.1.3.0.build-244.apk","appium:automationName":"UiAutomator2","appium:avdLaunchTimeout":5000,"appium:avdReadyTimeout":5000,"appium:eventTimings":true,"appium:platformVersion":"12.0","appium:udid":"emulator-5554","platformName":"ANDROID"}}}&amp#27;[39m
&amp#27;[38;5;16m[AppiumDriver@fa87]&amp#27;[0m Calling AppiumDriver.createSession() with args: [null,null,{"firstMatch":[{}],"alwaysMatch":{"appium:app":"/Users/vaida/edON/appium/Android-MyDemoAppRN.1.3.0.build-244.apk","appium:automationName":"UiAutomator2","appium:avdLaunchTimeout":5000,"appium:avdReadyTimeout":5000,"appium:eventTimings":true,"appium:platformVersion":"12.0","appium:udid":"emulator-5554","platformName":"ANDROID"}}]
&amp#27;[38;5;16m[AppiumDriver@fa87]&amp#27;[0m Event 'newSessionRequested' logged at 1702385509837 (14:51:49 GMT+0200 (Eastern European Standard Time))
&amp#27;[35m[Appium]&amp#27;[39m Attempting to find matching driver for automationName 'UiAutomator2' and platformName 'ANDROID'
&amp#27;[35m[Appium]&amp#27;[39m The 'uiautomator2' driver was installed and matched caps.
&amp#27;[35m[Appium]&amp#27;[39m Will require it at /Users/vaida/.appium/node_modules/appium-uiautomator2-driver
&amp#27;[35m[Appium]&amp#27;[39m Requiring driver at /Users/vaida/.appium/node_modules/appium-uiautomator2-driver
&amp#27;[38;5;16m[AppiumDriver@fa87]&amp#27;[0m Appium v2.2.3 creating new AndroidUiautomator2Driver (v2.4.0) session
&amp#27;[38;5;16m[AppiumDriver@fa87]&amp#27;[0m Checking BaseDriver versions for Appium and AndroidUiautomator2Driver
&amp#27;[38;5;16m[AppiumDriver@fa87]&amp#27;[0m Appium's BaseDriver version is 9.4.3
&amp#27;[38;5;16m[AppiumDriver@fa87]&amp#27;[0m AndroidUiautomator2Driver's BaseDriver version is 8.5.7
&amp#27;[38;5;32m[AndroidUiautomator2Driver@8661]&amp#27;[0m Creating session with W3C capabilities: {
&amp#27;[38;5;32m[AndroidUiautomator2Driver@8661]&amp#27;[0m   "alwaysMatch": {
&amp#27;[38;5;32m[AndroidUiautomator2Driver@8661]&amp#27;[0m     "platformName": "ANDROID",
&amp#27;[38;5;32m[AndroidUiautomator2Driver@8661]&amp#27;[0m     "appium:app": "/Users/vaida/edON/appium/Android-MyDemoAppRN.1.3.0.build-244.apk",
&amp#27;[38;5;32m[AndroidUiautomator2Driver@8661]&amp#27;[0m     "appium:automationName": "UiAutomator2",
&amp#27;[38;5;32m[AndroidUiautomator2Driver@8661]&amp#27;[0m     "appium:avdLaunchTimeout": 5000,
&amp#27;[38;5;32m[AndroidUiautomator2Driver@8661]&amp#27;[0m     "appium:avdReadyTimeout": 5000,
&amp#27;[38;5;32m[AndroidUiautomator2Driver@8661]&amp#27;[0m     "appium:eventTimings": true,
&amp#27;[38;5;32m[AndroidUiautomator2Driver@8661]&amp#27;[0m     "appium:platformVersion": "12.0",
&amp#27;[38;5;32m[AndroidUiautomator2Driver@8661]&amp#27;[0m     "appium:udid": "emulator-5554"
&amp#27;[38;5;32m[AndroidUiautomator2Driver@8661]&amp#27;[0m   },
&amp#27;[38;5;32m[AndroidUiautomator2Driver@8661]&amp#27;[0m   "firstMatch": [
&amp#27;[38;5;32m[AndroidUiautomator2Driver@8661]&amp#27;[0m     {}
&amp#27;[38;5;32m[AndroidUiautomator2Driver@8661]&amp#27;[0m   ]
&amp#27;[38;5;32m[AndroidUiautomator2Driver@8661]&amp#27;[0m }
&amp#27;[38;5;32m[AndroidUiautomator2Driver@8661 (048b81f9)]&amp#27;[0m Session created with session id: 048b81f9-bbe2-4d28-835e-a7283204d7f1
&amp#27;[38;5;48m[BaseDriver]&amp#27;[0m Using local app '/Users/vaida/edON/appium/Android-MyDemoAppRN.1.3.0.build-244.apk'
&amp#27;[38;5;32m[AndroidUiautomator2Driver@8661 (048b81f9)]&amp#27;[0m Checking whether app is actually present
&amp#27;[38;5;64m[ADB]&amp#27;[0m Using 'adb' from '/Users/vaida/Library/Android/sdk/platform-tools/adb'
&amp#27;[38;5;64m[ADB]&amp#27;[0m Running '/Users/vaida/Library/Android/sdk/platform-tools/adb -P 5037 start-server'
&amp#27;[38;5;80m[AndroidDriver]&amp#27;[0m Retrieving device list
&amp#27;[38;5;64m[ADB]&amp#27;[0m Trying to find a connected android device
&amp#27;[38;5;64m[ADB]&amp#27;[0m Getting connected devices
&amp#27;[38;5;64m[ADB]&amp#27;[0m Connected devices: [{"udid":"emulator-5554","state":"device"}]
&amp#27;[38;5;80m[AndroidDriver]&amp#27;[0m Using device: emulator-5554
&amp#27;[38;5;64m[ADB]&amp#27;[0m Using 'adb' from '/Users/vaida/Library/Android/sdk/platform-tools/adb'
&amp#27;[38;5;64m[ADB]&amp#27;[0m Running '/Users/vaida/Library/Android/sdk/platform-tools/adb -P 5037 start-server'
&amp#27;[38;5;64m[ADB]&amp#27;[0m Setting device id to emulator-5554
&amp#27;[38;5;64m[ADB]&amp#27;[0m Running '/Users/vaida/Library/Android/sdk/platform-tools/adb -P 5037 -s emulator-5554 shell getprop ro.build.version.sdk'
&amp#27;[38;5;64m[ADB]&amp#27;[0m Current device property 'ro.build.version.sdk': 31
&amp#27;[38;5;64m[ADB]&amp#27;[0m Getting device platform version
&amp#27;[38;5;64m[ADB]&amp#27;[0m Running '/Users/vaida/Library/Android/sdk/platform-tools/adb -P 5037 -s emulator-5554 shell getprop ro.build.version.release'
&amp#27;[38;5;64m[ADB]&amp#27;[0m Current device property 'ro.build.version.release': 12
&amp#27;[38;5;64m[ADB]&amp#27;[0m Device API level: 31
&amp#27;[38;5;32m[AndroidUiautomator2Driver@8661 (048b81f9)]&amp#27;[0m Relaxing hidden api policy
&amp#27;[38;5;64m[ADB]&amp#27;[0m Running '/Users/vaida/Library/Android/sdk/platform-tools/adb -P 5037 -s emulator-5554 shell 'settings put global hidden_api_policy_pre_p_apps 1;settings put global hidden_api_policy_p_apps 1;settings put global hidden_api_policy 1''
&amp#27;[38;5;80m[AndroidDriver]&amp#27;[0m Parsing package and activity from app manifest
&amp#27;[38;5;64m[ADB]&amp#27;[0m Package name: 'com.saucelabs.mydemoapp.rn'
&amp#27;[38;5;64m[ADB]&amp#27;[0m Main activity name: 'com.saucelabs.mydemoapp.rn.MainActivity'
&amp#27;[38;5;80m[AndroidDriver]&amp#27;[0m Parsed package and activity are: com.saucelabs.mydemoapp.rn/com.saucelabs.mydemoapp.rn.MainActivity
&amp#27;[38;5;64m[ADB]&amp#27;[0m Running '/Users/vaida/Library/Android/sdk/platform-tools/adb -P 5037 -s emulator-5554 wait-for-device'
&amp#27;[38;5;64m[ADB]&amp#27;[0m Running '/Users/vaida/Library/Android/sdk/platform-tools/adb -P 5037 -s emulator-5554 shell echo ping'
&amp#27;[38;5;80m[AndroidDriver]&amp#27;[0m Pushing settings apk to device...
&amp#27;[38;5;64m[ADB]&amp#27;[0m Getting install status for io.appium.settings
&amp#27;[38;5;64m[ADB]&amp#27;[0m Running '/Users/vaida/Library/Android/sdk/platform-tools/adb -P 5037 -s emulator-5554 shell dumpsys package io.appium.settings'
&amp#27;[38;5;64m[ADB]&amp#27;[0m 'io.appium.settings' is installed
&amp#27;[38;5;64m[ADB]&amp#27;[0m Getting package info for 'io.appium.settings'
&amp#27;[38;5;64m[ADB]&amp#27;[0m Running '/Users/vaida/Library/Android/sdk/platform-tools/adb -P 5037 -s emulator-5554 shell dumpsys package io.appium.settings'
&amp#27;[38;5;64m[ADB]&amp#27;[0m The version name of the installed 'io.appium.settings' is greater or equal to the application version name ('4.1.1' >= '4.1.1')
&amp#27;[38;5;64m[ADB]&amp#27;[0m There is no need to install/upgrade '/Users/vaida/.appium/node_modules/appium-uiautomator2-driver/node_modules/io.appium.settings/apks/settings_apk-debug.apk'
&amp#27;[38;5;64m[ADB]&amp#27;[0m Getting IDs of all 'io.appium.settings' processes
&amp#27;[38;5;64m[ADB]&amp#27;[0m Running '/Users/vaida/Library/Android/sdk/platform-tools/adb -P 5037 -s emulator-5554 shell 'pgrep --help; echo $?''
&amp#27;[38;5;64m[ADB]&amp#27;[0m Running '/Users/vaida/Library/Android/sdk/platform-tools/adb -P 5037 -s emulator-5554 shell pgrep -f \(\[\[:blank:\]\]\|\^\)io\.appium\.settings\(\[\[:blank:\]\]\|\$\)'
&amp#27;[38;5;112m[Instrumentation]&amp#27;[0m The process has exited with code 0
&amp#27;[38;5;80m[AndroidDriver]&amp#27;[0m io.appium.settings is already running. There is no need to reset its permissions.
&amp#27;[38;5;96m[Logcat]&amp#27;[0m Starting logs capture with command: /Users/vaida/Library/Android/sdk/platform-tools/adb -P 5037 -s emulator-5554 logcat -v threadtime
&amp#27;[38;5;32m[AndroidUiautomator2Driver@8661 (048b81f9)]&amp#27;[0m Forwarding UiAutomator2 Server port 6790 to local port 8200
&amp#27;[38;5;64m[ADB]&amp#27;[0m Forwarding system: 8200 to device: 6790
&amp#27;[38;5;64m[ADB]&amp#27;[0m Running '/Users/vaida/Library/Android/sdk/platform-tools/adb -P 5037 -s emulator-5554 forward tcp:8200 tcp:6790'
&amp#27;[38;5;64m[ADB]&amp#27;[0m Getting install status for io.appium.uiautomator2.server
&amp#27;[38;5;64m[ADB]&amp#27;[0m Running '/Users/vaida/Library/Android/sdk/platform-tools/adb -P 5037 -s emulator-5554 shell dumpsys package io.appium.uiautomator2.server'
&amp#27;[38;5;64m[ADB]&amp#27;[0m 'io.appium.uiautomator2.server' is installed
&amp#27;[38;5;64m[ADB]&amp#27;[0m Getting package info for 'io.appium.uiautomator2.server'
&amp#27;[38;5;64m[ADB]&amp#27;[0m Running '/Users/vaida/Library/Android/sdk/platform-tools/adb -P 5037 -s emulator-5554 shell dumpsys package io.appium.uiautomator2.server'
&amp#27;[38;5;64m[ADB]&amp#27;[0m The version name of the installed 'io.appium.uiautomator2.server' is greater or equal to the application version name ('5.6.2' >= '5.6.2')
&amp#27;[38;5;32m[AndroidUiautomator2Driver@8661 (048b81f9)]&amp#27;[0m io.appium.uiautomator2.server installation state: sameVersionInstalled
&amp#27;[38;5;64m[ADB]&amp#27;[0m Checking app cert for /Users/vaida/.appium/node_modules/appium-uiautomator2-driver/node_modules/appium-uiautomator2-server/apks/appium-uiautomator2-server-v5.6.2.apk
&amp#27;[38;5;64m[ADB]&amp#27;[0m Using the previously cached signature entry for 'appium-uiautomator2-server-v5.6.2.apk'
&amp#27;[38;5;64m[ADB]&amp#27;[0m sha256 hash did match for 'appium-uiautomator2-server-v5.6.2.apk'
&amp#27;[38;5;64m[ADB]&amp#27;[0m Getting install status for io.appium.uiautomator2.server.test
&amp#27;[38;5;64m[ADB]&amp#27;[0m Running '/Users/vaida/Library/Android/sdk/platform-tools/adb -P 5037 -s emulator-5554 shell dumpsys package io.appium.uiautomator2.server.test'
&amp#27;[38;5;64m[ADB]&amp#27;[0m 'io.appium.uiautomator2.server.test' is installed
&amp#27;[38;5;64m[ADB]&amp#27;[0m Checking app cert for /Users/vaida/.appium/node_modules/appium-uiautomator2-driver/node_modules/appium-uiautomator2-server/apks/appium-uiautomator2-server-debug-androidTest.apk
&amp#27;[38;5;64m[ADB]&amp#27;[0m Using the previously cached signature entry for 'appium-uiautomator2-server-debug-androidTest.apk'
&amp#27;[38;5;64m[ADB]&amp#27;[0m sha256 hash did match for 'appium-uiautomator2-server-debug-androidTest.apk'
&amp#27;[38;5;32m[AndroidUiautomator2Driver@8661 (048b81f9)]&amp#27;[0m Server packages are not going to be (re)installed
&amp#27;[38;5;32m[AndroidUiautomator2Driver@8661 (048b81f9)]&amp#27;[0m Waiting up to 30000ms for services to be available
&amp#27;[38;5;64m[ADB]&amp#27;[0m Running '/Users/vaida/Library/Android/sdk/platform-tools/adb -P 5037 -s emulator-5554 shell pm list instrumentation'
&amp#27;[38;5;32m[AndroidUiautomator2Driver@8661 (048b81f9)]&amp#27;[0m Instrumentation target 'io.appium.uiautomator2.server.test/androidx.test.runner.AndroidJUnitRunner' is available
&amp#27;[38;5;64m[ADB]&amp#27;[0m Adding packages ["io.appium.settings","io.appium.uiautomator2.server","io.appium.uiautomator2.server.test"] to Doze whitelist
&amp#27;[38;5;64m[ADB]&amp#27;[0m Got the following command chunks to execute: [["dumpsys","deviceidle","whitelist","+io.appium.settings",";","dumpsys","deviceidle","whitelist","+io.appium.uiautomator2.server",";","dumpsys","deviceidle","whitelist","+io.appium.uiautomator2.server.test",";"]]
&amp#27;[38;5;64m[ADB]&amp#27;[0m Running '/Users/vaida/Library/Android/sdk/platform-tools/adb -P 5037 -s emulator-5554 shell dumpsys deviceidle whitelist +io.appium.settings ; dumpsys deviceidle whitelist +io.appium.uiautomator2.server ; dumpsys deviceidle whitelist +io.appium.uiautomator2.server.test ;'
&amp#27;[38;5;64m[ADB]&amp#27;[0m Checking app cert for /Users/vaida/edON/appium/Android-MyDemoAppRN.1.3.0.build-244.apk
&amp#27;[38;5;64m[ADB]&amp#27;[0m Using the previously cached signature entry for 'Android-MyDemoAppRN.1.3.0.build-244.apk'
&amp#27;[38;5;64m[ADB]&amp#27;[0m Getting install status for com.saucelabs.mydemoapp.rn
&amp#27;[38;5;64m[ADB]&amp#27;[0m Running '/Users/vaida/Library/Android/sdk/platform-tools/adb -P 5037 -s emulator-5554 shell dumpsys package com.saucelabs.mydemoapp.rn'
&amp#27;[38;5;64m[ADB]&amp#27;[0m 'com.saucelabs.mydemoapp.rn' is installed
&amp#27;[38;5;64m[ADB]&amp#27;[0m Getting package info for 'com.saucelabs.mydemoapp.rn'
&amp#27;[38;5;64m[ADB]&amp#27;[0m Running '/Users/vaida/Library/Android/sdk/platform-tools/adb -P 5037 -s emulator-5554 shell dumpsys package com.saucelabs.mydemoapp.rn'
&amp#27;[38;5;64m[ADB]&amp#27;[0m The version name of the installed 'com.saucelabs.mydemoapp.rn' is greater or equal to the application version name ('1.3.0' >= '1.3.0')
&amp#27;[38;5;64m[ADB]&amp#27;[0m There is no need to install/upgrade '/Users/vaida/edON/appium/Android-MyDemoAppRN.1.3.0.build-244.apk'
&amp#27;[38;5;80m[AndroidDriver]&amp#27;[0m Performing fast reset on 'com.saucelabs.mydemoapp.rn'
&amp#27;[38;5;64m[ADB]&amp#27;[0m Getting install status for com.saucelabs.mydemoapp.rn
&amp#27;[38;5;64m[ADB]&amp#27;[0m Running '/Users/vaida/Library/Android/sdk/platform-tools/adb -P 5037 -s emulator-5554 shell dumpsys package com.saucelabs.mydemoapp.rn'
&amp#27;[38;5;64m[ADB]&amp#27;[0m 'com.saucelabs.mydemoapp.rn' is installed
&amp#27;[38;5;64m[ADB]&amp#27;[0m Running '/Users/vaida/Library/Android/sdk/platform-tools/adb -P 5037 -s emulator-5554 shell am force-stop com.saucelabs.mydemoapp.rn'
&amp#27;[38;5;64m[ADB]&amp#27;[0m Running '/Users/vaida/Library/Android/sdk/platform-tools/adb -P 5037 -s emulator-5554 shell pm clear com.saucelabs.mydemoapp.rn'
&amp#27;[38;5;80m[AndroidDriver]&amp#27;[0m Performed fast reset on the installed 'com.saucelabs.mydemoapp.rn' application (stop and clear)
&amp#27;[38;5;32m[AndroidUiautomator2Driver@8661 (048b81f9)]&amp#27;[0m Performing shallow cleanup of automation leftovers
&amp#27;[38;5;32m[AndroidUiautomator2Driver@8661 (048b81f9)]&amp#27;[0m No obsolete sessions have been detected (socket hang up)
&amp#27;[38;5;64m[ADB]&amp#27;[0m Running '/Users/vaida/Library/Android/sdk/platform-tools/adb -P 5037 -s emulator-5554 shell am force-stop io.appium.uiautomator2.server.test'
&amp#27;[38;5;32m[AndroidUiautomator2Driver@8661 (048b81f9)]&amp#27;[0m Starting UIAutomator2 server 5.6.2
&amp#27;[38;5;32m[AndroidUiautomator2Driver@8661 (048b81f9)]&amp#27;[0m Using UIAutomator2 server from '/Users/vaida/.appium/node_modules/appium-uiautomator2-driver/node_modules/appium-uiautomator2-server/apks/appium-uiautomator2-server-v5.6.2.apk' and test from '/Users/vaida/.appium/node_modules/appium-uiautomator2-driver/node_modules/appium-uiautomator2-server/apks/appium-uiautomator2-server-debug-androidTest.apk'
&amp#27;[38;5;32m[AndroidUiautomator2Driver@8661 (048b81f9)]&amp#27;[0m Waiting up to 30000ms for UiAutomator2 to be online...
&amp#27;[38;5;64m[ADB]&amp#27;[0m Creating ADB subprocess with args: ["-P",5037,"-s","emulator-5554","shell","am","instrument","-w","-e","disableAnalytics",true,"io.appium.uiautomator2.server.test/androidx.test.runner.AndroidJUnitRunner"]
&amp#27;[38;5;32m[AndroidUiautomator2Driver@8661 (048b81f9)]&amp#27;[0m Matched '/status' to command name 'getStatus'
&amp#27;[38;5;32m[AndroidUiautomator2Driver@8661 (048b81f9)]&amp#27;[0m Proxying [GET /status] to [GET http://127.0.0.1:8200/status] with no body
&amp#27;[38;5;32m[AndroidUiautomator2Driver@8661 (048b81f9)]&amp#27;[0m socket hang up
&amp#27;[35m[Appium]&amp#27;[39m Welcome to Appium v2.2.3 (REV 32ff40f688a49e02428eb3f20232aac69ffeeea0)
&amp#27;[35m[Appium]&amp#27;[39m Non-default server args:
&amp#27;[35m[Appium]&amp#27;[39m { address: &amp#27;[32m'127.0.0.1'&amp#27;[39m, port: &amp#27;[33m4728&amp#27;[39m }
&amp#27;[35m[Appium]&amp#27;[39m Attempting to load driver uiautomator2...
&amp#27;[35m[Appium]&amp#27;[39m Requiring driver at /Users/vaida/.appium/node_modules/appium-uiautomator2-driver
&amp#27;[38;5;112m[Instrumentation]&amp#27;[0m io.appium.uiautomator2.server.test.AppiumUiAutomator2Server:
&amp#27;[38;5;0m[HTTP]&amp#27;[0m Could not start REST http interface listener. The requested port may already be in use. Please make sure there is no other instance of this server running already.
&amp#27;[35m[Appium]&amp#27;[39m Error: listen EADDRINUSE: address already in use 127.0.0.1:4728
&amp#27;[35m[Appium]&amp#27;[39m Could not configure Appium server. It's possible that a driver or plugin tried to update the server and failed. Original error: listen EADDRINUSE: address already in use 127.0.0.1:4728
&amp#27;[35m[Appium]&amp#27;[39m     at Server.setupListenHandle [as _listen2] (node:net:1829:16)
&amp#27;[35m[Appium]&amp#27;[39m     at listenInCluster (node:net:1877:12)
&amp#27;[35m[Appium]&amp#27;[39m     at doListen (node:net:2026:7)
&amp#27;[35m[Appium]&amp#27;[39m     at processTicksAndRejections (node:internal/process/task_queues:83:21)
&amp#27;[38;5;32m[AndroidUiautomator2Driver@8661 (048b81f9)]&amp#27;[0m Matched '/status' to command name 'getStatus'
&amp#27;[38;5;32m[AndroidUiautomator2Driver@8661 (048b81f9)]&amp#27;[0m Proxying [GET /status] to [GET http://127.0.0.1:8200/status] with no body
&amp#27;[38;5;32m[AndroidUiautomator2Driver@8661 (048b81f9)]&amp#27;[0m socket hang up
&amp#27;[38;5;32m[AndroidUiautomator2Driver@8661 (048b81f9)]&amp#27;[0m Matched '/status' to command name 'getStatus'
&amp#27;[38;5;32m[AndroidUiautomator2Driver@8661 (048b81f9)]&amp#27;[0m Proxying [GET /status] to [GET http://127.0.0.1:8200/status] with no body
&amp#27;[38;5;32m[AndroidUiautomator2Driver@8661 (048b81f9)]&amp#27;[0m Got response with status 200: {"sessionId":"None","value":{"message":"UiAutomator2 Server is ready to accept commands","ready":true}}
&amp#27;[38;5;32m[AndroidUiautomator2Driver@8661 (048b81f9)]&amp#27;[0m The initialization of the instrumentation process took 2059ms
&amp#27;[38;5;32m[AndroidUiautomator2Driver@8661 (048b81f9)]&amp#27;[0m Matched '/session' to command name 'createSession'
&amp#27;[38;5;32m[AndroidUiautomator2Driver@8661 (048b81f9)]&amp#27;[0m Proxying [POST /session] to [POST http://127.0.0.1:8200/session] with body: {"capabilities":{"firstMatch":[{"platform":"LINUX","webStorageEnabled":false,"takesScreenshot":true,"javascriptEnabled":true,"databaseEnabled":false,"networkConnectionEnabled":true,"locationContextEnabled":false,"warnings":{},"desired":{"platformName":"ANDROID","app":"/Users/vaida/edON/appium/Android-MyDemoAppRN.1.3.0.build-244.apk","automationName":"UiAutomator2","avdLaunchTimeout":5000,"avdReadyTimeout":5000,"eventTimings":true,"platformVersion":"12.0","udid":"emulator-5554"},"platformName":"ANDROID","app":"/Users/vaida/edON/appium/Android-MyDemoAppRN.1.3.0.build-244.apk","automationName":"UiAutomator2","avdLaunchTimeout":5000,"avdReadyTimeout":5000,"eventTimings":true,"platformVersion":"12.0","udid":"emulator-5554","deviceName":"emulator-5554","deviceUDID":"emulator-5554","appPackage":"com.saucelabs.mydemoapp.rn"}],"alwaysMatch":{}}}
&amp#27;[38;5;32m[AndroidUiautomator2Driver@8661 (048b81f9)]&amp#27;[0m Got response with status 200: {"sessionId":"a5f361c4-e358-435b-afea-5dcbbe861bcd","value":{"capabilities":{"firstMatch":[{"platform":"LINUX","webStorageEnabled":false,"takesScreenshot":true,"javascriptEnabled":true,"databaseEnabled":false,"networkConnectionEnabled":true,"locationContextEnabled":false,"warnings":{},"desired":{"platformName":"ANDROID","app":"/Users/vaida/edON/appium/Android-MyDemoAppRN.1.3.0.build-244.apk","automationName":"UiAutomator2","avdLaunchTimeout":5000,"avdReadyTimeout":5000,"eventTimings":true,"platformVersion":"12.0","udid":"emulator-5554"},"platformName":"ANDROID","app":"/Users/vaida/edON/appium/Android-MyDemoAppRN.1.3.0.build-244.apk","automationName":"UiAutomator2","avdLaunchTimeout":5000,"avdReadyTimeout":5000,"eventTimings":true,"platformVersion":"12.0","udid":"emulator-5554","deviceName":"emulator-5554","deviceUDID":"emulator-5554","appPackage":"com.saucelabs.mydemoapp.rn"}],"alwaysMatch":{}},"sessionId":"a5f361c4-e358-435b-afea-5dcbbe861bcd"}}
&amp#27;[38;5;32m[AndroidUiautomator2Driver@8661 (048b81f9)]&amp#27;[0m Determined the downstream protocol as 'W3C'
&amp#27;[38;5;32m[AndroidUiautomator2Driver@8661 (048b81f9)]&amp#27;[0m Proxying [GET /appium/device/info] to [GET http://127.0.0.1:8200/session/a5f361c4-e358-435b-afea-5dcbbe861bcd/appium/device/info] with no body
&amp#27;[38;5;32m[AndroidUiautomator2Driver@8661 (048b81f9)]&amp#27;[0m Got response with status 200: {"sessionId":"a5f361c4-e358-435b-afea-5dcbbe861bcd","value":{"androidId":"f451b2ee40c2295a","apiVersion":"31","bluetooth":{"state":"ON"},"brand":"google","carrierName":"T-Mobile","displayDensity":440,"locale":"en_US","manufacturer":"Google","model":"sdk_gphone64_arm64","networks":[{"capabilities":{"SSID":null,"linkDownBandwidthKbps":4300,"linkUpstreamBandwidthKbps":1800,"networkCapabilities":"NET_CAPABILITY_MMS,NET_CAPABILITY_SUPL,NET_CAPABILITY_DUN,NET_CAPABILITY_FOTA,NET_CAPABILITY_IMS,NET_CAPABILITY_CBS,NET_CAPABILITY_INTERNET,NET_CAPABILITY_NOT_RESTRICTED,NET_CAPABILITY_TRUSTED,NET_CAPABILITY_NOT_VPN,NET_CAPABILITY_VALIDATED,NET_CAPABILITY_NOT_ROAMING,NET_CAPABILITY_FOREGROUND,NET_CAPABILITY_NOT_CONGESTED,NET_CAPABILITY_NOT_SUSPENDED","signalStrength":-2147483648,"transportTypes":"TRANSPORT_CELLULAR"},"detailedState":"CONNECTED","extraInfo":"epc.tmobile.com","isAvailable":true,"isConnected":true,"isFailover":false,"isRoaming":false,"state":"CONNECTED","subtype":10,"subtypeName":"HSPA","type":0,"typeNam...
&amp#27;[38;5;64m[ADB]&amp#27;[0m Running '/Users/vaida/Library/Android/sdk/platform-tools/adb -P 5037 -s emulator-5554 shell dumpsys window'
&amp#27;[38;5;80m[AndroidDriver]&amp#27;[0m Screen already unlocked, doing nothing
&amp#27;[38;5;32m[AndroidUiautomator2Driver@8661 (048b81f9)]&amp#27;[0m Starting 'com.saucelabs.mydemoapp.rn/com.saucelabs.mydemoapp.rn.MainActivity and waiting for 'com.saucelabs.mydemoapp.rn/com.saucelabs.mydemoapp.rn.MainActivity'
&amp#27;[38;5;64m[ADB]&amp#27;[0m Running '/Users/vaida/Library/Android/sdk/platform-tools/adb -P 5037 -s emulator-5554 shell am start -W -n com.saucelabs.mydemoapp.rn/com.saucelabs.mydemoapp.rn.MainActivity -S -a android.intent.action.MAIN -c android.intent.category.LAUNCHER -f 0x10200000'
&amp#27;[38;5;64m[ADB]&amp#27;[0m Waiting up to 20000ms for activity matching pkg: 'com.saucelabs.mydemoapp.rn' and activity: 'com.saucelabs.mydemoapp.rn.MainActivity' to be focused
&amp#27;[38;5;64m[ADB]&amp#27;[0m Possible activities, to be checked: 'com.saucelabs.mydemoapp.rn.MainActivity', 'com.saucelabs.mydemoapp.rn.com.saucelabs.mydemoapp.rn.MainActivity'
&amp#27;[38;5;64m[ADB]&amp#27;[0m Getting focused package and activity
&amp#27;[38;5;64m[ADB]&amp#27;[0m Running '/Users/vaida/Library/Android/sdk/platform-tools/adb -P 5037 -s emulator-5554 shell dumpsys window displays'
&amp#27;[38;5;64m[ADB]&amp#27;[0m Found package: 'com.saucelabs.mydemoapp.rn' and fully qualified activity name : 'com.saucelabs.mydemoapp.rn.MainActivity'
&amp#27;[38;5;32m[AndroidUiautomator2Driver@8661 (048b81f9)]&amp#27;[0m Proxying [GET /appium/device/pixel_ratio] to [GET http://127.0.0.1:8200/session/a5f361c4-e358-435b-afea-5dcbbe861bcd/appium/device/pixel_ratio] with no body
&amp#27;[38;5;32m[AndroidUiautomator2Driver@8661 (048b81f9)]&amp#27;[0m Got response with status 200: {"sessionId":"a5f361c4-e358-435b-afea-5dcbbe861bcd","value":2.75}
&amp#27;[38;5;32m[AndroidUiautomator2Driver@8661 (048b81f9)]&amp#27;[0m Matched '/appium/device/system_bars' to command name 'getSystemBars'
&amp#27;[38;5;32m[AndroidUiautomator2Driver@8661 (048b81f9)]&amp#27;[0m Proxying [GET /appium/device/system_bars] to [GET http://127.0.0.1:8200/session/a5f361c4-e358-435b-afea-5dcbbe861bcd/appium/device/system_bars] with no body
&amp#27;[38;5;32m[AndroidUiautomator2Driver@8661 (048b81f9)]&amp#27;[0m Got response with status 200: {"sessionId":"a5f361c4-e358-435b-afea-5dcbbe861bcd","value":{"statusBar":66}}
&amp#27;[38;5;32m[AndroidUiautomator2Driver@8661 (048b81f9)]&amp#27;[0m Matched '/window/current/size' to command name 'getWindowSize'
&amp#27;[38;5;32m[AndroidUiautomator2Driver@8661 (048b81f9)]&amp#27;[0m Proxying [GET /window/current/size] to [GET http://127.0.0.1:8200/session/a5f361c4-e358-435b-afea-5dcbbe861bcd/window/current/size] with no body
&amp#27;[38;5;32m[AndroidUiautomator2Driver@8661 (048b81f9)]&amp#27;[0m Got response with status 200: {"sessionId":"a5f361c4-e358-435b-afea-5dcbbe861bcd","value":{"height":2208,"width":1080}}
&amp#27;[38;5;16m[AppiumDriver@fa87]&amp#27;[0m New AndroidUiautomator2Driver session created successfully, session 048b81f9-bbe2-4d28-835e-a7283204d7f1 added to master session list
&amp#27;[38;5;16m[AppiumDriver@fa87]&amp#27;[0m Event 'newSessionStarted' logged at 1702385514407 (14:51:54 GMT+0200 (Eastern European Standard Time))
&amp#27;[38;5;32m[AndroidUiautomator2Driver@8661 (048b81f9)]&amp#27;[0m Cached the protocol value 'W3C' for the new session 048b81f9-bbe2-4d28-835e-a7283204d7f1
&amp#27;[38;5;32m[AndroidUiautomator2Driver@8661 (048b81f9)]&amp#27;[0m Responding to client with driver.createSession() result: {"capabilities":{"platform":"LINUX","webStorageEnabled":false,"takesScreenshot":true,"javascriptEnabled":true,"databaseEnabled":false,"networkConnectionEnabled":true,"locationContextEnabled":false,"warnings":{},"desired":{"platformName":"ANDROID","app":"/Users/vaida/edON/appium/Android-MyDemoAppRN.1.3.0.build-244.apk","automationName":"UiAutomator2","avdLaunchTimeout":5000,"avdReadyTimeout":5000,"eventTimings":true,"platformVersion":"12.0","udid":"emulator-5554"},"platformName":"ANDROID","app":"/Users/vaida/edON/appium/Android-MyDemoAppRN.1.3.0.build-244.apk","automationName":"UiAutomator2","avdLaunchTimeout":5000,"avdReadyTimeout":5000,"eventTimings":true,"platformVersion":"12","udid":"emulator-5554","deviceName":"emulator-5554","deviceUDID":"emulator-5554","appPackage":"com.saucelabs.mydemoapp.rn","deviceApiLevel":31,"deviceScreenSize":"1080x2340","deviceScreenDensity":440,"deviceModel":"sdk_gphone64_arm64","deviceManufacturer":"Google","pixelRatio":2.75,"statBarHeight":66,"viewportRect":{"left":0,"top":...
&amp#27;[38;5;0m[HTTP]&amp#27;[0m &amp#27;[37m<-- POST /session &amp#27;[39m&amp#27;[32m200&amp#27;[39m &amp#27;[90m4574 ms - 1114&amp#27;[39m
&amp#27;[38;5;0m[HTTP]&amp#27;[0m &amp#27;[90m&amp#27;[39m
&amp#27;[38;5;0m[HTTP]&amp#27;[0m &amp#27;[37m-->&amp#27;[39m &amp#27;[37mPOST&amp#27;[39m &amp#27;[37m/session/048b81f9-bbe2-4d28-835e-a7283204d7f1/timeouts&amp#27;[39m
&amp#27;[38;5;0m[HTTP]&amp#27;[0m &amp#27;[90m{"implicit":10000}&amp#27;[39m
&amp#27;[38;5;32m[AndroidUiautomator2Driver@8661 (048b81f9)]&amp#27;[0m Calling AppiumDriver.timeouts() with args: [null,null,null,null,10000,"048b81f9-bbe2-4d28-835e-a7283204d7f1"]
&amp#27;[38;5;32m[AndroidUiautomator2Driver@8661 (048b81f9)]&amp#27;[0m W3C timeout argument: {"implicit":10000}}
&amp#27;[38;5;32m[AndroidUiautomator2Driver@8661 (048b81f9)]&amp#27;[0m Set implicit wait to 10000ms
&amp#27;[38;5;32m[AndroidUiautomator2Driver@8661 (048b81f9)]&amp#27;[0m Responding to client with driver.timeouts() result: null
&amp#27;[38;5;0m[HTTP]&amp#27;[0m &amp#27;[37m<-- POST /session/048b81f9-bbe2-4d28-835e-a7283204d7f1/timeouts &amp#27;[39m&amp#27;[32m200&amp#27;[39m &amp#27;[90m1 ms - 14&amp#27;[39m
&amp#27;[38;5;0m[HTTP]&amp#27;[0m &amp#27;[90m&amp#27;[39m
&amp#27;[38;5;0m[HTTP]&amp#27;[0m &amp#27;[37m-->&amp#27;[39m &amp#27;[37mPOST&amp#27;[39m &amp#27;[37m/session/048b81f9-bbe2-4d28-835e-a7283204d7f1/element&amp#27;[39m
&amp#27;[38;5;0m[HTTP]&amp#27;[0m &amp#27;[90m{"using":"-android uiautomator","value":"new UiSelector().text(\"Products\")"}&amp#27;[39m
&amp#27;[38;5;32m[AndroidUiautomator2Driver@8661 (048b81f9)]&amp#27;[0m Calling AppiumDriver.findElement() with args: ["-android uiautomator","new UiSelector().text(\"Products\")","048b81f9-bbe2-4d28-835e-a7283204d7f1"]
&amp#27;[38;5;32m[AndroidUiautomator2Driver@8661 (048b81f9)]&amp#27;[0m Valid locator strategies for this request: xpath, id, class name, accessibility id, css selector, -android uiautomator
&amp#27;[38;5;32m[AndroidUiautomator2Driver@8661 (048b81f9)]&amp#27;[0m Waiting up to 10000 ms for condition
&amp#27;[38;5;32m[AndroidUiautomator2Driver@8661 (048b81f9)]&amp#27;[0m Matched '/element' to command name 'findElement'
&amp#27;[38;5;32m[AndroidUiautomator2Driver@8661 (048b81f9)]&amp#27;[0m Proxying [POST /element] to [POST http://127.0.0.1:8200/session/a5f361c4-e358-435b-afea-5dcbbe861bcd/element] with body: {"strategy":"-android uiautomator","selector":"new UiSelector().text(\"Products\")","context":"","multiple":false}
&amp#27;[38;5;32m[AndroidUiautomator2Driver@8661 (048b81f9)]&amp#27;[0m Got response with status 200: {"sessionId":"a5f361c4-e358-435b-afea-5dcbbe861bcd","value":{"ELEMENT":"00000000-0000-0215-ffff-ffff00000030","element-6066-11e4-a52e-4f735466cecf":"00000000-0000-0215-ffff-ffff00000030"}}
&amp#27;[38;5;32m[AndroidUiautomator2Driver@8661 (048b81f9)]&amp#27;[0m Responding to client with driver.findElement() result: {"element-6066-11e4-a52e-4f735466cecf":"00000000-0000-0215-ffff-ffff00000030","ELEMENT":"00000000-0000-0215-ffff-ffff00000030"}
&amp#27;[38;5;0m[HTTP]&amp#27;[0m &amp#27;[37m<-- POST /session/048b81f9-bbe2-4d28-835e-a7283204d7f1/element &amp#27;[39m&amp#27;[32m200&amp#27;[39m &amp#27;[90m528 ms - 137&amp#27;[39m
&amp#27;[38;5;0m[HTTP]&amp#27;[0m &amp#27;[90m&amp#27;[39m
&amp#27;[38;5;0m[HTTP]&amp#27;[0m &amp#27;[37m-->&amp#27;[39m &amp#27;[37mGET&amp#27;[39m &amp#27;[37m/session/048b81f9-bbe2-4d28-835e-a7283204d7f1/element/00000000-0000-0215-ffff-ffff00000030/displayed&amp#27;[39m
&amp#27;[38;5;0m[HTTP]&amp#27;[0m &amp#27;[90m{}&amp#27;[39m
&amp#27;[38;5;32m[AndroidUiautomator2Driver@8661 (048b81f9)]&amp#27;[0m Calling AppiumDriver.elementDisplayed() with args: ["00000000-0000-0215-ffff-ffff00000030","048b81f9-bbe2-4d28-835e-a7283204d7f1"]
&amp#27;[38;5;32m[AndroidUiautomator2Driver@8661 (048b81f9)]&amp#27;[0m Matched '/element/00000000-0000-0215-ffff-ffff00000030/attribute/displayed' to command name 'getAttribute'
&amp#27;[38;5;32m[AndroidUiautomator2Driver@8661 (048b81f9)]&amp#27;[0m Proxying [GET /element/00000000-0000-0215-ffff-ffff00000030/attribute/displayed] to [GET http://127.0.0.1:8200/session/a5f361c4-e358-435b-afea-5dcbbe861bcd/element/00000000-0000-0215-ffff-ffff00000030/attribute/displayed] with no body
&amp#27;[38;5;32m[AndroidUiautomator2Driver@8661 (048b81f9)]&amp#27;[0m Got response with status 200: {"sessionId":"a5f361c4-e358-435b-afea-5dcbbe861bcd","value":"true"}
&amp#27;[38;5;32m[AndroidUiautomator2Driver@8661 (048b81f9)]&amp#27;[0m Responding to client with driver.elementDisplayed() result: true
&amp#27;[38;5;0m[HTTP]&amp#27;[0m &amp#27;[37m<-- GET /session/048b81f9-bbe2-4d28-835e-a7283204d7f1/element/00000000-0000-0215-ffff-ffff00000030/displayed &amp#27;[39m&amp#27;[32m200&amp#27;[39m &amp#27;[90m13 ms - 14&amp#27;[39m
&amp#27;[38;5;0m[HTTP]&amp#27;[0m &amp#27;[90m&amp#27;[39m
&amp#27;[38;5;0m[HTTP]&amp#27;[0m &amp#27;[37m-->&amp#27;[39m &amp#27;[37mPOST&amp#27;[39m &amp#27;[37m/session/048b81f9-bbe2-4d28-835e-a7283204d7f1/element&amp#27;[39m
&amp#27;[38;5;0m[HTTP]&amp#27;[0m &amp#27;[90m{"using":"accessibility id","value":"sort button"}&amp#27;[39m
&amp#27;[38;5;32m[AndroidUiautomator2Driver@8661 (048b81f9)]&amp#27;[0m Calling AppiumDriver.findElement() with args: ["accessibility id","sort button","048b81f9-bbe2-4d28-835e-a7283204d7f1"]
&amp#27;[38;5;32m[AndroidUiautomator2Driver@8661 (048b81f9)]&amp#27;[0m Valid locator strategies for this request: xpath, id, class name, accessibility id, css selector, -android uiautomator
&amp#27;[38;5;32m[AndroidUiautomator2Driver@8661 (048b81f9)]&amp#27;[0m Waiting up to 10000 ms for condition
&amp#27;[38;5;32m[AndroidUiautomator2Driver@8661 (048b81f9)]&amp#27;[0m Matched '/element' to command name 'findElement'
&amp#27;[38;5;32m[AndroidUiautomator2Driver@8661 (048b81f9)]&amp#27;[0m Proxying [POST /element] to [POST http://127.0.0.1:8200/session/a5f361c4-e358-435b-afea-5dcbbe861bcd/element] with body: {"strategy":"accessibility id","selector":"sort button","context":"","multiple":false}
&amp#27;[38;5;32m[AndroidUiautomator2Driver@8661 (048b81f9)]&amp#27;[0m Got response with status 200: {"sessionId":"a5f361c4-e358-435b-afea-5dcbbe861bcd","value":{"ELEMENT":"00000000-0000-0215-ffff-ffff00000026","element-6066-11e4-a52e-4f735466cecf":"00000000-0000-0215-ffff-ffff00000026"}}
&amp#27;[38;5;32m[AndroidUiautomator2Driver@8661 (048b81f9)]&amp#27;[0m Responding to client with driver.findElement() result: {"element-6066-11e4-a52e-4f735466cecf":"00000000-0000-0215-ffff-ffff00000026","ELEMENT":"00000000-0000-0215-ffff-ffff00000026"}
&amp#27;[38;5;0m[HTTP]&amp#27;[0m &amp#27;[37m<-- POST /session/048b81f9-bbe2-4d28-835e-a7283204d7f1/element &amp#27;[39m&amp#27;[32m200&amp#27;[39m &amp#27;[90m21 ms - 137&amp#27;[39m
&amp#27;[38;5;0m[HTTP]&amp#27;[0m &amp#27;[90m&amp#27;[39m
&amp#27;[38;5;0m[HTTP]&amp#27;[0m &amp#27;[37m-->&amp#27;[39m &amp#27;[37mGET&amp#27;[39m &amp#27;[37m/session/048b81f9-bbe2-4d28-835e-a7283204d7f1/element/00000000-0000-0215-ffff-ffff00000026/displayed&amp#27;[39m
&amp#27;[38;5;0m[HTTP]&amp#27;[0m &amp#27;[90m{}&amp#27;[39m
&amp#27;[38;5;32m[AndroidUiautomator2Driver@8661 (048b81f9)]&amp#27;[0m Calling AppiumDriver.elementDisplayed() with args: ["00000000-0000-0215-ffff-ffff00000026","048b81f9-bbe2-4d28-835e-a7283204d7f1"]
&amp#27;[38;5;32m[AndroidUiautomator2Driver@8661 (048b81f9)]&amp#27;[0m Matched '/element/00000000-0000-0215-ffff-ffff00000026/attribute/displayed' to command name 'getAttribute'
&amp#27;[38;5;32m[AndroidUiautomator2Driver@8661 (048b81f9)]&amp#27;[0m Proxying [GET /element/00000000-0000-0215-ffff-ffff00000026/attribute/displayed] to [GET http://127.0.0.1:8200/session/a5f361c4-e358-435b-afea-5dcbbe861bcd/element/00000000-0000-0215-ffff-ffff00000026/attribute/displayed] with no body
&amp#27;[38;5;32m[AndroidUiautomator2Driver@8661 (048b81f9)]&amp#27;[0m Got response with status 200: {"sessionId":"a5f361c4-e358-435b-afea-5dcbbe861bcd","value":"true"}
&amp#27;[38;5;32m[AndroidUiautomator2Driver@8661 (048b81f9)]&amp#27;[0m Responding to client with driver.elementDisplayed() result: true
&amp#27;[38;5;0m[HTTP]&amp#27;[0m &amp#27;[37m<-- GET /session/048b81f9-bbe2-4d28-835e-a7283204d7f1/element/00000000-0000-0215-ffff-ffff00000026/displayed &amp#27;[39m&amp#27;[32m200&amp#27;[39m &amp#27;[90m5 ms - 14&amp#27;[39m
&amp#27;[38;5;0m[HTTP]&amp#27;[0m &amp#27;[90m&amp#27;[39m
&amp#27;[38;5;0m[HTTP]&amp#27;[0m &amp#27;[37m-->&amp#27;[39m &amp#27;[37mPOST&amp#27;[39m &amp#27;[37m/session/048b81f9-bbe2-4d28-835e-a7283204d7f1/element&amp#27;[39m
&amp#27;[38;5;0m[HTTP]&amp#27;[0m &amp#27;[90m{"using":"accessibility id","value":"sort button"}&amp#27;[39m
&amp#27;[38;5;32m[AndroidUiautomator2Driver@8661 (048b81f9)]&amp#27;[0m Calling AppiumDriver.findElement() with args: ["accessibility id","sort button","048b81f9-bbe2-4d28-835e-a7283204d7f1"]
&amp#27;[38;5;32m[AndroidUiautomator2Driver@8661 (048b81f9)]&amp#27;[0m Valid locator strategies for this request: xpath, id, class name, accessibility id, css selector, -android uiautomator
&amp#27;[38;5;32m[AndroidUiautomator2Driver@8661 (048b81f9)]&amp#27;[0m Waiting up to 10000 ms for condition
&amp#27;[38;5;32m[AndroidUiautomator2Driver@8661 (048b81f9)]&amp#27;[0m Matched '/element' to command name 'findElement'
&amp#27;[38;5;32m[AndroidUiautomator2Driver@8661 (048b81f9)]&amp#27;[0m Proxying [POST /element] to [POST http://127.0.0.1:8200/session/a5f361c4-e358-435b-afea-5dcbbe861bcd/element] with body: {"strategy":"accessibility id","selector":"sort button","context":"","multiple":false}
&amp#27;[38;5;32m[AndroidUiautomator2Driver@8661 (048b81f9)]&amp#27;[0m Got response with status 200: {"sessionId":"a5f361c4-e358-435b-afea-5dcbbe861bcd","value":{"ELEMENT":"00000000-0000-0215-ffff-ffff00000026","element-6066-11e4-a52e-4f735466cecf":"00000000-0000-0215-ffff-ffff00000026"}}
&amp#27;[38;5;32m[AndroidUiautomator2Driver@8661 (048b81f9)]&amp#27;[0m Responding to client with driver.findElement() result: {"element-6066-11e4-a52e-4f735466cecf":"00000000-0000-0215-ffff-ffff00000026","ELEMENT":"00000000-0000-0215-ffff-ffff00000026"}
&amp#27;[38;5;0m[HTTP]&amp#27;[0m &amp#27;[37m<-- POST /session/048b81f9-bbe2-4d28-835e-a7283204d7f1/element &amp#27;[39m&amp#27;[32m200&amp#27;[39m &amp#27;[90m11 ms - 137&amp#27;[39m
&amp#27;[38;5;0m[HTTP]&amp#27;[0m &amp#27;[90m&amp#27;[39m
&amp#27;[38;5;0m[HTTP]&amp#27;[0m &amp#27;[37m-->&amp#27;[39m &amp#27;[37mPOST&amp#27;[39m &amp#27;[37m/session/048b81f9-bbe2-4d28-835e-a7283204d7f1/element/00000000-0000-0215-ffff-ffff00000026/click&amp#27;[39m
&amp#27;[38;5;0m[HTTP]&amp#27;[0m &amp#27;[90m{"id":"00000000-0000-0215-ffff-ffff00000026"}&amp#27;[39m
&amp#27;[38;5;32m[AndroidUiautomator2Driver@8661 (048b81f9)]&amp#27;[0m Calling AppiumDriver.click() with args: ["00000000-0000-0215-ffff-ffff00000026","048b81f9-bbe2-4d28-835e-a7283204d7f1"]
&amp#27;[38;5;32m[AndroidUiautomator2Driver@8661 (048b81f9)]&amp#27;[0m Matched '/element/00000000-0000-0215-ffff-ffff00000026/click' to command name 'click'
&amp#27;[38;5;32m[AndroidUiautomator2Driver@8661 (048b81f9)]&amp#27;[0m Proxying [POST /element/00000000-0000-0215-ffff-ffff00000026/click] to [POST http://127.0.0.1:8200/session/a5f361c4-e358-435b-afea-5dcbbe861bcd/element/00000000-0000-0215-ffff-ffff00000026/click] with body: {"element":"00000000-0000-0215-ffff-ffff00000026"}
&amp#27;[38;5;32m[AndroidUiautomator2Driver@8661 (048b81f9)]&amp#27;[0m Got response with status 200: {"sessionId":"a5f361c4-e358-435b-afea-5dcbbe861bcd","value":null}
&amp#27;[38;5;32m[AndroidUiautomator2Driver@8661 (048b81f9)]&amp#27;[0m Responding to client with driver.click() result: null
&amp#27;[38;5;0m[HTTP]&amp#27;[0m &amp#27;[37m<-- POST /session/048b81f9-bbe2-4d28-835e-a7283204d7f1/element/00000000-0000-0215-ffff-ffff00000026/click &amp#27;[39m&amp#27;[32m200&amp#27;[39m &amp#27;[90m32 ms - 14&amp#27;[39m
&amp#27;[38;5;0m[HTTP]&amp#27;[0m &amp#27;[90m&amp#27;[39m
&amp#27;[38;5;0m[HTTP]&amp#27;[0m &amp#27;[37m-->&amp#27;[39m &amp#27;[37mPOST&amp#27;[39m &amp#27;[37m/session/048b81f9-bbe2-4d28-835e-a7283204d7f1/element&amp#27;[39m
&amp#27;[38;5;0m[HTTP]&amp#27;[0m &amp#27;[90m{"using":"accessibility id","value":"nameAsc"}&amp#27;[39m
&amp#27;[38;5;32m[AndroidUiautomator2Driver@8661 (048b81f9)]&amp#27;[0m Calling AppiumDriver.findElement() with args: ["accessibility id","nameAsc","048b81f9-bbe2-4d28-835e-a7283204d7f1"]
&amp#27;[38;5;32m[AndroidUiautomator2Driver@8661 (048b81f9)]&amp#27;[0m Valid locator strategies for this request: xpath, id, class name, accessibility id, css selector, -android uiautomator
&amp#27;[38;5;32m[AndroidUiautomator2Driver@8661 (048b81f9)]&amp#27;[0m Waiting up to 10000 ms for condition
&amp#27;[38;5;32m[AndroidUiautomator2Driver@8661 (048b81f9)]&amp#27;[0m Matched '/element' to command name 'findElement'
&amp#27;[38;5;32m[AndroidUiautomator2Driver@8661 (048b81f9)]&amp#27;[0m Proxying [POST /element] to [POST http://127.0.0.1:8200/session/a5f361c4-e358-435b-afea-5dcbbe861bcd/element] with body: {"strategy":"accessibility id","selector":"nameAsc","context":"","multiple":false}
&amp#27;[38;5;32m[AndroidUiautomator2Driver@8661 (048b81f9)]&amp#27;[0m Got response with status 404: {"sessionId":"a5f361c4-e358-435b-afea-5dcbbe861bcd","value":{"error":"no such element","message":"An element could not be located on the page using the given search parameters","stacktrace":"io.appium.uiautomator2.common.exceptions.ElementNotFoundException: An element could not be located on the page using the given search parameters\n\tat io.appium.uiautomator2.handler.FindElement.safeHandle(FindElement.java:70)\n\tat io.appium.uiautomator2.handler.request.SafeRequestHandler.handle(SafeRequestHandler.java:59)\n\tat io.appium.uiautomator2.server.AppiumServlet.handleRequest(AppiumServlet.java:267)\n\tat io.appium.uiautomator2.server.AppiumServlet.handleHttpRequest(AppiumServlet.java:261)\n\tat io.appium.uiautomator2.http.ServerHandler.channelRead(ServerHandler.java:68)\n\tat io.netty.channel.AbstractChannelHandlerContext.invokeChannelRead(AbstractChannelHandlerContext.java:366)\n\tat io.netty.channel.AbstractChannelHandlerContext.invokeChannelRead(AbstractChannelHandlerContext.java:352)\n\tat io.netty.chann...
&amp#27;[38;5;128m[W3C]&amp#27;[0m Matched W3C error code 'no such element' to NoSuchElementError
&amp#27;[38;5;32m[AndroidUiautomator2Driver@8661 (048b81f9)]&amp#27;[0m Waited for 56 ms so far
&amp#27;[38;5;32m[AndroidUiautomator2Driver@8661 (048b81f9)]&amp#27;[0m Matched '/element' to command name 'findElement'
&amp#27;[38;5;32m[AndroidUiautomator2Driver@8661 (048b81f9)]&amp#27;[0m Proxying [POST /element] to [POST http://127.0.0.1:8200/session/a5f361c4-e358-435b-afea-5dcbbe861bcd/element] with body: {"strategy":"accessibility id","selector":"nameAsc","context":"","multiple":false}
&amp#27;[38;5;32m[AndroidUiautomator2Driver@8661 (048b81f9)]&amp#27;[0m Got response with status 200: {"sessionId":"a5f361c4-e358-435b-afea-5dcbbe861bcd","value":{"ELEMENT":"00000000-0000-0216-ffff-ffff000000b2","element-6066-11e4-a52e-4f735466cecf":"00000000-0000-0216-ffff-ffff000000b2"}}
&amp#27;[38;5;32m[AndroidUiautomator2Driver@8661 (048b81f9)]&amp#27;[0m Responding to client with driver.findElement() result: {"element-6066-11e4-a52e-4f735466cecf":"00000000-0000-0216-ffff-ffff000000b2","ELEMENT":"00000000-0000-0216-ffff-ffff000000b2"}
&amp#27;[38;5;0m[HTTP]&amp#27;[0m &amp#27;[37m<-- POST /session/048b81f9-bbe2-4d28-835e-a7283204d7f1/element &amp#27;[39m&amp#27;[32m200&amp#27;[39m &amp#27;[90m581 ms - 137&amp#27;[39m
&amp#27;[38;5;0m[HTTP]&amp#27;[0m &amp#27;[90m&amp#27;[39m
&amp#27;[38;5;0m[HTTP]&amp#27;[0m &amp#27;[37m-->&amp#27;[39m &amp#27;[37mPOST&amp#27;[39m &amp#27;[37m/session/048b81f9-bbe2-4d28-835e-a7283204d7f1/element/00000000-0000-0216-ffff-ffff000000b2/click&amp#27;[39m
&amp#27;[38;5;0m[HTTP]&amp#27;[0m &amp#27;[90m{"id":"00000000-0000-0216-ffff-ffff000000b2"}&amp#27;[39m
&amp#27;[38;5;32m[AndroidUiautomator2Driver@8661 (048b81f9)]&amp#27;[0m Calling AppiumDriver.click() with args: ["00000000-0000-0216-ffff-ffff000000b2","048b81f9-bbe2-4d28-835e-a7283204d7f1"]
&amp#27;[38;5;32m[AndroidUiautomator2Driver@8661 (048b81f9)]&amp#27;[0m Matched '/element/00000000-0000-0216-ffff-ffff000000b2/click' to command name 'click'
&amp#27;[38;5;32m[AndroidUiautomator2Driver@8661 (048b81f9)]&amp#27;[0m Proxying [POST /element/00000000-0000-0216-ffff-ffff000000b2/click] to [POST http://127.0.0.1:8200/session/a5f361c4-e358-435b-afea-5dcbbe861bcd/element/00000000-0000-0216-ffff-ffff000000b2/click] with body: {"element":"00000000-0000-0216-ffff-ffff000000b2"}
&amp#27;[38;5;32m[AndroidUiautomator2Driver@8661 (048b81f9)]&amp#27;[0m Got response with status 200: {"sessionId":"a5f361c4-e358-435b-afea-5dcbbe861bcd","value":null}
&amp#27;[38;5;32m[AndroidUiautomator2Driver@8661 (048b81f9)]&amp#27;[0m Responding to client with driver.click() result: null
&amp#27;[38;5;0m[HTTP]&amp#27;[0m &amp#27;[37m<-- POST /session/048b81f9-bbe2-4d28-835e-a7283204d7f1/element/00000000-0000-0216-ffff-ffff000000b2/click &amp#27;[39m&amp#27;[32m200&amp#27;[39m &amp#27;[90m48 ms - 14&amp#27;[39m
&amp#27;[38;5;0m[HTTP]&amp#27;[0m &amp#27;[90m&amp#27;[39m
&amp#27;[38;5;0m[HTTP]&amp#27;[0m &amp#27;[37m-->&amp#27;[39m &amp#27;[37mPOST&amp#27;[39m &amp#27;[37m/session/048b81f9-bbe2-4d28-835e-a7283204d7f1/elements&amp#27;[39m
&amp#27;[38;5;0m[HTTP]&amp#27;[0m &amp#27;[90m{"using":"-android uiautomator","value":"description(\"store item text\")"}&amp#27;[39m
&amp#27;[38;5;32m[AndroidUiautomator2Driver@8661 (048b81f9)]&amp#27;[0m Calling AppiumDriver.findElements() with args: ["-android uiautomator","description(\"store item text\")","048b81f9-bbe2-4d28-835e-a7283204d7f1"]
&amp#27;[38;5;32m[AndroidUiautomator2Driver@8661 (048b81f9)]&amp#27;[0m Valid locator strategies for this request: xpath, id, class name, accessibility id, css selector, -android uiautomator
&amp#27;[38;5;32m[AndroidUiautomator2Driver@8661 (048b81f9)]&amp#27;[0m Waiting up to 10000 ms for condition
&amp#27;[38;5;32m[AndroidUiautomator2Driver@8661 (048b81f9)]&amp#27;[0m Matched '/elements' to command name 'findElements'
&amp#27;[38;5;32m[AndroidUiautomator2Driver@8661 (048b81f9)]&amp#27;[0m Proxying [POST /elements] to [POST http://127.0.0.1:8200/session/a5f361c4-e358-435b-afea-5dcbbe861bcd/elements] with body: {"strategy":"-android uiautomator","selector":"description(\"store item text\")","context":"","multiple":true}
&amp#27;[38;5;32m[AndroidUiautomator2Driver@8661 (048b81f9)]&amp#27;[0m Got response with status 200: {"sessionId":"a5f361c4-e358-435b-afea-5dcbbe861bcd","value":[]}
&amp#27;[38;5;32m[AndroidUiautomator2Driver@8661 (048b81f9)]&amp#27;[0m Waited for 16 ms so far
&amp#27;[38;5;32m[AndroidUiautomator2Driver@8661 (048b81f9)]&amp#27;[0m Matched '/elements' to command name 'findElements'
&amp#27;[38;5;32m[AndroidUiautomator2Driver@8661 (048b81f9)]&amp#27;[0m Proxying [POST /elements] to [POST http://127.0.0.1:8200/session/a5f361c4-e358-435b-afea-5dcbbe861bcd/elements] with body: {"strategy":"-android uiautomator","selector":"description(\"store item text\")","context":"","multiple":true}
&amp#27;[38;5;32m[AndroidUiautomator2Driver@8661 (048b81f9)]&amp#27;[0m Got response with status 200: {"sessionId":"a5f361c4-e358-435b-afea-5dcbbe861bcd","value":[{"ELEMENT":"00000000-0000-0215-ffff-ffff00000035","element-6066-11e4-a52e-4f735466cecf":"00000000-0000-0215-ffff-ffff00000035"},{"ELEMENT":"00000000-0000-0215-ffff-ffff00000044","element-6066-11e4-a52e-4f735466cecf":"00000000-0000-0215-ffff-ffff00000044"},{"ELEMENT":"00000000-0000-0215-ffff-ffff00000054","element-6066-11e4-a52e-4f735466cecf":"00000000-0000-0215-ffff-ffff00000054"},{"ELEMENT":"00000000-0000-0215-ffff-ffff00000063","element-6066-11e4-a52e-4f735466cecf":"00000000-0000-0215-ffff-ffff00000063"}]}
&amp#27;[38;5;32m[AndroidUiautomator2Driver@8661 (048b81f9)]&amp#27;[0m Responding to client with driver.findElements() result: [{"element-6066-11e4-a52e-4f735466cecf":"00000000-0000-0215-ffff-ffff00000035","ELEMENT":"00000000-0000-0215-ffff-ffff00000035"},{"element-6066-11e4-a52e-4f735466cecf":"00000000-0000-0215-ffff-ffff00000044","ELEMENT":"00000000-0000-0215-ffff-ffff00000044"},{"element-6066-11e4-a52e-4f735466cecf":"00000000-0000-0215-ffff-ffff00000054","ELEMENT":"00000000-0000-0215-ffff-ffff00000054"},{"element-6066-11e4-a52e-4f735466cecf":"00000000-0000-0215-ffff-ffff00000063","ELEMENT":"00000000-0000-0215-ffff-ffff00000063"}]
&amp#27;[38;5;0m[HTTP]&amp#27;[0m &amp#27;[37m<-- POST /session/048b81f9-bbe2-4d28-835e-a7283204d7f1/elements &amp#27;[39m&amp#27;[32m200&amp#27;[39m &amp#27;[90m672 ms - 523&amp#27;[39m
&amp#27;[38;5;0m[HTTP]&amp#27;[0m &amp#27;[90m&amp#27;[39m
&amp#27;[38;5;0m[HTTP]&amp#27;[0m &amp#27;[37m-->&amp#27;[39m &amp#27;[37mGET&amp#27;[39m &amp#27;[37m/session/048b81f9-bbe2-4d28-835e-a7283204d7f1/element/00000000-0000-0215-ffff-ffff00000035/text&amp#27;[39m
&amp#27;[38;5;0m[HTTP]&amp#27;[0m &amp#27;[90m{}&amp#27;[39m
&amp#27;[38;5;32m[AndroidUiautomator2Driver@8661 (048b81f9)]&amp#27;[0m Driver proxy active, passing request on via HTTP proxy
&amp#27;[38;5;32m[AndroidUiautomator2Driver@8661 (048b81f9)]&amp#27;[0m Matched '/session/048b81f9-bbe2-4d28-835e-a7283204d7f1/element/00000000-0000-0215-ffff-ffff00000035/text' to command name 'getText'
&amp#27;[38;5;32m[AndroidUiautomator2Driver@8661 (048b81f9)]&amp#27;[0m Proxying [GET /session/048b81f9-bbe2-4d28-835e-a7283204d7f1/element/00000000-0000-0215-ffff-ffff00000035/text] to [GET http://127.0.0.1:8200/session/a5f361c4-e358-435b-afea-5dcbbe861bcd/element/00000000-0000-0215-ffff-ffff00000035/text] with no body
&amp#27;[38;5;32m[AndroidUiautomator2Driver@8661 (048b81f9)]&amp#27;[0m Got response with status 200: {"sessionId":"a5f361c4-e358-435b-afea-5dcbbe861bcd","value":"Sauce Labs Backpack"}
&amp#27;[38;5;32m[AndroidUiautomator2Driver@8661 (048b81f9)]&amp#27;[0m Replacing sessionId a5f361c4-e358-435b-afea-5dcbbe861bcd with 048b81f9-bbe2-4d28-835e-a7283204d7f1
&amp#27;[38;5;0m[HTTP]&amp#27;[0m &amp#27;[37m<-- GET /session/048b81f9-bbe2-4d28-835e-a7283204d7f1/element/00000000-0000-0215-ffff-ffff00000035/text &amp#27;[39m&amp#27;[32m200&amp#27;[39m &amp#27;[90m8 ms - 82&amp#27;[39m
&amp#27;[38;5;0m[HTTP]&amp#27;[0m &amp#27;[90m&amp#27;[39m
&amp#27;[38;5;0m[HTTP]&amp#27;[0m &amp#27;[37m-->&amp#27;[39m &amp#27;[37mDELETE&amp#27;[39m &amp#27;[37m/session/048b81f9-bbe2-4d28-835e-a7283204d7f1&amp#27;[39m
&amp#27;[38;5;0m[HTTP]&amp#27;[0m &amp#27;[90m{}&amp#27;[39m
&amp#27;[38;5;32m[AndroidUiautomator2Driver@8661 (048b81f9)]&amp#27;[0m Calling AppiumDriver.deleteSession() with args: ["048b81f9-bbe2-4d28-835e-a7283204d7f1"]
&amp#27;[38;5;16m[AppiumDriver@fa87]&amp#27;[0m Event 'quitSessionRequested' logged at 1702385516370 (14:51:56 GMT+0200 (Eastern European Standard Time))
&amp#27;[38;5;16m[AppiumDriver@fa87]&amp#27;[0m Removing session 048b81f9-bbe2-4d28-835e-a7283204d7f1 from our master session list
&amp#27;[38;5;32m[AndroidUiautomator2Driver@8661 (048b81f9)]&amp#27;[0m Deleting UiAutomator2 session
&amp#27;[38;5;32m[AndroidUiautomator2Driver@8661 (048b81f9)]&amp#27;[0m Deleting UiAutomator2 server session
&amp#27;[38;5;32m[AndroidUiautomator2Driver@8661 (048b81f9)]&amp#27;[0m Matched '/' to command name 'deleteSession'
&amp#27;[38;5;32m[AndroidUiautomator2Driver@8661 (048b81f9)]&amp#27;[0m Proxying [DELETE /] to [DELETE http://127.0.0.1:8200/session/a5f361c4-e358-435b-afea-5dcbbe861bcd] with no body
&amp#27;[38;5;32m[AndroidUiautomator2Driver@8661 (048b81f9)]&amp#27;[0m Got response with status 200: {"sessionId":"a5f361c4-e358-435b-afea-5dcbbe861bcd","value":null}
&amp#27;[38;5;64m[ADB]&amp#27;[0m Running '/Users/vaida/Library/Android/sdk/platform-tools/adb -P 5037 -s emulator-5554 shell dumpsys activity services io.appium.settings/.recorder.RecorderService'
&amp#27;[38;5;64m[ADB]&amp#27;[0m Running '/Users/vaida/Library/Android/sdk/platform-tools/adb -P 5037 -s emulator-5554 shell am force-stop com.saucelabs.mydemoapp.rn'
&amp#27;[38;5;96m[Logcat]&amp#27;[0m Stopping logcat capture
&amp#27;[38;5;64m[ADB]&amp#27;[0m Removing forwarded port socket connection: 8200 
&amp#27;[38;5;64m[ADB]&amp#27;[0m Running '/Users/vaida/Library/Android/sdk/platform-tools/adb -P 5037 -s emulator-5554 forward --remove tcp:8200'
&amp#27;[38;5;32m[AndroidUiautomator2Driver@8661 (048b81f9)]&amp#27;[0m Restoring hidden api policy to the device default configuration
&amp#27;[38;5;64m[ADB]&amp#27;[0m Running '/Users/vaida/Library/Android/sdk/platform-tools/adb -P 5037 -s emulator-5554 shell 'settings delete global hidden_api_policy_pre_p_apps;settings delete global hidden_api_policy_p_apps;settings delete global hidden_api_policy''
&amp#27;[38;5;16m[AppiumDriver@fa87]&amp#27;[0m Event 'quitSessionFinished' logged at 1702385516556 (14:51:56 GMT+0200 (Eastern European Standard Time))
&amp#27;[38;5;16m[AppiumDriver@fa87]&amp#27;[0m Received response: null
&amp#27;[38;5;16m[AppiumDriver@fa87]&amp#27;[0m But deleting session, so not returning
&amp#27;[38;5;16m[AppiumDriver@fa87]&amp#27;[0m Responding to client with driver.deleteSession() result: null
&amp#27;[38;5;0m[HTTP]&amp#27;[0m &amp#27;[37m<-- DELETE /session/048b81f9-bbe2-4d28-835e-a7283204d7f1 &amp#27;[39m&amp#27;[32m200&amp#27;[39m &amp#27;[90m187 ms - 14&amp#27;[39m
&amp#27;[38;5;0m[HTTP]&amp#27;[0m &amp#27;[90m&amp#27;[39m
]]></system-out>
  </testcase>
  <testcase name="User sorts products by name #3" classname="Products page functionality" time="7.14">
    <system-out><![CDATA[Starting Appium service...
&amp#27;[38;5;112m[Instrumentation]&amp#27;[0m .
&amp#27;[38;5;112m[Instrumentation]&amp#27;[0m Time: 5.032
&amp#27;[38;5;112m[Instrumentation]&amp#27;[0m 
&amp#27;[38;5;112m[Instrumentation]&amp#27;[0m OK (1 test)
&amp#27;[38;5;0m[HTTP]&amp#27;[0m &amp#27;[37m-->&amp#27;[39m &amp#27;[37mGET&amp#27;[39m &amp#27;[37m/status&amp#27;[39m
&amp#27;[38;5;0m[HTTP]&amp#27;[0m &amp#27;[90m{}&amp#27;[39m
&amp#27;[38;5;16m[AppiumDriver@fa87]&amp#27;[0m Calling AppiumDriver.getStatus() with args: []
&amp#27;[38;5;16m[AppiumDriver@fa87]&amp#27;[0m Responding to client with driver.getStatus() result: {"ready":true,"message":"The server is ready to accept new connections","build":{"version":"2.2.3","git-sha":"32ff40f688a49e02428eb3f20232aac69ffeeea0","built":"2023-07-05 01:57:43 +0100"}}
&amp#27;[38;5;0m[HTTP]&amp#27;[0m &amp#27;[37m<-- GET /status &amp#27;[39m&amp#27;[32m200&amp#27;[39m &amp#27;[90m0 ms - 199&amp#27;[39m
&amp#27;[38;5;0m[HTTP]&amp#27;[0m &amp#27;[90m&amp#27;[39m
Appium service started successfully.
Initializing Appium driver...
&amp#27;[38;5;0m[HTTP]&amp#27;[0m Request idempotency key: 85409afb-3bb3-4fd8-a0ed-4ce507cc9cc4
&amp#27;[38;5;0m[HTTP]&amp#27;[0m &amp#27;[37m-->&amp#27;[39m &amp#27;[37mPOST&amp#27;[39m &amp#27;[37m/session&amp#27;[39m
&amp#27;[38;5;0m[HTTP]&amp#27;[0m &amp#27;[90m{"capabilities":{"firstMatch":[{}],"alwaysMatch":{"appium:app":"/Users/vaida/edON/appium/Android-MyDemoAppRN.1.3.0.build-244.apk","appium:automationName":"UiAutomator2","appium:avdLaunchTimeout":5000,"appium:avdReadyTimeout":5000,"appium:eventTimings":true,"appium:platformVersion":"12.0","appium:udid":"emulator-5554","platformName":"ANDROID"}}}&amp#27;[39m
&amp#27;[38;5;16m[AppiumDriver@fa87]&amp#27;[0m Calling AppiumDriver.createSession() with args: [null,null,{"firstMatch":[{}],"alwaysMatch":{"appium:app":"/Users/vaida/edON/appium/Android-MyDemoAppRN.1.3.0.build-244.apk","appium:automationName":"UiAutomator2","appium:avdLaunchTimeout":5000,"appium:avdReadyTimeout":5000,"appium:eventTimings":true,"appium:platformVersion":"12.0","appium:udid":"emulator-5554","platformName":"ANDROID"}}]
&amp#27;[38;5;16m[AppiumDriver@fa87]&amp#27;[0m Event 'newSessionRequested' logged at 1702385516705 (14:51:56 GMT+0200 (Eastern European Standard Time))
&amp#27;[35m[Appium]&amp#27;[39m Attempting to find matching driver for automationName 'UiAutomator2' and platformName 'ANDROID'
&amp#27;[35m[Appium]&amp#27;[39m The 'uiautomator2' driver was installed and matched caps.
&amp#27;[35m[Appium]&amp#27;[39m Will require it at /Users/vaida/.appium/node_modules/appium-uiautomator2-driver
&amp#27;[35m[Appium]&amp#27;[39m Requiring driver at /Users/vaida/.appium/node_modules/appium-uiautomator2-driver
&amp#27;[38;5;16m[AppiumDriver@fa87]&amp#27;[0m Appium v2.2.3 creating new AndroidUiautomator2Driver (v2.4.0) session
&amp#27;[38;5;16m[AppiumDriver@fa87]&amp#27;[0m Checking BaseDriver versions for Appium and AndroidUiautomator2Driver
&amp#27;[38;5;16m[AppiumDriver@fa87]&amp#27;[0m Appium's BaseDriver version is 9.4.3
&amp#27;[38;5;16m[AppiumDriver@fa87]&amp#27;[0m AndroidUiautomator2Driver's BaseDriver version is 8.5.7
&amp#27;[38;5;32m[AndroidUiautomator2Driver@b50c]&amp#27;[0m Creating session with W3C capabilities: {
&amp#27;[38;5;32m[AndroidUiautomator2Driver@b50c]&amp#27;[0m   "alwaysMatch": {
&amp#27;[38;5;32m[AndroidUiautomator2Driver@b50c]&amp#27;[0m     "platformName": "ANDROID",
&amp#27;[38;5;32m[AndroidUiautomator2Driver@b50c]&amp#27;[0m     "appium:app": "/Users/vaida/edON/appium/Android-MyDemoAppRN.1.3.0.build-244.apk",
&amp#27;[38;5;32m[AndroidUiautomator2Driver@b50c]&amp#27;[0m     "appium:automationName": "UiAutomator2",
&amp#27;[38;5;32m[AndroidUiautomator2Driver@b50c]&amp#27;[0m     "appium:avdLaunchTimeout": 5000,
&amp#27;[38;5;32m[AndroidUiautomator2Driver@b50c]&amp#27;[0m     "appium:avdReadyTimeout": 5000,
&amp#27;[38;5;32m[AndroidUiautomator2Driver@b50c]&amp#27;[0m     "appium:eventTimings": true,
&amp#27;[38;5;32m[AndroidUiautomator2Driver@b50c]&amp#27;[0m     "appium:platformVersion": "12.0",
&amp#27;[38;5;32m[AndroidUiautomator2Driver@b50c]&amp#27;[0m     "appium:udid": "emulator-5554"
&amp#27;[38;5;32m[AndroidUiautomator2Driver@b50c]&amp#27;[0m   },
&amp#27;[38;5;32m[AndroidUiautomator2Driver@b50c]&amp#27;[0m   "firstMatch": [
&amp#27;[38;5;32m[AndroidUiautomator2Driver@b50c]&amp#27;[0m     {}
&amp#27;[38;5;32m[AndroidUiautomator2Driver@b50c]&amp#27;[0m   ]
&amp#27;[38;5;32m[AndroidUiautomator2Driver@b50c]&amp#27;[0m }
&amp#27;[38;5;32m[AndroidUiautomator2Driver@b50c (5343bae8)]&amp#27;[0m Session created with session id: 5343bae8-1eba-4396-a045-02ee673ad314
&amp#27;[38;5;48m[BaseDriver]&amp#27;[0m Using local app '/Users/vaida/edON/appium/Android-MyDemoAppRN.1.3.0.build-244.apk'
&amp#27;[38;5;32m[AndroidUiautomator2Driver@b50c (5343bae8)]&amp#27;[0m Checking whether app is actually present
&amp#27;[38;5;64m[ADB]&amp#27;[0m Using 'adb' from '/Users/vaida/Library/Android/sdk/platform-tools/adb'
&amp#27;[38;5;64m[ADB]&amp#27;[0m Running '/Users/vaida/Library/Android/sdk/platform-tools/adb -P 5037 start-server'
&amp#27;[38;5;80m[AndroidDriver]&amp#27;[0m Retrieving device list
&amp#27;[38;5;64m[ADB]&amp#27;[0m Trying to find a connected android device
&amp#27;[38;5;64m[ADB]&amp#27;[0m Getting connected devices
&amp#27;[38;5;64m[ADB]&amp#27;[0m Connected devices: [{"udid":"emulator-5554","state":"device"}]
&amp#27;[38;5;80m[AndroidDriver]&amp#27;[0m Using device: emulator-5554
&amp#27;[38;5;64m[ADB]&amp#27;[0m Using 'adb' from '/Users/vaida/Library/Android/sdk/platform-tools/adb'
&amp#27;[38;5;64m[ADB]&amp#27;[0m Running '/Users/vaida/Library/Android/sdk/platform-tools/adb -P 5037 start-server'
&amp#27;[38;5;64m[ADB]&amp#27;[0m Setting device id to emulator-5554
&amp#27;[38;5;64m[ADB]&amp#27;[0m Running '/Users/vaida/Library/Android/sdk/platform-tools/adb -P 5037 -s emulator-5554 shell getprop ro.build.version.sdk'
&amp#27;[38;5;64m[ADB]&amp#27;[0m Current device property 'ro.build.version.sdk': 31
&amp#27;[38;5;64m[ADB]&amp#27;[0m Getting device platform version
&amp#27;[38;5;64m[ADB]&amp#27;[0m Running '/Users/vaida/Library/Android/sdk/platform-tools/adb -P 5037 -s emulator-5554 shell getprop ro.build.version.release'
&amp#27;[38;5;64m[ADB]&amp#27;[0m Current device property 'ro.build.version.release': 12
&amp#27;[38;5;64m[ADB]&amp#27;[0m Device API level: 31
&amp#27;[38;5;32m[AndroidUiautomator2Driver@b50c (5343bae8)]&amp#27;[0m Relaxing hidden api policy
&amp#27;[38;5;64m[ADB]&amp#27;[0m Running '/Users/vaida/Library/Android/sdk/platform-tools/adb -P 5037 -s emulator-5554 shell 'settings put global hidden_api_policy_pre_p_apps 1;settings put global hidden_api_policy_p_apps 1;settings put global hidden_api_policy 1''
&amp#27;[38;5;80m[AndroidDriver]&amp#27;[0m Parsing package and activity from app manifest
&amp#27;[38;5;64m[ADB]&amp#27;[0m Package name: 'com.saucelabs.mydemoapp.rn'
&amp#27;[38;5;64m[ADB]&amp#27;[0m Main activity name: 'com.saucelabs.mydemoapp.rn.MainActivity'
&amp#27;[38;5;80m[AndroidDriver]&amp#27;[0m Parsed package and activity are: com.saucelabs.mydemoapp.rn/com.saucelabs.mydemoapp.rn.MainActivity
&amp#27;[38;5;64m[ADB]&amp#27;[0m Running '/Users/vaida/Library/Android/sdk/platform-tools/adb -P 5037 -s emulator-5554 wait-for-device'
&amp#27;[38;5;64m[ADB]&amp#27;[0m Running '/Users/vaida/Library/Android/sdk/platform-tools/adb -P 5037 -s emulator-5554 shell echo ping'
&amp#27;[38;5;80m[AndroidDriver]&amp#27;[0m Pushing settings apk to device...
&amp#27;[38;5;64m[ADB]&amp#27;[0m Getting install status for io.appium.settings
&amp#27;[38;5;64m[ADB]&amp#27;[0m Running '/Users/vaida/Library/Android/sdk/platform-tools/adb -P 5037 -s emulator-5554 shell dumpsys package io.appium.settings'
&amp#27;[38;5;64m[ADB]&amp#27;[0m 'io.appium.settings' is installed
&amp#27;[38;5;64m[ADB]&amp#27;[0m Getting package info for 'io.appium.settings'
&amp#27;[38;5;64m[ADB]&amp#27;[0m Running '/Users/vaida/Library/Android/sdk/platform-tools/adb -P 5037 -s emulator-5554 shell dumpsys package io.appium.settings'
&amp#27;[38;5;64m[ADB]&amp#27;[0m The version name of the installed 'io.appium.settings' is greater or equal to the application version name ('4.1.1' >= '4.1.1')
&amp#27;[38;5;64m[ADB]&amp#27;[0m There is no need to install/upgrade '/Users/vaida/.appium/node_modules/appium-uiautomator2-driver/node_modules/io.appium.settings/apks/settings_apk-debug.apk'
&amp#27;[38;5;64m[ADB]&amp#27;[0m Getting IDs of all 'io.appium.settings' processes
&amp#27;[38;5;64m[ADB]&amp#27;[0m Running '/Users/vaida/Library/Android/sdk/platform-tools/adb -P 5037 -s emulator-5554 shell 'pgrep --help; echo $?''
&amp#27;[38;5;64m[ADB]&amp#27;[0m Running '/Users/vaida/Library/Android/sdk/platform-tools/adb -P 5037 -s emulator-5554 shell pgrep -f \(\[\[:blank:\]\]\|\^\)io\.appium\.settings\(\[\[:blank:\]\]\|\$\)'
&amp#27;[38;5;80m[AndroidDriver]&amp#27;[0m io.appium.settings is already running. There is no need to reset its permissions.
&amp#27;[38;5;96m[Logcat]&amp#27;[0m Starting logs capture with command: /Users/vaida/Library/Android/sdk/platform-tools/adb -P 5037 -s emulator-5554 logcat -v threadtime
&amp#27;[38;5;32m[AndroidUiautomator2Driver@b50c (5343bae8)]&amp#27;[0m Forwarding UiAutomator2 Server port 6790 to local port 8200
&amp#27;[38;5;64m[ADB]&amp#27;[0m Forwarding system: 8200 to device: 6790
&amp#27;[38;5;64m[ADB]&amp#27;[0m Running '/Users/vaida/Library/Android/sdk/platform-tools/adb -P 5037 -s emulator-5554 forward tcp:8200 tcp:6790'
&amp#27;[38;5;64m[ADB]&amp#27;[0m Getting install status for io.appium.uiautomator2.server
&amp#27;[38;5;64m[ADB]&amp#27;[0m Running '/Users/vaida/Library/Android/sdk/platform-tools/adb -P 5037 -s emulator-5554 shell dumpsys package io.appium.uiautomator2.server'
&amp#27;[38;5;112m[Instrumentation]&amp#27;[0m The process has exited with code 0
&amp#27;[38;5;64m[ADB]&amp#27;[0m 'io.appium.uiautomator2.server' is installed
&amp#27;[38;5;64m[ADB]&amp#27;[0m Getting package info for 'io.appium.uiautomator2.server'
&amp#27;[38;5;64m[ADB]&amp#27;[0m Running '/Users/vaida/Library/Android/sdk/platform-tools/adb -P 5037 -s emulator-5554 shell dumpsys package io.appium.uiautomator2.server'
&amp#27;[38;5;64m[ADB]&amp#27;[0m The version name of the installed 'io.appium.uiautomator2.server' is greater or equal to the application version name ('5.6.2' >= '5.6.2')
&amp#27;[38;5;32m[AndroidUiautomator2Driver@b50c (5343bae8)]&amp#27;[0m io.appium.uiautomator2.server installation state: sameVersionInstalled
&amp#27;[38;5;64m[ADB]&amp#27;[0m Checking app cert for /Users/vaida/.appium/node_modules/appium-uiautomator2-driver/node_modules/appium-uiautomator2-server/apks/appium-uiautomator2-server-v5.6.2.apk
&amp#27;[38;5;64m[ADB]&amp#27;[0m Using the previously cached signature entry for 'appium-uiautomator2-server-v5.6.2.apk'
&amp#27;[38;5;64m[ADB]&amp#27;[0m sha256 hash did match for 'appium-uiautomator2-server-v5.6.2.apk'
&amp#27;[38;5;64m[ADB]&amp#27;[0m Getting install status for io.appium.uiautomator2.server.test
&amp#27;[38;5;64m[ADB]&amp#27;[0m Running '/Users/vaida/Library/Android/sdk/platform-tools/adb -P 5037 -s emulator-5554 shell dumpsys package io.appium.uiautomator2.server.test'
&amp#27;[38;5;64m[ADB]&amp#27;[0m 'io.appium.uiautomator2.server.test' is installed
&amp#27;[38;5;64m[ADB]&amp#27;[0m Checking app cert for /Users/vaida/.appium/node_modules/appium-uiautomator2-driver/node_modules/appium-uiautomator2-server/apks/appium-uiautomator2-server-debug-androidTest.apk
&amp#27;[38;5;64m[ADB]&amp#27;[0m Using the previously cached signature entry for 'appium-uiautomator2-server-debug-androidTest.apk'
&amp#27;[38;5;64m[ADB]&amp#27;[0m sha256 hash did match for 'appium-uiautomator2-server-debug-androidTest.apk'
&amp#27;[38;5;32m[AndroidUiautomator2Driver@b50c (5343bae8)]&amp#27;[0m Server packages are not going to be (re)installed
&amp#27;[38;5;32m[AndroidUiautomator2Driver@b50c (5343bae8)]&amp#27;[0m Waiting up to 30000ms for services to be available
&amp#27;[38;5;64m[ADB]&amp#27;[0m Running '/Users/vaida/Library/Android/sdk/platform-tools/adb -P 5037 -s emulator-5554 shell pm list instrumentation'
&amp#27;[38;5;32m[AndroidUiautomator2Driver@b50c (5343bae8)]&amp#27;[0m Instrumentation target 'io.appium.uiautomator2.server.test/androidx.test.runner.AndroidJUnitRunner' is available
&amp#27;[38;5;64m[ADB]&amp#27;[0m Adding packages ["io.appium.settings","io.appium.uiautomator2.server","io.appium.uiautomator2.server.test"] to Doze whitelist
&amp#27;[38;5;64m[ADB]&amp#27;[0m Got the following command chunks to execute: [["dumpsys","deviceidle","whitelist","+io.appium.settings",";","dumpsys","deviceidle","whitelist","+io.appium.uiautomator2.server",";","dumpsys","deviceidle","whitelist","+io.appium.uiautomator2.server.test",";"]]
&amp#27;[38;5;64m[ADB]&amp#27;[0m Running '/Users/vaida/Library/Android/sdk/platform-tools/adb -P 5037 -s emulator-5554 shell dumpsys deviceidle whitelist +io.appium.settings ; dumpsys deviceidle whitelist +io.appium.uiautomator2.server ; dumpsys deviceidle whitelist +io.appium.uiautomator2.server.test ;'
&amp#27;[38;5;64m[ADB]&amp#27;[0m Checking app cert for /Users/vaida/edON/appium/Android-MyDemoAppRN.1.3.0.build-244.apk
&amp#27;[38;5;64m[ADB]&amp#27;[0m Using the previously cached signature entry for 'Android-MyDemoAppRN.1.3.0.build-244.apk'
&amp#27;[38;5;64m[ADB]&amp#27;[0m Getting install status for com.saucelabs.mydemoapp.rn
&amp#27;[38;5;64m[ADB]&amp#27;[0m Running '/Users/vaida/Library/Android/sdk/platform-tools/adb -P 5037 -s emulator-5554 shell dumpsys package com.saucelabs.mydemoapp.rn'
&amp#27;[38;5;64m[ADB]&amp#27;[0m 'com.saucelabs.mydemoapp.rn' is installed
&amp#27;[38;5;64m[ADB]&amp#27;[0m Getting package info for 'com.saucelabs.mydemoapp.rn'
&amp#27;[38;5;64m[ADB]&amp#27;[0m Running '/Users/vaida/Library/Android/sdk/platform-tools/adb -P 5037 -s emulator-5554 shell dumpsys package com.saucelabs.mydemoapp.rn'
&amp#27;[38;5;64m[ADB]&amp#27;[0m The version name of the installed 'com.saucelabs.mydemoapp.rn' is greater or equal to the application version name ('1.3.0' >= '1.3.0')
&amp#27;[38;5;64m[ADB]&amp#27;[0m There is no need to install/upgrade '/Users/vaida/edON/appium/Android-MyDemoAppRN.1.3.0.build-244.apk'
&amp#27;[38;5;80m[AndroidDriver]&amp#27;[0m Performing fast reset on 'com.saucelabs.mydemoapp.rn'
&amp#27;[38;5;64m[ADB]&amp#27;[0m Getting install status for com.saucelabs.mydemoapp.rn
&amp#27;[38;5;64m[ADB]&amp#27;[0m Running '/Users/vaida/Library/Android/sdk/platform-tools/adb -P 5037 -s emulator-5554 shell dumpsys package com.saucelabs.mydemoapp.rn'
&amp#27;[38;5;64m[ADB]&amp#27;[0m 'com.saucelabs.mydemoapp.rn' is installed
&amp#27;[38;5;64m[ADB]&amp#27;[0m Running '/Users/vaida/Library/Android/sdk/platform-tools/adb -P 5037 -s emulator-5554 shell am force-stop com.saucelabs.mydemoapp.rn'
&amp#27;[35m[Appium]&amp#27;[39m Welcome to Appium v2.2.3 (REV 32ff40f688a49e02428eb3f20232aac69ffeeea0)
&amp#27;[35m[Appium]&amp#27;[39m Non-default server args:
&amp#27;[35m[Appium]&amp#27;[39m { address: &amp#27;[32m'127.0.0.1'&amp#27;[39m, port: &amp#27;[33m4728&amp#27;[39m }
&amp#27;[35m[Appium]&amp#27;[39m Attempting to load driver uiautomator2...
&amp#27;[35m[Appium]&amp#27;[39m Requiring driver at /Users/vaida/.appium/node_modules/appium-uiautomator2-driver
&amp#27;[38;5;64m[ADB]&amp#27;[0m Running '/Users/vaida/Library/Android/sdk/platform-tools/adb -P 5037 -s emulator-5554 shell pm clear com.saucelabs.mydemoapp.rn'
&amp#27;[38;5;80m[AndroidDriver]&amp#27;[0m Performed fast reset on the installed 'com.saucelabs.mydemoapp.rn' application (stop and clear)
&amp#27;[38;5;32m[AndroidUiautomator2Driver@b50c (5343bae8)]&amp#27;[0m Performing shallow cleanup of automation leftovers
&amp#27;[38;5;32m[AndroidUiautomator2Driver@b50c (5343bae8)]&amp#27;[0m No obsolete sessions have been detected (socket hang up)
&amp#27;[38;5;64m[ADB]&amp#27;[0m Running '/Users/vaida/Library/Android/sdk/platform-tools/adb -P 5037 -s emulator-5554 shell am force-stop io.appium.uiautomator2.server.test'
&amp#27;[38;5;32m[AndroidUiautomator2Driver@b50c (5343bae8)]&amp#27;[0m Starting UIAutomator2 server 5.6.2
&amp#27;[38;5;32m[AndroidUiautomator2Driver@b50c (5343bae8)]&amp#27;[0m Using UIAutomator2 server from '/Users/vaida/.appium/node_modules/appium-uiautomator2-driver/node_modules/appium-uiautomator2-server/apks/appium-uiautomator2-server-v5.6.2.apk' and test from '/Users/vaida/.appium/node_modules/appium-uiautomator2-driver/node_modules/appium-uiautomator2-server/apks/appium-uiautomator2-server-debug-androidTest.apk'
&amp#27;[38;5;32m[AndroidUiautomator2Driver@b50c (5343bae8)]&amp#27;[0m Waiting up to 30000ms for UiAutomator2 to be online...
&amp#27;[38;5;64m[ADB]&amp#27;[0m Creating ADB subprocess with args: ["-P",5037,"-s","emulator-5554","shell","am","instrument","-w","-e","disableAnalytics",true,"io.appium.uiautomator2.server.test/androidx.test.runner.AndroidJUnitRunner"]
&amp#27;[38;5;32m[AndroidUiautomator2Driver@b50c (5343bae8)]&amp#27;[0m Matched '/status' to command name 'getStatus'
&amp#27;[38;5;32m[AndroidUiautomator2Driver@b50c (5343bae8)]&amp#27;[0m Proxying [GET /status] to [GET http://127.0.0.1:8200/status] with no body
&amp#27;[38;5;32m[AndroidUiautomator2Driver@b50c (5343bae8)]&amp#27;[0m socket hang up
&amp#27;[38;5;0m[HTTP]&amp#27;[0m Could not start REST http interface listener. The requested port may already be in use. Please make sure there is no other instance of this server running already.
&amp#27;[35m[Appium]&amp#27;[39m Could not configure Appium server. It's possible that a driver or plugin tried to update the server and failed. Original error: listen EADDRINUSE: address already in use 127.0.0.1:4728
&amp#27;[35m[Appium]&amp#27;[39m Error: listen EADDRINUSE: address already in use 127.0.0.1:4728
&amp#27;[35m[Appium]&amp#27;[39m     at Server.setupListenHandle [as _listen2] (node:net:1829:16)
&amp#27;[35m[Appium]&amp#27;[39m     at listenInCluster (node:net:1877:12)
&amp#27;[35m[Appium]&amp#27;[39m     at doListen (node:net:2026:7)
&amp#27;[35m[Appium]&amp#27;[39m     at processTicksAndRejections (node:internal/process/task_queues:83:21)
&amp#27;[38;5;112m[Instrumentation]&amp#27;[0m io.appium.uiautomator2.server.test.AppiumUiAutomator2Server:
&amp#27;[38;5;32m[AndroidUiautomator2Driver@b50c (5343bae8)]&amp#27;[0m Matched '/status' to command name 'getStatus'
&amp#27;[38;5;32m[AndroidUiautomator2Driver@b50c (5343bae8)]&amp#27;[0m Proxying [GET /status] to [GET http://127.0.0.1:8200/status] with no body
&amp#27;[38;5;32m[AndroidUiautomator2Driver@b50c (5343bae8)]&amp#27;[0m socket hang up
&amp#27;[38;5;32m[AndroidUiautomator2Driver@b50c (5343bae8)]&amp#27;[0m Matched '/status' to command name 'getStatus'
&amp#27;[38;5;32m[AndroidUiautomator2Driver@b50c (5343bae8)]&amp#27;[0m Proxying [GET /status] to [GET http://127.0.0.1:8200/status] with no body
&amp#27;[38;5;32m[AndroidUiautomator2Driver@b50c (5343bae8)]&amp#27;[0m Got response with status 200: {"sessionId":"None","value":{"message":"UiAutomator2 Server is ready to accept commands","ready":true}}
&amp#27;[38;5;32m[AndroidUiautomator2Driver@b50c (5343bae8)]&amp#27;[0m The initialization of the instrumentation process took 2084ms
&amp#27;[38;5;32m[AndroidUiautomator2Driver@b50c (5343bae8)]&amp#27;[0m Matched '/session' to command name 'createSession'
&amp#27;[38;5;32m[AndroidUiautomator2Driver@b50c (5343bae8)]&amp#27;[0m Proxying [POST /session] to [POST http://127.0.0.1:8200/session] with body: {"capabilities":{"firstMatch":[{"platform":"LINUX","webStorageEnabled":false,"takesScreenshot":true,"javascriptEnabled":true,"databaseEnabled":false,"networkConnectionEnabled":true,"locationContextEnabled":false,"warnings":{},"desired":{"platformName":"ANDROID","app":"/Users/vaida/edON/appium/Android-MyDemoAppRN.1.3.0.build-244.apk","automationName":"UiAutomator2","avdLaunchTimeout":5000,"avdReadyTimeout":5000,"eventTimings":true,"platformVersion":"12.0","udid":"emulator-5554"},"platformName":"ANDROID","app":"/Users/vaida/edON/appium/Android-MyDemoAppRN.1.3.0.build-244.apk","automationName":"UiAutomator2","avdLaunchTimeout":5000,"avdReadyTimeout":5000,"eventTimings":true,"platformVersion":"12.0","udid":"emulator-5554","deviceName":"emulator-5554","deviceUDID":"emulator-5554","appPackage":"com.saucelabs.mydemoapp.rn"}],"alwaysMatch":{}}}
&amp#27;[38;5;32m[AndroidUiautomator2Driver@b50c (5343bae8)]&amp#27;[0m Got response with status 200: {"sessionId":"43be2ee0-f215-403a-a1bd-09d98718aebf","value":{"capabilities":{"firstMatch":[{"platform":"LINUX","webStorageEnabled":false,"takesScreenshot":true,"javascriptEnabled":true,"databaseEnabled":false,"networkConnectionEnabled":true,"locationContextEnabled":false,"warnings":{},"desired":{"platformName":"ANDROID","app":"/Users/vaida/edON/appium/Android-MyDemoAppRN.1.3.0.build-244.apk","automationName":"UiAutomator2","avdLaunchTimeout":5000,"avdReadyTimeout":5000,"eventTimings":true,"platformVersion":"12.0","udid":"emulator-5554"},"platformName":"ANDROID","app":"/Users/vaida/edON/appium/Android-MyDemoAppRN.1.3.0.build-244.apk","automationName":"UiAutomator2","avdLaunchTimeout":5000,"avdReadyTimeout":5000,"eventTimings":true,"platformVersion":"12.0","udid":"emulator-5554","deviceName":"emulator-5554","deviceUDID":"emulator-5554","appPackage":"com.saucelabs.mydemoapp.rn"}],"alwaysMatch":{}},"sessionId":"43be2ee0-f215-403a-a1bd-09d98718aebf"}}
&amp#27;[38;5;32m[AndroidUiautomator2Driver@b50c (5343bae8)]&amp#27;[0m Determined the downstream protocol as 'W3C'
&amp#27;[38;5;32m[AndroidUiautomator2Driver@b50c (5343bae8)]&amp#27;[0m Proxying [GET /appium/device/info] to [GET http://127.0.0.1:8200/session/43be2ee0-f215-403a-a1bd-09d98718aebf/appium/device/info] with no body
&amp#27;[38;5;32m[AndroidUiautomator2Driver@b50c (5343bae8)]&amp#27;[0m Got response with status 200: {"sessionId":"43be2ee0-f215-403a-a1bd-09d98718aebf","value":{"androidId":"f451b2ee40c2295a","apiVersion":"31","bluetooth":{"state":"ON"},"brand":"google","carrierName":"T-Mobile","displayDensity":440,"locale":"en_US","manufacturer":"Google","model":"sdk_gphone64_arm64","networks":[{"capabilities":{"SSID":null,"linkDownBandwidthKbps":4300,"linkUpstreamBandwidthKbps":1800,"networkCapabilities":"NET_CAPABILITY_MMS,NET_CAPABILITY_SUPL,NET_CAPABILITY_DUN,NET_CAPABILITY_FOTA,NET_CAPABILITY_IMS,NET_CAPABILITY_CBS,NET_CAPABILITY_INTERNET,NET_CAPABILITY_NOT_RESTRICTED,NET_CAPABILITY_TRUSTED,NET_CAPABILITY_NOT_VPN,NET_CAPABILITY_VALIDATED,NET_CAPABILITY_NOT_ROAMING,NET_CAPABILITY_FOREGROUND,NET_CAPABILITY_NOT_CONGESTED,NET_CAPABILITY_NOT_SUSPENDED","signalStrength":-2147483648,"transportTypes":"TRANSPORT_CELLULAR"},"detailedState":"CONNECTED","extraInfo":"epc.tmobile.com","isAvailable":true,"isConnected":true,"isFailover":false,"isRoaming":false,"state":"CONNECTED","subtype":10,"subtypeName":"HSPA","type":0,"typeNam...
&amp#27;[38;5;64m[ADB]&amp#27;[0m Running '/Users/vaida/Library/Android/sdk/platform-tools/adb -P 5037 -s emulator-5554 shell dumpsys window'
&amp#27;[38;5;80m[AndroidDriver]&amp#27;[0m Screen already unlocked, doing nothing
&amp#27;[38;5;32m[AndroidUiautomator2Driver@b50c (5343bae8)]&amp#27;[0m Starting 'com.saucelabs.mydemoapp.rn/com.saucelabs.mydemoapp.rn.MainActivity and waiting for 'com.saucelabs.mydemoapp.rn/com.saucelabs.mydemoapp.rn.MainActivity'
&amp#27;[38;5;64m[ADB]&amp#27;[0m Running '/Users/vaida/Library/Android/sdk/platform-tools/adb -P 5037 -s emulator-5554 shell am start -W -n com.saucelabs.mydemoapp.rn/com.saucelabs.mydemoapp.rn.MainActivity -S -a android.intent.action.MAIN -c android.intent.category.LAUNCHER -f 0x10200000'
&amp#27;[38;5;64m[ADB]&amp#27;[0m Waiting up to 20000ms for activity matching pkg: 'com.saucelabs.mydemoapp.rn' and activity: 'com.saucelabs.mydemoapp.rn.MainActivity' to be focused
&amp#27;[38;5;64m[ADB]&amp#27;[0m Possible activities, to be checked: 'com.saucelabs.mydemoapp.rn.MainActivity', 'com.saucelabs.mydemoapp.rn.com.saucelabs.mydemoapp.rn.MainActivity'
&amp#27;[38;5;64m[ADB]&amp#27;[0m Getting focused package and activity
&amp#27;[38;5;64m[ADB]&amp#27;[0m Running '/Users/vaida/Library/Android/sdk/platform-tools/adb -P 5037 -s emulator-5554 shell dumpsys window displays'
&amp#27;[38;5;64m[ADB]&amp#27;[0m Found package: 'com.saucelabs.mydemoapp.rn' and fully qualified activity name : 'com.saucelabs.mydemoapp.rn.MainActivity'
&amp#27;[38;5;32m[AndroidUiautomator2Driver@b50c (5343bae8)]&amp#27;[0m Proxying [GET /appium/device/pixel_ratio] to [GET http://127.0.0.1:8200/session/43be2ee0-f215-403a-a1bd-09d98718aebf/appium/device/pixel_ratio] with no body
&amp#27;[38;5;32m[AndroidUiautomator2Driver@b50c (5343bae8)]&amp#27;[0m Got response with status 200: {"sessionId":"43be2ee0-f215-403a-a1bd-09d98718aebf","value":2.75}
&amp#27;[38;5;32m[AndroidUiautomator2Driver@b50c (5343bae8)]&amp#27;[0m Matched '/appium/device/system_bars' to command name 'getSystemBars'
&amp#27;[38;5;32m[AndroidUiautomator2Driver@b50c (5343bae8)]&amp#27;[0m Proxying [GET /appium/device/system_bars] to [GET http://127.0.0.1:8200/session/43be2ee0-f215-403a-a1bd-09d98718aebf/appium/device/system_bars] with no body
&amp#27;[38;5;32m[AndroidUiautomator2Driver@b50c (5343bae8)]&amp#27;[0m Got response with status 200: {"sessionId":"43be2ee0-f215-403a-a1bd-09d98718aebf","value":{"statusBar":66}}
&amp#27;[38;5;32m[AndroidUiautomator2Driver@b50c (5343bae8)]&amp#27;[0m Matched '/window/current/size' to command name 'getWindowSize'
&amp#27;[38;5;32m[AndroidUiautomator2Driver@b50c (5343bae8)]&amp#27;[0m Proxying [GET /window/current/size] to [GET http://127.0.0.1:8200/session/43be2ee0-f215-403a-a1bd-09d98718aebf/window/current/size] with no body
&amp#27;[38;5;32m[AndroidUiautomator2Driver@b50c (5343bae8)]&amp#27;[0m Got response with status 200: {"sessionId":"43be2ee0-f215-403a-a1bd-09d98718aebf","value":{"height":2208,"width":1080}}
&amp#27;[38;5;16m[AppiumDriver@fa87]&amp#27;[0m New AndroidUiautomator2Driver session created successfully, session 5343bae8-1eba-4396-a045-02ee673ad314 added to master session list
&amp#27;[38;5;16m[AppiumDriver@fa87]&amp#27;[0m Event 'newSessionStarted' logged at 1702385521412 (14:52:01 GMT+0200 (Eastern European Standard Time))
&amp#27;[38;5;32m[AndroidUiautomator2Driver@b50c (5343bae8)]&amp#27;[0m Cached the protocol value 'W3C' for the new session 5343bae8-1eba-4396-a045-02ee673ad314
&amp#27;[38;5;32m[AndroidUiautomator2Driver@b50c (5343bae8)]&amp#27;[0m Responding to client with driver.createSession() result: {"capabilities":{"platform":"LINUX","webStorageEnabled":false,"takesScreenshot":true,"javascriptEnabled":true,"databaseEnabled":false,"networkConnectionEnabled":true,"locationContextEnabled":false,"warnings":{},"desired":{"platformName":"ANDROID","app":"/Users/vaida/edON/appium/Android-MyDemoAppRN.1.3.0.build-244.apk","automationName":"UiAutomator2","avdLaunchTimeout":5000,"avdReadyTimeout":5000,"eventTimings":true,"platformVersion":"12.0","udid":"emulator-5554"},"platformName":"ANDROID","app":"/Users/vaida/edON/appium/Android-MyDemoAppRN.1.3.0.build-244.apk","automationName":"UiAutomator2","avdLaunchTimeout":5000,"avdReadyTimeout":5000,"eventTimings":true,"platformVersion":"12","udid":"emulator-5554","deviceName":"emulator-5554","deviceUDID":"emulator-5554","appPackage":"com.saucelabs.mydemoapp.rn","deviceApiLevel":31,"deviceScreenSize":"1080x2340","deviceScreenDensity":440,"deviceModel":"sdk_gphone64_arm64","deviceManufacturer":"Google","pixelRatio":2.75,"statBarHeight":66,"viewportRect":{"left":0,"top":...
&amp#27;[38;5;0m[HTTP]&amp#27;[0m &amp#27;[37m<-- POST /session &amp#27;[39m&amp#27;[32m200&amp#27;[39m &amp#27;[90m4709 ms - 1114&amp#27;[39m
&amp#27;[38;5;0m[HTTP]&amp#27;[0m &amp#27;[90m&amp#27;[39m
&amp#27;[38;5;0m[HTTP]&amp#27;[0m &amp#27;[37m-->&amp#27;[39m &amp#27;[37mPOST&amp#27;[39m &amp#27;[37m/session/5343bae8-1eba-4396-a045-02ee673ad314/timeouts&amp#27;[39m
&amp#27;[38;5;0m[HTTP]&amp#27;[0m &amp#27;[90m{"implicit":10000}&amp#27;[39m
&amp#27;[38;5;32m[AndroidUiautomator2Driver@b50c (5343bae8)]&amp#27;[0m Calling AppiumDriver.timeouts() with args: [null,null,null,null,10000,"5343bae8-1eba-4396-a045-02ee673ad314"]
&amp#27;[38;5;32m[AndroidUiautomator2Driver@b50c (5343bae8)]&amp#27;[0m W3C timeout argument: {"implicit":10000}}
&amp#27;[38;5;32m[AndroidUiautomator2Driver@b50c (5343bae8)]&amp#27;[0m Set implicit wait to 10000ms
&amp#27;[38;5;32m[AndroidUiautomator2Driver@b50c (5343bae8)]&amp#27;[0m Responding to client with driver.timeouts() result: null
&amp#27;[38;5;0m[HTTP]&amp#27;[0m &amp#27;[37m<-- POST /session/5343bae8-1eba-4396-a045-02ee673ad314/timeouts &amp#27;[39m&amp#27;[32m200&amp#27;[39m &amp#27;[90m1 ms - 14&amp#27;[39m
&amp#27;[38;5;0m[HTTP]&amp#27;[0m &amp#27;[90m&amp#27;[39m
&amp#27;[38;5;0m[HTTP]&amp#27;[0m &amp#27;[37m-->&amp#27;[39m &amp#27;[37mPOST&amp#27;[39m &amp#27;[37m/session/5343bae8-1eba-4396-a045-02ee673ad314/element&amp#27;[39m
&amp#27;[38;5;0m[HTTP]&amp#27;[0m &amp#27;[90m{"using":"-android uiautomator","value":"new UiSelector().text(\"Products\")"}&amp#27;[39m
&amp#27;[38;5;32m[AndroidUiautomator2Driver@b50c (5343bae8)]&amp#27;[0m Calling AppiumDriver.findElement() with args: ["-android uiautomator","new UiSelector().text(\"Products\")","5343bae8-1eba-4396-a045-02ee673ad314"]
&amp#27;[38;5;32m[AndroidUiautomator2Driver@b50c (5343bae8)]&amp#27;[0m Valid locator strategies for this request: xpath, id, class name, accessibility id, css selector, -android uiautomator
&amp#27;[38;5;32m[AndroidUiautomator2Driver@b50c (5343bae8)]&amp#27;[0m Waiting up to 10000 ms for condition
&amp#27;[38;5;32m[AndroidUiautomator2Driver@b50c (5343bae8)]&amp#27;[0m Matched '/element' to command name 'findElement'
&amp#27;[38;5;32m[AndroidUiautomator2Driver@b50c (5343bae8)]&amp#27;[0m Proxying [POST /element] to [POST http://127.0.0.1:8200/session/43be2ee0-f215-403a-a1bd-09d98718aebf/element] with body: {"strategy":"-android uiautomator","selector":"new UiSelector().text(\"Products\")","context":"","multiple":false}
&amp#27;[38;5;32m[AndroidUiautomator2Driver@b50c (5343bae8)]&amp#27;[0m Got response with status 200: {"sessionId":"43be2ee0-f215-403a-a1bd-09d98718aebf","value":{"ELEMENT":"00000000-0000-0221-ffff-ffff00000030","element-6066-11e4-a52e-4f735466cecf":"00000000-0000-0221-ffff-ffff00000030"}}
&amp#27;[38;5;32m[AndroidUiautomator2Driver@b50c (5343bae8)]&amp#27;[0m Responding to client with driver.findElement() result: {"element-6066-11e4-a52e-4f735466cecf":"00000000-0000-0221-ffff-ffff00000030","ELEMENT":"00000000-0000-0221-ffff-ffff00000030"}
&amp#27;[38;5;0m[HTTP]&amp#27;[0m &amp#27;[37m<-- POST /session/5343bae8-1eba-4396-a045-02ee673ad314/element &amp#27;[39m&amp#27;[32m200&amp#27;[39m &amp#27;[90m506 ms - 137&amp#27;[39m
&amp#27;[38;5;0m[HTTP]&amp#27;[0m &amp#27;[90m&amp#27;[39m
&amp#27;[38;5;0m[HTTP]&amp#27;[0m &amp#27;[37m-->&amp#27;[39m &amp#27;[37mGET&amp#27;[39m &amp#27;[37m/session/5343bae8-1eba-4396-a045-02ee673ad314/element/00000000-0000-0221-ffff-ffff00000030/displayed&amp#27;[39m
&amp#27;[38;5;0m[HTTP]&amp#27;[0m &amp#27;[90m{}&amp#27;[39m
&amp#27;[38;5;32m[AndroidUiautomator2Driver@b50c (5343bae8)]&amp#27;[0m Calling AppiumDriver.elementDisplayed() with args: ["00000000-0000-0221-ffff-ffff00000030","5343bae8-1eba-4396-a045-02ee673ad314"]
&amp#27;[38;5;32m[AndroidUiautomator2Driver@b50c (5343bae8)]&amp#27;[0m Matched '/element/00000000-0000-0221-ffff-ffff00000030/attribute/displayed' to command name 'getAttribute'
&amp#27;[38;5;32m[AndroidUiautomator2Driver@b50c (5343bae8)]&amp#27;[0m Proxying [GET /element/00000000-0000-0221-ffff-ffff00000030/attribute/displayed] to [GET http://127.0.0.1:8200/session/43be2ee0-f215-403a-a1bd-09d98718aebf/element/00000000-0000-0221-ffff-ffff00000030/attribute/displayed] with no body
&amp#27;[38;5;32m[AndroidUiautomator2Driver@b50c (5343bae8)]&amp#27;[0m Got response with status 200: {"sessionId":"43be2ee0-f215-403a-a1bd-09d98718aebf","value":"true"}
&amp#27;[38;5;32m[AndroidUiautomator2Driver@b50c (5343bae8)]&amp#27;[0m Responding to client with driver.elementDisplayed() result: true
&amp#27;[38;5;0m[HTTP]&amp#27;[0m &amp#27;[37m<-- GET /session/5343bae8-1eba-4396-a045-02ee673ad314/element/00000000-0000-0221-ffff-ffff00000030/displayed &amp#27;[39m&amp#27;[32m200&amp#27;[39m &amp#27;[90m21 ms - 14&amp#27;[39m
&amp#27;[38;5;0m[HTTP]&amp#27;[0m &amp#27;[90m&amp#27;[39m
&amp#27;[38;5;0m[HTTP]&amp#27;[0m &amp#27;[37m-->&amp#27;[39m &amp#27;[37mPOST&amp#27;[39m &amp#27;[37m/session/5343bae8-1eba-4396-a045-02ee673ad314/element&amp#27;[39m
&amp#27;[38;5;0m[HTTP]&amp#27;[0m &amp#27;[90m{"using":"accessibility id","value":"sort button"}&amp#27;[39m
&amp#27;[38;5;32m[AndroidUiautomator2Driver@b50c (5343bae8)]&amp#27;[0m Calling AppiumDriver.findElement() with args: ["accessibility id","sort button","5343bae8-1eba-4396-a045-02ee673ad314"]
&amp#27;[38;5;32m[AndroidUiautomator2Driver@b50c (5343bae8)]&amp#27;[0m Valid locator strategies for this request: xpath, id, class name, accessibility id, css selector, -android uiautomator
&amp#27;[38;5;32m[AndroidUiautomator2Driver@b50c (5343bae8)]&amp#27;[0m Waiting up to 10000 ms for condition
&amp#27;[38;5;32m[AndroidUiautomator2Driver@b50c (5343bae8)]&amp#27;[0m Matched '/element' to command name 'findElement'
&amp#27;[38;5;32m[AndroidUiautomator2Driver@b50c (5343bae8)]&amp#27;[0m Proxying [POST /element] to [POST http://127.0.0.1:8200/session/43be2ee0-f215-403a-a1bd-09d98718aebf/element] with body: {"strategy":"accessibility id","selector":"sort button","context":"","multiple":false}
&amp#27;[38;5;32m[AndroidUiautomator2Driver@b50c (5343bae8)]&amp#27;[0m Got response with status 200: {"sessionId":"43be2ee0-f215-403a-a1bd-09d98718aebf","value":{"ELEMENT":"00000000-0000-0221-ffff-ffff00000026","element-6066-11e4-a52e-4f735466cecf":"00000000-0000-0221-ffff-ffff00000026"}}
&amp#27;[38;5;32m[AndroidUiautomator2Driver@b50c (5343bae8)]&amp#27;[0m Responding to client with driver.findElement() result: {"element-6066-11e4-a52e-4f735466cecf":"00000000-0000-0221-ffff-ffff00000026","ELEMENT":"00000000-0000-0221-ffff-ffff00000026"}
&amp#27;[38;5;0m[HTTP]&amp#27;[0m &amp#27;[37m<-- POST /session/5343bae8-1eba-4396-a045-02ee673ad314/element &amp#27;[39m&amp#27;[32m200&amp#27;[39m &amp#27;[90m12 ms - 137&amp#27;[39m
&amp#27;[38;5;0m[HTTP]&amp#27;[0m &amp#27;[90m&amp#27;[39m
&amp#27;[38;5;0m[HTTP]&amp#27;[0m &amp#27;[37m-->&amp#27;[39m &amp#27;[37mGET&amp#27;[39m &amp#27;[37m/session/5343bae8-1eba-4396-a045-02ee673ad314/element/00000000-0000-0221-ffff-ffff00000026/displayed&amp#27;[39m
&amp#27;[38;5;0m[HTTP]&amp#27;[0m &amp#27;[90m{}&amp#27;[39m
&amp#27;[38;5;32m[AndroidUiautomator2Driver@b50c (5343bae8)]&amp#27;[0m Calling AppiumDriver.elementDisplayed() with args: ["00000000-0000-0221-ffff-ffff00000026","5343bae8-1eba-4396-a045-02ee673ad314"]
&amp#27;[38;5;32m[AndroidUiautomator2Driver@b50c (5343bae8)]&amp#27;[0m Matched '/element/00000000-0000-0221-ffff-ffff00000026/attribute/displayed' to command name 'getAttribute'
&amp#27;[38;5;32m[AndroidUiautomator2Driver@b50c (5343bae8)]&amp#27;[0m Proxying [GET /element/00000000-0000-0221-ffff-ffff00000026/attribute/displayed] to [GET http://127.0.0.1:8200/session/43be2ee0-f215-403a-a1bd-09d98718aebf/element/00000000-0000-0221-ffff-ffff00000026/attribute/displayed] with no body
&amp#27;[38;5;32m[AndroidUiautomator2Driver@b50c (5343bae8)]&amp#27;[0m Got response with status 200: {"sessionId":"43be2ee0-f215-403a-a1bd-09d98718aebf","value":"true"}
&amp#27;[38;5;32m[AndroidUiautomator2Driver@b50c (5343bae8)]&amp#27;[0m Responding to client with driver.elementDisplayed() result: true
&amp#27;[38;5;0m[HTTP]&amp#27;[0m &amp#27;[37m<-- GET /session/5343bae8-1eba-4396-a045-02ee673ad314/element/00000000-0000-0221-ffff-ffff00000026/displayed &amp#27;[39m&amp#27;[32m200&amp#27;[39m &amp#27;[90m5 ms - 14&amp#27;[39m
&amp#27;[38;5;0m[HTTP]&amp#27;[0m &amp#27;[90m&amp#27;[39m
&amp#27;[38;5;0m[HTTP]&amp#27;[0m &amp#27;[37m-->&amp#27;[39m &amp#27;[37mPOST&amp#27;[39m &amp#27;[37m/session/5343bae8-1eba-4396-a045-02ee673ad314/element&amp#27;[39m
&amp#27;[38;5;0m[HTTP]&amp#27;[0m &amp#27;[90m{"using":"accessibility id","value":"sort button"}&amp#27;[39m
&amp#27;[38;5;32m[AndroidUiautomator2Driver@b50c (5343bae8)]&amp#27;[0m Calling AppiumDriver.findElement() with args: ["accessibility id","sort button","5343bae8-1eba-4396-a045-02ee673ad314"]
&amp#27;[38;5;32m[AndroidUiautomator2Driver@b50c (5343bae8)]&amp#27;[0m Valid locator strategies for this request: xpath, id, class name, accessibility id, css selector, -android uiautomator
&amp#27;[38;5;32m[AndroidUiautomator2Driver@b50c (5343bae8)]&amp#27;[0m Waiting up to 10000 ms for condition
&amp#27;[38;5;32m[AndroidUiautomator2Driver@b50c (5343bae8)]&amp#27;[0m Matched '/element' to command name 'findElement'
&amp#27;[38;5;32m[AndroidUiautomator2Driver@b50c (5343bae8)]&amp#27;[0m Proxying [POST /element] to [POST http://127.0.0.1:8200/session/43be2ee0-f215-403a-a1bd-09d98718aebf/element] with body: {"strategy":"accessibility id","selector":"sort button","context":"","multiple":false}
&amp#27;[38;5;32m[AndroidUiautomator2Driver@b50c (5343bae8)]&amp#27;[0m Got response with status 200: {"sessionId":"43be2ee0-f215-403a-a1bd-09d98718aebf","value":{"ELEMENT":"00000000-0000-0221-ffff-ffff00000026","element-6066-11e4-a52e-4f735466cecf":"00000000-0000-0221-ffff-ffff00000026"}}
&amp#27;[38;5;32m[AndroidUiautomator2Driver@b50c (5343bae8)]&amp#27;[0m Responding to client with driver.findElement() result: {"element-6066-11e4-a52e-4f735466cecf":"00000000-0000-0221-ffff-ffff00000026","ELEMENT":"00000000-0000-0221-ffff-ffff00000026"}
&amp#27;[38;5;0m[HTTP]&amp#27;[0m &amp#27;[37m<-- POST /session/5343bae8-1eba-4396-a045-02ee673ad314/element &amp#27;[39m&amp#27;[32m200&amp#27;[39m &amp#27;[90m9 ms - 137&amp#27;[39m
&amp#27;[38;5;0m[HTTP]&amp#27;[0m &amp#27;[90m&amp#27;[39m
&amp#27;[38;5;0m[HTTP]&amp#27;[0m &amp#27;[37m-->&amp#27;[39m &amp#27;[37mPOST&amp#27;[39m &amp#27;[37m/session/5343bae8-1eba-4396-a045-02ee673ad314/element/00000000-0000-0221-ffff-ffff00000026/click&amp#27;[39m
&amp#27;[38;5;0m[HTTP]&amp#27;[0m &amp#27;[90m{"id":"00000000-0000-0221-ffff-ffff00000026"}&amp#27;[39m
&amp#27;[38;5;32m[AndroidUiautomator2Driver@b50c (5343bae8)]&amp#27;[0m Calling AppiumDriver.click() with args: ["00000000-0000-0221-ffff-ffff00000026","5343bae8-1eba-4396-a045-02ee673ad314"]
&amp#27;[38;5;32m[AndroidUiautomator2Driver@b50c (5343bae8)]&amp#27;[0m Matched '/element/00000000-0000-0221-ffff-ffff00000026/click' to command name 'click'
&amp#27;[38;5;32m[AndroidUiautomator2Driver@b50c (5343bae8)]&amp#27;[0m Proxying [POST /element/00000000-0000-0221-ffff-ffff00000026/click] to [POST http://127.0.0.1:8200/session/43be2ee0-f215-403a-a1bd-09d98718aebf/element/00000000-0000-0221-ffff-ffff00000026/click] with body: {"element":"00000000-0000-0221-ffff-ffff00000026"}
&amp#27;[38;5;32m[AndroidUiautomator2Driver@b50c (5343bae8)]&amp#27;[0m Got response with status 200: {"sessionId":"43be2ee0-f215-403a-a1bd-09d98718aebf","value":null}
&amp#27;[38;5;32m[AndroidUiautomator2Driver@b50c (5343bae8)]&amp#27;[0m Responding to client with driver.click() result: null
&amp#27;[38;5;0m[HTTP]&amp#27;[0m &amp#27;[37m<-- POST /session/5343bae8-1eba-4396-a045-02ee673ad314/element/00000000-0000-0221-ffff-ffff00000026/click &amp#27;[39m&amp#27;[32m200&amp#27;[39m &amp#27;[90m45 ms - 14&amp#27;[39m
&amp#27;[38;5;0m[HTTP]&amp#27;[0m &amp#27;[90m&amp#27;[39m
&amp#27;[38;5;0m[HTTP]&amp#27;[0m &amp#27;[37m-->&amp#27;[39m &amp#27;[37mPOST&amp#27;[39m &amp#27;[37m/session/5343bae8-1eba-4396-a045-02ee673ad314/element&amp#27;[39m
&amp#27;[38;5;0m[HTTP]&amp#27;[0m &amp#27;[90m{"using":"accessibility id","value":"nameDesc"}&amp#27;[39m
&amp#27;[38;5;32m[AndroidUiautomator2Driver@b50c (5343bae8)]&amp#27;[0m Calling AppiumDriver.findElement() with args: ["accessibility id","nameDesc","5343bae8-1eba-4396-a045-02ee673ad314"]
&amp#27;[38;5;32m[AndroidUiautomator2Driver@b50c (5343bae8)]&amp#27;[0m Valid locator strategies for this request: xpath, id, class name, accessibility id, css selector, -android uiautomator
&amp#27;[38;5;32m[AndroidUiautomator2Driver@b50c (5343bae8)]&amp#27;[0m Waiting up to 10000 ms for condition
&amp#27;[38;5;32m[AndroidUiautomator2Driver@b50c (5343bae8)]&amp#27;[0m Matched '/element' to command name 'findElement'
&amp#27;[38;5;32m[AndroidUiautomator2Driver@b50c (5343bae8)]&amp#27;[0m Proxying [POST /element] to [POST http://127.0.0.1:8200/session/43be2ee0-f215-403a-a1bd-09d98718aebf/element] with body: {"strategy":"accessibility id","selector":"nameDesc","context":"","multiple":false}
&amp#27;[38;5;32m[AndroidUiautomator2Driver@b50c (5343bae8)]&amp#27;[0m Got response with status 404: {"sessionId":"43be2ee0-f215-403a-a1bd-09d98718aebf","value":{"error":"no such element","message":"An element could not be located on the page using the given search parameters","stacktrace":"io.appium.uiautomator2.common.exceptions.ElementNotFoundException: An element could not be located on the page using the given search parameters\n\tat io.appium.uiautomator2.handler.FindElement.safeHandle(FindElement.java:70)\n\tat io.appium.uiautomator2.handler.request.SafeRequestHandler.handle(SafeRequestHandler.java:59)\n\tat io.appium.uiautomator2.server.AppiumServlet.handleRequest(AppiumServlet.java:267)\n\tat io.appium.uiautomator2.server.AppiumServlet.handleHttpRequest(AppiumServlet.java:261)\n\tat io.appium.uiautomator2.http.ServerHandler.channelRead(ServerHandler.java:68)\n\tat io.netty.channel.AbstractChannelHandlerContext.invokeChannelRead(AbstractChannelHandlerContext.java:366)\n\tat io.netty.channel.AbstractChannelHandlerContext.invokeChannelRead(AbstractChannelHandlerContext.java:352)\n\tat io.netty.chann...
&amp#27;[38;5;128m[W3C]&amp#27;[0m Matched W3C error code 'no such element' to NoSuchElementError
&amp#27;[38;5;32m[AndroidUiautomator2Driver@b50c (5343bae8)]&amp#27;[0m Waited for 102 ms so far
&amp#27;[38;5;32m[AndroidUiautomator2Driver@b50c (5343bae8)]&amp#27;[0m Matched '/element' to command name 'findElement'
&amp#27;[38;5;32m[AndroidUiautomator2Driver@b50c (5343bae8)]&amp#27;[0m Proxying [POST /element] to [POST http://127.0.0.1:8200/session/43be2ee0-f215-403a-a1bd-09d98718aebf/element] with body: {"strategy":"accessibility id","selector":"nameDesc","context":"","multiple":false}
&amp#27;[38;5;32m[AndroidUiautomator2Driver@b50c (5343bae8)]&amp#27;[0m Got response with status 200: {"sessionId":"43be2ee0-f215-403a-a1bd-09d98718aebf","value":{"ELEMENT":"00000000-0000-0222-ffff-ffff000000b7","element-6066-11e4-a52e-4f735466cecf":"00000000-0000-0222-ffff-ffff000000b7"}}
&amp#27;[38;5;32m[AndroidUiautomator2Driver@b50c (5343bae8)]&amp#27;[0m Responding to client with driver.findElement() result: {"element-6066-11e4-a52e-4f735466cecf":"00000000-0000-0222-ffff-ffff000000b7","ELEMENT":"00000000-0000-0222-ffff-ffff000000b7"}
&amp#27;[38;5;0m[HTTP]&amp#27;[0m &amp#27;[37m<-- POST /session/5343bae8-1eba-4396-a045-02ee673ad314/element &amp#27;[39m&amp#27;[32m200&amp#27;[39m &amp#27;[90m620 ms - 137&amp#27;[39m
&amp#27;[38;5;0m[HTTP]&amp#27;[0m &amp#27;[90m&amp#27;[39m
&amp#27;[38;5;0m[HTTP]&amp#27;[0m &amp#27;[37m-->&amp#27;[39m &amp#27;[37mPOST&amp#27;[39m &amp#27;[37m/session/5343bae8-1eba-4396-a045-02ee673ad314/element/00000000-0000-0222-ffff-ffff000000b7/click&amp#27;[39m
&amp#27;[38;5;0m[HTTP]&amp#27;[0m &amp#27;[90m{"id":"00000000-0000-0222-ffff-ffff000000b7"}&amp#27;[39m
&amp#27;[38;5;32m[AndroidUiautomator2Driver@b50c (5343bae8)]&amp#27;[0m Calling AppiumDriver.click() with args: ["00000000-0000-0222-ffff-ffff000000b7","5343bae8-1eba-4396-a045-02ee673ad314"]
&amp#27;[38;5;32m[AndroidUiautomator2Driver@b50c (5343bae8)]&amp#27;[0m Matched '/element/00000000-0000-0222-ffff-ffff000000b7/click' to command name 'click'
&amp#27;[38;5;32m[AndroidUiautomator2Driver@b50c (5343bae8)]&amp#27;[0m Proxying [POST /element/00000000-0000-0222-ffff-ffff000000b7/click] to [POST http://127.0.0.1:8200/session/43be2ee0-f215-403a-a1bd-09d98718aebf/element/00000000-0000-0222-ffff-ffff000000b7/click] with body: {"element":"00000000-0000-0222-ffff-ffff000000b7"}
&amp#27;[38;5;32m[AndroidUiautomator2Driver@b50c (5343bae8)]&amp#27;[0m Got response with status 200: {"sessionId":"43be2ee0-f215-403a-a1bd-09d98718aebf","value":null}
&amp#27;[38;5;32m[AndroidUiautomator2Driver@b50c (5343bae8)]&amp#27;[0m Responding to client with driver.click() result: null
&amp#27;[38;5;0m[HTTP]&amp#27;[0m &amp#27;[37m<-- POST /session/5343bae8-1eba-4396-a045-02ee673ad314/element/00000000-0000-0222-ffff-ffff000000b7/click &amp#27;[39m&amp#27;[32m200&amp#27;[39m &amp#27;[90m35 ms - 14&amp#27;[39m
&amp#27;[38;5;0m[HTTP]&amp#27;[0m &amp#27;[90m&amp#27;[39m
&amp#27;[38;5;0m[HTTP]&amp#27;[0m &amp#27;[37m-->&amp#27;[39m &amp#27;[37mPOST&amp#27;[39m &amp#27;[37m/session/5343bae8-1eba-4396-a045-02ee673ad314/elements&amp#27;[39m
&amp#27;[38;5;0m[HTTP]&amp#27;[0m &amp#27;[90m{"using":"-android uiautomator","value":"description(\"store item text\")"}&amp#27;[39m
&amp#27;[38;5;32m[AndroidUiautomator2Driver@b50c (5343bae8)]&amp#27;[0m Calling AppiumDriver.findElements() with args: ["-android uiautomator","description(\"store item text\")","5343bae8-1eba-4396-a045-02ee673ad314"]
&amp#27;[38;5;32m[AndroidUiautomator2Driver@b50c (5343bae8)]&amp#27;[0m Valid locator strategies for this request: xpath, id, class name, accessibility id, css selector, -android uiautomator
&amp#27;[38;5;32m[AndroidUiautomator2Driver@b50c (5343bae8)]&amp#27;[0m Waiting up to 10000 ms for condition
&amp#27;[38;5;32m[AndroidUiautomator2Driver@b50c (5343bae8)]&amp#27;[0m Matched '/elements' to command name 'findElements'
&amp#27;[38;5;32m[AndroidUiautomator2Driver@b50c (5343bae8)]&amp#27;[0m Proxying [POST /elements] to [POST http://127.0.0.1:8200/session/43be2ee0-f215-403a-a1bd-09d98718aebf/elements] with body: {"strategy":"-android uiautomator","selector":"description(\"store item text\")","context":"","multiple":true}
&amp#27;[38;5;32m[AndroidUiautomator2Driver@b50c (5343bae8)]&amp#27;[0m Got response with status 200: {"sessionId":"43be2ee0-f215-403a-a1bd-09d98718aebf","value":[]}
&amp#27;[38;5;32m[AndroidUiautomator2Driver@b50c (5343bae8)]&amp#27;[0m Waited for 16 ms so far
&amp#27;[38;5;32m[AndroidUiautomator2Driver@b50c (5343bae8)]&amp#27;[0m Matched '/elements' to command name 'findElements'
&amp#27;[38;5;32m[AndroidUiautomator2Driver@b50c (5343bae8)]&amp#27;[0m Proxying [POST /elements] to [POST http://127.0.0.1:8200/session/43be2ee0-f215-403a-a1bd-09d98718aebf/elements] with body: {"strategy":"-android uiautomator","selector":"description(\"store item text\")","context":"","multiple":true}
&amp#27;[38;5;32m[AndroidUiautomator2Driver@b50c (5343bae8)]&amp#27;[0m Got response with status 200: {"sessionId":"43be2ee0-f215-403a-a1bd-09d98718aebf","value":[{"ELEMENT":"00000000-0000-0221-ffff-ffff000000c8","element-6066-11e4-a52e-4f735466cecf":"00000000-0000-0221-ffff-ffff000000c8"},{"ELEMENT":"00000000-0000-0221-ffff-ffff000000d7","element-6066-11e4-a52e-4f735466cecf":"00000000-0000-0221-ffff-ffff000000d7"},{"ELEMENT":"00000000-0000-0221-ffff-ffff000000e7","element-6066-11e4-a52e-4f735466cecf":"00000000-0000-0221-ffff-ffff000000e7"},{"ELEMENT":"00000000-0000-0221-ffff-ffff000000f6","element-6066-11e4-a52e-4f735466cecf":"00000000-0000-0221-ffff-ffff000000f6"}]}
&amp#27;[38;5;32m[AndroidUiautomator2Driver@b50c (5343bae8)]&amp#27;[0m Responding to client with driver.findElements() result: [{"element-6066-11e4-a52e-4f735466cecf":"00000000-0000-0221-ffff-ffff000000c8","ELEMENT":"00000000-0000-0221-ffff-ffff000000c8"},{"element-6066-11e4-a52e-4f735466cecf":"00000000-0000-0221-ffff-ffff000000d7","ELEMENT":"00000000-0000-0221-ffff-ffff000000d7"},{"element-6066-11e4-a52e-4f735466cecf":"00000000-0000-0221-ffff-ffff000000e7","ELEMENT":"00000000-0000-0221-ffff-ffff000000e7"},{"element-6066-11e4-a52e-4f735466cecf":"00000000-0000-0221-ffff-ffff000000f6","ELEMENT":"00000000-0000-0221-ffff-ffff000000f6"}]
&amp#27;[38;5;0m[HTTP]&amp#27;[0m &amp#27;[37m<-- POST /session/5343bae8-1eba-4396-a045-02ee673ad314/elements &amp#27;[39m&amp#27;[32m200&amp#27;[39m &amp#27;[90m666 ms - 523&amp#27;[39m
&amp#27;[38;5;0m[HTTP]&amp#27;[0m &amp#27;[90m&amp#27;[39m
&amp#27;[38;5;0m[HTTP]&amp#27;[0m &amp#27;[37m-->&amp#27;[39m &amp#27;[37mGET&amp#27;[39m &amp#27;[37m/session/5343bae8-1eba-4396-a045-02ee673ad314/element/00000000-0000-0221-ffff-ffff000000c8/text&amp#27;[39m
&amp#27;[38;5;0m[HTTP]&amp#27;[0m &amp#27;[90m{}&amp#27;[39m
&amp#27;[38;5;32m[AndroidUiautomator2Driver@b50c (5343bae8)]&amp#27;[0m Driver proxy active, passing request on via HTTP proxy
&amp#27;[38;5;32m[AndroidUiautomator2Driver@b50c (5343bae8)]&amp#27;[0m Matched '/session/5343bae8-1eba-4396-a045-02ee673ad314/element/00000000-0000-0221-ffff-ffff000000c8/text' to command name 'getText'
&amp#27;[38;5;32m[AndroidUiautomator2Driver@b50c (5343bae8)]&amp#27;[0m Proxying [GET /session/5343bae8-1eba-4396-a045-02ee673ad314/element/00000000-0000-0221-ffff-ffff000000c8/text] to [GET http://127.0.0.1:8200/session/43be2ee0-f215-403a-a1bd-09d98718aebf/element/00000000-0000-0221-ffff-ffff000000c8/text] with no body
&amp#27;[38;5;32m[AndroidUiautomator2Driver@b50c (5343bae8)]&amp#27;[0m Got response with status 200: {"sessionId":"43be2ee0-f215-403a-a1bd-09d98718aebf","value":"Test.allTheThings() T-Shirt"}
&amp#27;[38;5;32m[AndroidUiautomator2Driver@b50c (5343bae8)]&amp#27;[0m Replacing sessionId 43be2ee0-f215-403a-a1bd-09d98718aebf with 5343bae8-1eba-4396-a045-02ee673ad314
&amp#27;[38;5;0m[HTTP]&amp#27;[0m &amp#27;[37m<-- GET /session/5343bae8-1eba-4396-a045-02ee673ad314/element/00000000-0000-0221-ffff-ffff000000c8/text &amp#27;[39m&amp#27;[32m200&amp#27;[39m &amp#27;[90m8 ms - 90&amp#27;[39m
&amp#27;[38;5;0m[HTTP]&amp#27;[0m &amp#27;[90m&amp#27;[39m
&amp#27;[38;5;0m[HTTP]&amp#27;[0m &amp#27;[37m-->&amp#27;[39m &amp#27;[37mDELETE&amp#27;[39m &amp#27;[37m/session/5343bae8-1eba-4396-a045-02ee673ad314&amp#27;[39m
&amp#27;[38;5;0m[HTTP]&amp#27;[0m &amp#27;[90m{}&amp#27;[39m
&amp#27;[38;5;32m[AndroidUiautomator2Driver@b50c (5343bae8)]&amp#27;[0m Calling AppiumDriver.deleteSession() with args: ["5343bae8-1eba-4396-a045-02ee673ad314"]
&amp#27;[38;5;16m[AppiumDriver@fa87]&amp#27;[0m Event 'quitSessionRequested' logged at 1702385523386 (14:52:03 GMT+0200 (Eastern European Standard Time))
&amp#27;[38;5;16m[AppiumDriver@fa87]&amp#27;[0m Removing session 5343bae8-1eba-4396-a045-02ee673ad314 from our master session list
&amp#27;[38;5;32m[AndroidUiautomator2Driver@b50c (5343bae8)]&amp#27;[0m Deleting UiAutomator2 session
&amp#27;[38;5;32m[AndroidUiautomator2Driver@b50c (5343bae8)]&amp#27;[0m Deleting UiAutomator2 server session
&amp#27;[38;5;32m[AndroidUiautomator2Driver@b50c (5343bae8)]&amp#27;[0m Matched '/' to command name 'deleteSession'
&amp#27;[38;5;32m[AndroidUiautomator2Driver@b50c (5343bae8)]&amp#27;[0m Proxying [DELETE /] to [DELETE http://127.0.0.1:8200/session/43be2ee0-f215-403a-a1bd-09d98718aebf] with no body
&amp#27;[38;5;32m[AndroidUiautomator2Driver@b50c (5343bae8)]&amp#27;[0m Got response with status 200: {"sessionId":"43be2ee0-f215-403a-a1bd-09d98718aebf","value":null}
&amp#27;[38;5;64m[ADB]&amp#27;[0m Running '/Users/vaida/Library/Android/sdk/platform-tools/adb -P 5037 -s emulator-5554 shell dumpsys activity services io.appium.settings/.recorder.RecorderService'
&amp#27;[38;5;64m[ADB]&amp#27;[0m Running '/Users/vaida/Library/Android/sdk/platform-tools/adb -P 5037 -s emulator-5554 shell am force-stop com.saucelabs.mydemoapp.rn'
&amp#27;[38;5;96m[Logcat]&amp#27;[0m Stopping logcat capture
&amp#27;[38;5;64m[ADB]&amp#27;[0m Removing forwarded port socket connection: 8200 
&amp#27;[38;5;64m[ADB]&amp#27;[0m Running '/Users/vaida/Library/Android/sdk/platform-tools/adb -P 5037 -s emulator-5554 forward --remove tcp:8200'
&amp#27;[38;5;112m[Instrumentation]&amp#27;[0m .
&amp#27;[38;5;32m[AndroidUiautomator2Driver@b50c (5343bae8)]&amp#27;[0m Restoring hidden api policy to the device default configuration
&amp#27;[38;5;64m[ADB]&amp#27;[0m Running '/Users/vaida/Library/Android/sdk/platform-tools/adb -P 5037 -s emulator-5554 shell 'settings delete global hidden_api_policy_pre_p_apps;settings delete global hidden_api_policy_p_apps;settings delete global hidden_api_policy''
&amp#27;[38;5;112m[Instrumentation]&amp#27;[0m Time: 5.029
&amp#27;[38;5;112m[Instrumentation]&amp#27;[0m 
&amp#27;[38;5;112m[Instrumentation]&amp#27;[0m OK (1 test)
&amp#27;[38;5;16m[AppiumDriver@fa87]&amp#27;[0m Event 'quitSessionFinished' logged at 1702385523697 (14:52:03 GMT+0200 (Eastern European Standard Time))
&amp#27;[38;5;16m[AppiumDriver@fa87]&amp#27;[0m Received response: null
&amp#27;[38;5;16m[AppiumDriver@fa87]&amp#27;[0m But deleting session, so not returning
&amp#27;[38;5;16m[AppiumDriver@fa87]&amp#27;[0m Responding to client with driver.deleteSession() result: null
&amp#27;[38;5;0m[HTTP]&amp#27;[0m &amp#27;[37m<-- DELETE /session/5343bae8-1eba-4396-a045-02ee673ad314 &amp#27;[39m&amp#27;[32m200&amp#27;[39m &amp#27;[90m311 ms - 14&amp#27;[39m
&amp#27;[38;5;0m[HTTP]&amp#27;[0m &amp#27;[90m&amp#27;[39m
]]></system-out>
  </testcase>
  <testcase name="User sorts products by name #4" classname="Products page functionality" time="8.249">
    <system-out><![CDATA[Starting Appium service...
&amp#27;[38;5;0m[HTTP]&amp#27;[0m &amp#27;[37m-->&amp#27;[39m &amp#27;[37mGET&amp#27;[39m &amp#27;[37m/status&amp#27;[39m
&amp#27;[38;5;0m[HTTP]&amp#27;[0m &amp#27;[90m{}&amp#27;[39m
&amp#27;[38;5;16m[AppiumDriver@fa87]&amp#27;[0m Calling AppiumDriver.getStatus() with args: []
&amp#27;[38;5;16m[AppiumDriver@fa87]&amp#27;[0m Responding to client with driver.getStatus() result: {"ready":true,"message":"The server is ready to accept new connections","build":{"version":"2.2.3","git-sha":"32ff40f688a49e02428eb3f20232aac69ffeeea0","built":"2023-07-05 01:57:43 +0100"}}
&amp#27;[38;5;0m[HTTP]&amp#27;[0m &amp#27;[37m<-- GET /status &amp#27;[39m&amp#27;[32m200&amp#27;[39m &amp#27;[90m0 ms - 199&amp#27;[39m
&amp#27;[38;5;0m[HTTP]&amp#27;[0m &amp#27;[90m&amp#27;[39m
Appium service started successfully.
Initializing Appium driver...
&amp#27;[38;5;0m[HTTP]&amp#27;[0m Request idempotency key: 5641129f-c90b-4267-80da-18e5100ebdd7
&amp#27;[38;5;0m[HTTP]&amp#27;[0m &amp#27;[37m-->&amp#27;[39m &amp#27;[37mPOST&amp#27;[39m &amp#27;[37m/session&amp#27;[39m
&amp#27;[38;5;0m[HTTP]&amp#27;[0m &amp#27;[90m{"capabilities":{"firstMatch":[{}],"alwaysMatch":{"appium:app":"/Users/vaida/edON/appium/Android-MyDemoAppRN.1.3.0.build-244.apk","appium:automationName":"UiAutomator2","appium:avdLaunchTimeout":5000,"appium:avdReadyTimeout":5000,"appium:eventTimings":true,"appium:platformVersion":"12.0","appium:udid":"emulator-5554","platformName":"ANDROID"}}}&amp#27;[39m
&amp#27;[38;5;16m[AppiumDriver@fa87]&amp#27;[0m Calling AppiumDriver.createSession() with args: [null,null,{"firstMatch":[{}],"alwaysMatch":{"appium:app":"/Users/vaida/edON/appium/Android-MyDemoAppRN.1.3.0.build-244.apk","appium:automationName":"UiAutomator2","appium:avdLaunchTimeout":5000,"appium:avdReadyTimeout":5000,"appium:eventTimings":true,"appium:platformVersion":"12.0","appium:udid":"emulator-5554","platformName":"ANDROID"}}]
&amp#27;[38;5;16m[AppiumDriver@fa87]&amp#27;[0m Event 'newSessionRequested' logged at 1702385523916 (14:52:03 GMT+0200 (Eastern European Standard Time))
&amp#27;[35m[Appium]&amp#27;[39m Attempting to find matching driver for automationName 'UiAutomator2' and platformName 'ANDROID'
&amp#27;[35m[Appium]&amp#27;[39m The 'uiautomator2' driver was installed and matched caps.
&amp#27;[35m[Appium]&amp#27;[39m Will require it at /Users/vaida/.appium/node_modules/appium-uiautomator2-driver
&amp#27;[35m[Appium]&amp#27;[39m Requiring driver at /Users/vaida/.appium/node_modules/appium-uiautomator2-driver
&amp#27;[38;5;16m[AppiumDriver@fa87]&amp#27;[0m Appium v2.2.3 creating new AndroidUiautomator2Driver (v2.4.0) session
&amp#27;[38;5;16m[AppiumDriver@fa87]&amp#27;[0m Checking BaseDriver versions for Appium and AndroidUiautomator2Driver
&amp#27;[38;5;16m[AppiumDriver@fa87]&amp#27;[0m Appium's BaseDriver version is 9.4.3
&amp#27;[38;5;16m[AppiumDriver@fa87]&amp#27;[0m AndroidUiautomator2Driver's BaseDriver version is 8.5.7
&amp#27;[38;5;32m[AndroidUiautomator2Driver@c17c]&amp#27;[0m Creating session with W3C capabilities: {
&amp#27;[38;5;32m[AndroidUiautomator2Driver@c17c]&amp#27;[0m   "alwaysMatch": {
&amp#27;[38;5;32m[AndroidUiautomator2Driver@c17c]&amp#27;[0m     "platformName": "ANDROID",
&amp#27;[38;5;32m[AndroidUiautomator2Driver@c17c]&amp#27;[0m     "appium:app": "/Users/vaida/edON/appium/Android-MyDemoAppRN.1.3.0.build-244.apk",
&amp#27;[38;5;32m[AndroidUiautomator2Driver@c17c]&amp#27;[0m     "appium:automationName": "UiAutomator2",
&amp#27;[38;5;32m[AndroidUiautomator2Driver@c17c]&amp#27;[0m     "appium:avdLaunchTimeout": 5000,
&amp#27;[38;5;32m[AndroidUiautomator2Driver@c17c]&amp#27;[0m     "appium:avdReadyTimeout": 5000,
&amp#27;[38;5;32m[AndroidUiautomator2Driver@c17c]&amp#27;[0m     "appium:eventTimings": true,
&amp#27;[38;5;32m[AndroidUiautomator2Driver@c17c]&amp#27;[0m     "appium:platformVersion": "12.0",
&amp#27;[38;5;32m[AndroidUiautomator2Driver@c17c]&amp#27;[0m     "appium:udid": "emulator-5554"
&amp#27;[38;5;32m[AndroidUiautomator2Driver@c17c]&amp#27;[0m   },
&amp#27;[38;5;32m[AndroidUiautomator2Driver@c17c]&amp#27;[0m   "firstMatch": [
&amp#27;[38;5;32m[AndroidUiautomator2Driver@c17c]&amp#27;[0m     {}
&amp#27;[38;5;32m[AndroidUiautomator2Driver@c17c]&amp#27;[0m   ]
&amp#27;[38;5;32m[AndroidUiautomator2Driver@c17c]&amp#27;[0m }
&amp#27;[38;5;32m[AndroidUiautomator2Driver@c17c (f8b662ae)]&amp#27;[0m Session created with session id: f8b662ae-f658-4731-a58b-8ef713888027
&amp#27;[38;5;48m[BaseDriver]&amp#27;[0m Using local app '/Users/vaida/edON/appium/Android-MyDemoAppRN.1.3.0.build-244.apk'
&amp#27;[38;5;32m[AndroidUiautomator2Driver@c17c (f8b662ae)]&amp#27;[0m Checking whether app is actually present
&amp#27;[38;5;64m[ADB]&amp#27;[0m Using 'adb' from '/Users/vaida/Library/Android/sdk/platform-tools/adb'
&amp#27;[38;5;64m[ADB]&amp#27;[0m Running '/Users/vaida/Library/Android/sdk/platform-tools/adb -P 5037 start-server'
&amp#27;[38;5;80m[AndroidDriver]&amp#27;[0m Retrieving device list
&amp#27;[38;5;64m[ADB]&amp#27;[0m Trying to find a connected android device
&amp#27;[38;5;64m[ADB]&amp#27;[0m Getting connected devices
&amp#27;[38;5;64m[ADB]&amp#27;[0m Connected devices: [{"udid":"emulator-5554","state":"device"}]
&amp#27;[38;5;80m[AndroidDriver]&amp#27;[0m Using device: emulator-5554
&amp#27;[38;5;64m[ADB]&amp#27;[0m Using 'adb' from '/Users/vaida/Library/Android/sdk/platform-tools/adb'
&amp#27;[38;5;64m[ADB]&amp#27;[0m Running '/Users/vaida/Library/Android/sdk/platform-tools/adb -P 5037 start-server'
&amp#27;[38;5;64m[ADB]&amp#27;[0m Setting device id to emulator-5554
&amp#27;[38;5;64m[ADB]&amp#27;[0m Running '/Users/vaida/Library/Android/sdk/platform-tools/adb -P 5037 -s emulator-5554 shell getprop ro.build.version.sdk'
&amp#27;[38;5;64m[ADB]&amp#27;[0m Current device property 'ro.build.version.sdk': 31
&amp#27;[38;5;64m[ADB]&amp#27;[0m Getting device platform version
&amp#27;[38;5;64m[ADB]&amp#27;[0m Running '/Users/vaida/Library/Android/sdk/platform-tools/adb -P 5037 -s emulator-5554 shell getprop ro.build.version.release'
&amp#27;[38;5;64m[ADB]&amp#27;[0m Current device property 'ro.build.version.release': 12
&amp#27;[38;5;64m[ADB]&amp#27;[0m Device API level: 31
&amp#27;[38;5;32m[AndroidUiautomator2Driver@c17c (f8b662ae)]&amp#27;[0m Relaxing hidden api policy
&amp#27;[38;5;64m[ADB]&amp#27;[0m Running '/Users/vaida/Library/Android/sdk/platform-tools/adb -P 5037 -s emulator-5554 shell 'settings put global hidden_api_policy_pre_p_apps 1;settings put global hidden_api_policy_p_apps 1;settings put global hidden_api_policy 1''
&amp#27;[38;5;80m[AndroidDriver]&amp#27;[0m Parsing package and activity from app manifest
&amp#27;[38;5;64m[ADB]&amp#27;[0m Package name: 'com.saucelabs.mydemoapp.rn'
&amp#27;[38;5;64m[ADB]&amp#27;[0m Main activity name: 'com.saucelabs.mydemoapp.rn.MainActivity'
&amp#27;[38;5;80m[AndroidDriver]&amp#27;[0m Parsed package and activity are: com.saucelabs.mydemoapp.rn/com.saucelabs.mydemoapp.rn.MainActivity
&amp#27;[38;5;64m[ADB]&amp#27;[0m Running '/Users/vaida/Library/Android/sdk/platform-tools/adb -P 5037 -s emulator-5554 wait-for-device'
&amp#27;[38;5;64m[ADB]&amp#27;[0m Running '/Users/vaida/Library/Android/sdk/platform-tools/adb -P 5037 -s emulator-5554 shell echo ping'
&amp#27;[38;5;112m[Instrumentation]&amp#27;[0m The process has exited with code 0
&amp#27;[38;5;80m[AndroidDriver]&amp#27;[0m Pushing settings apk to device...
&amp#27;[38;5;64m[ADB]&amp#27;[0m Getting install status for io.appium.settings
&amp#27;[38;5;64m[ADB]&amp#27;[0m Running '/Users/vaida/Library/Android/sdk/platform-tools/adb -P 5037 -s emulator-5554 shell dumpsys package io.appium.settings'
&amp#27;[38;5;64m[ADB]&amp#27;[0m 'io.appium.settings' is installed
&amp#27;[38;5;64m[ADB]&amp#27;[0m Getting package info for 'io.appium.settings'
&amp#27;[38;5;64m[ADB]&amp#27;[0m Running '/Users/vaida/Library/Android/sdk/platform-tools/adb -P 5037 -s emulator-5554 shell dumpsys package io.appium.settings'
&amp#27;[38;5;64m[ADB]&amp#27;[0m The version name of the installed 'io.appium.settings' is greater or equal to the application version name ('4.1.1' >= '4.1.1')
&amp#27;[38;5;64m[ADB]&amp#27;[0m There is no need to install/upgrade '/Users/vaida/.appium/node_modules/appium-uiautomator2-driver/node_modules/io.appium.settings/apks/settings_apk-debug.apk'
&amp#27;[38;5;64m[ADB]&amp#27;[0m Getting IDs of all 'io.appium.settings' processes
&amp#27;[38;5;64m[ADB]&amp#27;[0m Running '/Users/vaida/Library/Android/sdk/platform-tools/adb -P 5037 -s emulator-5554 shell 'pgrep --help; echo $?''
&amp#27;[38;5;64m[ADB]&amp#27;[0m Running '/Users/vaida/Library/Android/sdk/platform-tools/adb -P 5037 -s emulator-5554 shell pgrep -f \(\[\[:blank:\]\]\|\^\)io\.appium\.settings\(\[\[:blank:\]\]\|\$\)'
&amp#27;[38;5;80m[AndroidDriver]&amp#27;[0m io.appium.settings is already running. There is no need to reset its permissions.
&amp#27;[38;5;96m[Logcat]&amp#27;[0m Starting logs capture with command: /Users/vaida/Library/Android/sdk/platform-tools/adb -P 5037 -s emulator-5554 logcat -v threadtime
&amp#27;[38;5;32m[AndroidUiautomator2Driver@c17c (f8b662ae)]&amp#27;[0m Forwarding UiAutomator2 Server port 6790 to local port 8200
&amp#27;[38;5;64m[ADB]&amp#27;[0m Forwarding system: 8200 to device: 6790
&amp#27;[38;5;64m[ADB]&amp#27;[0m Running '/Users/vaida/Library/Android/sdk/platform-tools/adb -P 5037 -s emulator-5554 forward tcp:8200 tcp:6790'
&amp#27;[38;5;64m[ADB]&amp#27;[0m Getting install status for io.appium.uiautomator2.server
&amp#27;[38;5;64m[ADB]&amp#27;[0m Running '/Users/vaida/Library/Android/sdk/platform-tools/adb -P 5037 -s emulator-5554 shell dumpsys package io.appium.uiautomator2.server'
&amp#27;[38;5;64m[ADB]&amp#27;[0m 'io.appium.uiautomator2.server' is installed
&amp#27;[38;5;64m[ADB]&amp#27;[0m Getting package info for 'io.appium.uiautomator2.server'
&amp#27;[38;5;64m[ADB]&amp#27;[0m Running '/Users/vaida/Library/Android/sdk/platform-tools/adb -P 5037 -s emulator-5554 shell dumpsys package io.appium.uiautomator2.server'
&amp#27;[38;5;64m[ADB]&amp#27;[0m The version name of the installed 'io.appium.uiautomator2.server' is greater or equal to the application version name ('5.6.2' >= '5.6.2')
&amp#27;[38;5;32m[AndroidUiautomator2Driver@c17c (f8b662ae)]&amp#27;[0m io.appium.uiautomator2.server installation state: sameVersionInstalled
&amp#27;[38;5;64m[ADB]&amp#27;[0m Checking app cert for /Users/vaida/.appium/node_modules/appium-uiautomator2-driver/node_modules/appium-uiautomator2-server/apks/appium-uiautomator2-server-v5.6.2.apk
&amp#27;[38;5;64m[ADB]&amp#27;[0m Using the previously cached signature entry for 'appium-uiautomator2-server-v5.6.2.apk'
&amp#27;[38;5;64m[ADB]&amp#27;[0m sha256 hash did match for 'appium-uiautomator2-server-v5.6.2.apk'
&amp#27;[38;5;64m[ADB]&amp#27;[0m Getting install status for io.appium.uiautomator2.server.test
&amp#27;[38;5;64m[ADB]&amp#27;[0m Running '/Users/vaida/Library/Android/sdk/platform-tools/adb -P 5037 -s emulator-5554 shell dumpsys package io.appium.uiautomator2.server.test'
&amp#27;[38;5;64m[ADB]&amp#27;[0m 'io.appium.uiautomator2.server.test' is installed
&amp#27;[38;5;64m[ADB]&amp#27;[0m Checking app cert for /Users/vaida/.appium/node_modules/appium-uiautomator2-driver/node_modules/appium-uiautomator2-server/apks/appium-uiautomator2-server-debug-androidTest.apk
&amp#27;[38;5;64m[ADB]&amp#27;[0m Using the previously cached signature entry for 'appium-uiautomator2-server-debug-androidTest.apk'
&amp#27;[38;5;64m[ADB]&amp#27;[0m sha256 hash did match for 'appium-uiautomator2-server-debug-androidTest.apk'
&amp#27;[38;5;32m[AndroidUiautomator2Driver@c17c (f8b662ae)]&amp#27;[0m Server packages are not going to be (re)installed
&amp#27;[38;5;32m[AndroidUiautomator2Driver@c17c (f8b662ae)]&amp#27;[0m Waiting up to 30000ms for services to be available
&amp#27;[38;5;64m[ADB]&amp#27;[0m Running '/Users/vaida/Library/Android/sdk/platform-tools/adb -P 5037 -s emulator-5554 shell pm list instrumentation'
&amp#27;[38;5;32m[AndroidUiautomator2Driver@c17c (f8b662ae)]&amp#27;[0m Instrumentation target 'io.appium.uiautomator2.server.test/androidx.test.runner.AndroidJUnitRunner' is available
&amp#27;[38;5;64m[ADB]&amp#27;[0m Adding packages ["io.appium.settings","io.appium.uiautomator2.server","io.appium.uiautomator2.server.test"] to Doze whitelist
&amp#27;[38;5;64m[ADB]&amp#27;[0m Got the following command chunks to execute: [["dumpsys","deviceidle","whitelist","+io.appium.settings",";","dumpsys","deviceidle","whitelist","+io.appium.uiautomator2.server",";","dumpsys","deviceidle","whitelist","+io.appium.uiautomator2.server.test",";"]]
&amp#27;[38;5;64m[ADB]&amp#27;[0m Running '/Users/vaida/Library/Android/sdk/platform-tools/adb -P 5037 -s emulator-5554 shell dumpsys deviceidle whitelist +io.appium.settings ; dumpsys deviceidle whitelist +io.appium.uiautomator2.server ; dumpsys deviceidle whitelist +io.appium.uiautomator2.server.test ;'
&amp#27;[38;5;64m[ADB]&amp#27;[0m Checking app cert for /Users/vaida/edON/appium/Android-MyDemoAppRN.1.3.0.build-244.apk
&amp#27;[38;5;64m[ADB]&amp#27;[0m Using the previously cached signature entry for 'Android-MyDemoAppRN.1.3.0.build-244.apk'
&amp#27;[38;5;64m[ADB]&amp#27;[0m Getting install status for com.saucelabs.mydemoapp.rn
&amp#27;[38;5;64m[ADB]&amp#27;[0m Running '/Users/vaida/Library/Android/sdk/platform-tools/adb -P 5037 -s emulator-5554 shell dumpsys package com.saucelabs.mydemoapp.rn'
&amp#27;[38;5;64m[ADB]&amp#27;[0m 'com.saucelabs.mydemoapp.rn' is installed
&amp#27;[38;5;64m[ADB]&amp#27;[0m Getting package info for 'com.saucelabs.mydemoapp.rn'
&amp#27;[38;5;64m[ADB]&amp#27;[0m Running '/Users/vaida/Library/Android/sdk/platform-tools/adb -P 5037 -s emulator-5554 shell dumpsys package com.saucelabs.mydemoapp.rn'
&amp#27;[35m[Appium]&amp#27;[39m Welcome to Appium v2.2.3 (REV 32ff40f688a49e02428eb3f20232aac69ffeeea0)
&amp#27;[35m[Appium]&amp#27;[39m Non-default server args:
&amp#27;[35m[Appium]&amp#27;[39m { address: &amp#27;[32m'127.0.0.1'&amp#27;[39m, port: &amp#27;[33m4728&amp#27;[39m }
&amp#27;[35m[Appium]&amp#27;[39m Attempting to load driver uiautomator2...
&amp#27;[35m[Appium]&amp#27;[39m Requiring driver at /Users/vaida/.appium/node_modules/appium-uiautomator2-driver
&amp#27;[38;5;64m[ADB]&amp#27;[0m The version name of the installed 'com.saucelabs.mydemoapp.rn' is greater or equal to the application version name ('1.3.0' >= '1.3.0')
&amp#27;[38;5;64m[ADB]&amp#27;[0m There is no need to install/upgrade '/Users/vaida/edON/appium/Android-MyDemoAppRN.1.3.0.build-244.apk'
&amp#27;[38;5;80m[AndroidDriver]&amp#27;[0m Performing fast reset on 'com.saucelabs.mydemoapp.rn'
&amp#27;[38;5;64m[ADB]&amp#27;[0m Getting install status for com.saucelabs.mydemoapp.rn
&amp#27;[38;5;64m[ADB]&amp#27;[0m Running '/Users/vaida/Library/Android/sdk/platform-tools/adb -P 5037 -s emulator-5554 shell dumpsys package com.saucelabs.mydemoapp.rn'
&amp#27;[38;5;64m[ADB]&amp#27;[0m 'com.saucelabs.mydemoapp.rn' is installed
&amp#27;[38;5;64m[ADB]&amp#27;[0m Running '/Users/vaida/Library/Android/sdk/platform-tools/adb -P 5037 -s emulator-5554 shell am force-stop com.saucelabs.mydemoapp.rn'
&amp#27;[38;5;64m[ADB]&amp#27;[0m Running '/Users/vaida/Library/Android/sdk/platform-tools/adb -P 5037 -s emulator-5554 shell pm clear com.saucelabs.mydemoapp.rn'
&amp#27;[38;5;80m[AndroidDriver]&amp#27;[0m Performed fast reset on the installed 'com.saucelabs.mydemoapp.rn' application (stop and clear)
&amp#27;[38;5;32m[AndroidUiautomator2Driver@c17c (f8b662ae)]&amp#27;[0m Performing shallow cleanup of automation leftovers
&amp#27;[38;5;32m[AndroidUiautomator2Driver@c17c (f8b662ae)]&amp#27;[0m No obsolete sessions have been detected (socket hang up)
&amp#27;[38;5;64m[ADB]&amp#27;[0m Running '/Users/vaida/Library/Android/sdk/platform-tools/adb -P 5037 -s emulator-5554 shell am force-stop io.appium.uiautomator2.server.test'
&amp#27;[38;5;32m[AndroidUiautomator2Driver@c17c (f8b662ae)]&amp#27;[0m Starting UIAutomator2 server 5.6.2
&amp#27;[38;5;32m[AndroidUiautomator2Driver@c17c (f8b662ae)]&amp#27;[0m Using UIAutomator2 server from '/Users/vaida/.appium/node_modules/appium-uiautomator2-driver/node_modules/appium-uiautomator2-server/apks/appium-uiautomator2-server-v5.6.2.apk' and test from '/Users/vaida/.appium/node_modules/appium-uiautomator2-driver/node_modules/appium-uiautomator2-server/apks/appium-uiautomator2-server-debug-androidTest.apk'
&amp#27;[38;5;32m[AndroidUiautomator2Driver@c17c (f8b662ae)]&amp#27;[0m Waiting up to 30000ms for UiAutomator2 to be online...
&amp#27;[38;5;64m[ADB]&amp#27;[0m Creating ADB subprocess with args: ["-P",5037,"-s","emulator-5554","shell","am","instrument","-w","-e","disableAnalytics",true,"io.appium.uiautomator2.server.test/androidx.test.runner.AndroidJUnitRunner"]
&amp#27;[38;5;32m[AndroidUiautomator2Driver@c17c (f8b662ae)]&amp#27;[0m Matched '/status' to command name 'getStatus'
&amp#27;[38;5;32m[AndroidUiautomator2Driver@c17c (f8b662ae)]&amp#27;[0m Proxying [GET /status] to [GET http://127.0.0.1:8200/status] with no body
&amp#27;[38;5;32m[AndroidUiautomator2Driver@c17c (f8b662ae)]&amp#27;[0m socket hang up
&amp#27;[38;5;0m[HTTP]&amp#27;[0m Could not start REST http interface listener. The requested port may already be in use. Please make sure there is no other instance of this server running already.
&amp#27;[35m[Appium]&amp#27;[39m Could not configure Appium server. It's possible that a driver or plugin tried to update the server and failed. Original error: listen EADDRINUSE: address already in use 127.0.0.1:4728
&amp#27;[35m[Appium]&amp#27;[39m Error: listen EADDRINUSE: address already in use 127.0.0.1:4728
&amp#27;[35m[Appium]&amp#27;[39m     at Server.setupListenHandle [as _listen2] (node:net:1829:16)
&amp#27;[35m[Appium]&amp#27;[39m     at listenInCluster (node:net:1877:12)
&amp#27;[35m[Appium]&amp#27;[39m     at doListen (node:net:2026:7)
&amp#27;[35m[Appium]&amp#27;[39m     at processTicksAndRejections (node:internal/process/task_queues:83:21)
&amp#27;[38;5;112m[Instrumentation]&amp#27;[0m io.appium.uiautomator2.server.test.AppiumUiAutomator2Server:
&amp#27;[38;5;32m[AndroidUiautomator2Driver@c17c (f8b662ae)]&amp#27;[0m Matched '/status' to command name 'getStatus'
&amp#27;[38;5;32m[AndroidUiautomator2Driver@c17c (f8b662ae)]&amp#27;[0m Proxying [GET /status] to [GET http://127.0.0.1:8200/status] with no body
&amp#27;[38;5;32m[AndroidUiautomator2Driver@c17c (f8b662ae)]&amp#27;[0m socket hang up
&amp#27;[38;5;32m[AndroidUiautomator2Driver@c17c (f8b662ae)]&amp#27;[0m Matched '/status' to command name 'getStatus'
&amp#27;[38;5;32m[AndroidUiautomator2Driver@c17c (f8b662ae)]&amp#27;[0m Proxying [GET /status] to [GET http://127.0.0.1:8200/status] with no body
&amp#27;[38;5;32m[AndroidUiautomator2Driver@c17c (f8b662ae)]&amp#27;[0m Got response with status 200: {"sessionId":"None","value":{"message":"UiAutomator2 Server is ready to accept commands","ready":true}}
&amp#27;[38;5;32m[AndroidUiautomator2Driver@c17c (f8b662ae)]&amp#27;[0m The initialization of the instrumentation process took 2036ms
&amp#27;[38;5;32m[AndroidUiautomator2Driver@c17c (f8b662ae)]&amp#27;[0m Matched '/session' to command name 'createSession'
&amp#27;[38;5;32m[AndroidUiautomator2Driver@c17c (f8b662ae)]&amp#27;[0m Proxying [POST /session] to [POST http://127.0.0.1:8200/session] with body: {"capabilities":{"firstMatch":[{"platform":"LINUX","webStorageEnabled":false,"takesScreenshot":true,"javascriptEnabled":true,"databaseEnabled":false,"networkConnectionEnabled":true,"locationContextEnabled":false,"warnings":{},"desired":{"platformName":"ANDROID","app":"/Users/vaida/edON/appium/Android-MyDemoAppRN.1.3.0.build-244.apk","automationName":"UiAutomator2","avdLaunchTimeout":5000,"avdReadyTimeout":5000,"eventTimings":true,"platformVersion":"12.0","udid":"emulator-5554"},"platformName":"ANDROID","app":"/Users/vaida/edON/appium/Android-MyDemoAppRN.1.3.0.build-244.apk","automationName":"UiAutomator2","avdLaunchTimeout":5000,"avdReadyTimeout":5000,"eventTimings":true,"platformVersion":"12.0","udid":"emulator-5554","deviceName":"emulator-5554","deviceUDID":"emulator-5554","appPackage":"com.saucelabs.mydemoapp.rn"}],"alwaysMatch":{}}}
&amp#27;[38;5;32m[AndroidUiautomator2Driver@c17c (f8b662ae)]&amp#27;[0m Got response with status 200: {"sessionId":"8fc22115-6db8-4b38-9cd7-df76985b742e","value":{"capabilities":{"firstMatch":[{"platform":"LINUX","webStorageEnabled":false,"takesScreenshot":true,"javascriptEnabled":true,"databaseEnabled":false,"networkConnectionEnabled":true,"locationContextEnabled":false,"warnings":{},"desired":{"platformName":"ANDROID","app":"/Users/vaida/edON/appium/Android-MyDemoAppRN.1.3.0.build-244.apk","automationName":"UiAutomator2","avdLaunchTimeout":5000,"avdReadyTimeout":5000,"eventTimings":true,"platformVersion":"12.0","udid":"emulator-5554"},"platformName":"ANDROID","app":"/Users/vaida/edON/appium/Android-MyDemoAppRN.1.3.0.build-244.apk","automationName":"UiAutomator2","avdLaunchTimeout":5000,"avdReadyTimeout":5000,"eventTimings":true,"platformVersion":"12.0","udid":"emulator-5554","deviceName":"emulator-5554","deviceUDID":"emulator-5554","appPackage":"com.saucelabs.mydemoapp.rn"}],"alwaysMatch":{}},"sessionId":"8fc22115-6db8-4b38-9cd7-df76985b742e"}}
&amp#27;[38;5;32m[AndroidUiautomator2Driver@c17c (f8b662ae)]&amp#27;[0m Determined the downstream protocol as 'W3C'
&amp#27;[38;5;32m[AndroidUiautomator2Driver@c17c (f8b662ae)]&amp#27;[0m Proxying [GET /appium/device/info] to [GET http://127.0.0.1:8200/session/8fc22115-6db8-4b38-9cd7-df76985b742e/appium/device/info] with no body
&amp#27;[38;5;32m[AndroidUiautomator2Driver@c17c (f8b662ae)]&amp#27;[0m Got response with status 200: {"sessionId":"8fc22115-6db8-4b38-9cd7-df76985b742e","value":{"androidId":"f451b2ee40c2295a","apiVersion":"31","bluetooth":{"state":"ON"},"brand":"google","carrierName":"T-Mobile","displayDensity":440,"locale":"en_US","manufacturer":"Google","model":"sdk_gphone64_arm64","networks":[{"capabilities":{"SSID":null,"linkDownBandwidthKbps":4300,"linkUpstreamBandwidthKbps":1800,"networkCapabilities":"NET_CAPABILITY_MMS,NET_CAPABILITY_SUPL,NET_CAPABILITY_DUN,NET_CAPABILITY_FOTA,NET_CAPABILITY_IMS,NET_CAPABILITY_CBS,NET_CAPABILITY_INTERNET,NET_CAPABILITY_NOT_RESTRICTED,NET_CAPABILITY_TRUSTED,NET_CAPABILITY_NOT_VPN,NET_CAPABILITY_VALIDATED,NET_CAPABILITY_NOT_ROAMING,NET_CAPABILITY_FOREGROUND,NET_CAPABILITY_NOT_CONGESTED,NET_CAPABILITY_NOT_SUSPENDED","signalStrength":-2147483648,"transportTypes":"TRANSPORT_CELLULAR"},"detailedState":"CONNECTED","extraInfo":"epc.tmobile.com","isAvailable":true,"isConnected":true,"isFailover":false,"isRoaming":false,"state":"CONNECTED","subtype":10,"subtypeName":"HSPA","type":0,"typeNam...
&amp#27;[38;5;64m[ADB]&amp#27;[0m Running '/Users/vaida/Library/Android/sdk/platform-tools/adb -P 5037 -s emulator-5554 shell dumpsys window'
&amp#27;[38;5;80m[AndroidDriver]&amp#27;[0m Screen already unlocked, doing nothing
&amp#27;[38;5;32m[AndroidUiautomator2Driver@c17c (f8b662ae)]&amp#27;[0m Starting 'com.saucelabs.mydemoapp.rn/com.saucelabs.mydemoapp.rn.MainActivity and waiting for 'com.saucelabs.mydemoapp.rn/com.saucelabs.mydemoapp.rn.MainActivity'
&amp#27;[38;5;64m[ADB]&amp#27;[0m Running '/Users/vaida/Library/Android/sdk/platform-tools/adb -P 5037 -s emulator-5554 shell am start -W -n com.saucelabs.mydemoapp.rn/com.saucelabs.mydemoapp.rn.MainActivity -S -a android.intent.action.MAIN -c android.intent.category.LAUNCHER -f 0x10200000'
&amp#27;[38;5;64m[ADB]&amp#27;[0m Waiting up to 20000ms for activity matching pkg: 'com.saucelabs.mydemoapp.rn' and activity: 'com.saucelabs.mydemoapp.rn.MainActivity' to be focused
&amp#27;[38;5;64m[ADB]&amp#27;[0m Possible activities, to be checked: 'com.saucelabs.mydemoapp.rn.MainActivity', 'com.saucelabs.mydemoapp.rn.com.saucelabs.mydemoapp.rn.MainActivity'
&amp#27;[38;5;64m[ADB]&amp#27;[0m Getting focused package and activity
&amp#27;[38;5;64m[ADB]&amp#27;[0m Running '/Users/vaida/Library/Android/sdk/platform-tools/adb -P 5037 -s emulator-5554 shell dumpsys window displays'
&amp#27;[38;5;64m[ADB]&amp#27;[0m Found package: 'com.saucelabs.mydemoapp.rn' and fully qualified activity name : 'com.saucelabs.mydemoapp.rn.MainActivity'
&amp#27;[38;5;32m[AndroidUiautomator2Driver@c17c (f8b662ae)]&amp#27;[0m Proxying [GET /appium/device/pixel_ratio] to [GET http://127.0.0.1:8200/session/8fc22115-6db8-4b38-9cd7-df76985b742e/appium/device/pixel_ratio] with no body
&amp#27;[38;5;32m[AndroidUiautomator2Driver@c17c (f8b662ae)]&amp#27;[0m Got response with status 200: {"sessionId":"8fc22115-6db8-4b38-9cd7-df76985b742e","value":2.75}
&amp#27;[38;5;32m[AndroidUiautomator2Driver@c17c (f8b662ae)]&amp#27;[0m Matched '/appium/device/system_bars' to command name 'getSystemBars'
&amp#27;[38;5;32m[AndroidUiautomator2Driver@c17c (f8b662ae)]&amp#27;[0m Proxying [GET /appium/device/system_bars] to [GET http://127.0.0.1:8200/session/8fc22115-6db8-4b38-9cd7-df76985b742e/appium/device/system_bars] with no body
&amp#27;[38;5;32m[AndroidUiautomator2Driver@c17c (f8b662ae)]&amp#27;[0m Got response with status 200: {"sessionId":"8fc22115-6db8-4b38-9cd7-df76985b742e","value":{"statusBar":66}}
&amp#27;[38;5;32m[AndroidUiautomator2Driver@c17c (f8b662ae)]&amp#27;[0m Matched '/window/current/size' to command name 'getWindowSize'
&amp#27;[38;5;32m[AndroidUiautomator2Driver@c17c (f8b662ae)]&amp#27;[0m Proxying [GET /window/current/size] to [GET http://127.0.0.1:8200/session/8fc22115-6db8-4b38-9cd7-df76985b742e/window/current/size] with no body
&amp#27;[38;5;32m[AndroidUiautomator2Driver@c17c (f8b662ae)]&amp#27;[0m Got response with status 200: {"sessionId":"8fc22115-6db8-4b38-9cd7-df76985b742e","value":{"height":2208,"width":1080}}
&amp#27;[38;5;16m[AppiumDriver@fa87]&amp#27;[0m New AndroidUiautomator2Driver session created successfully, session f8b662ae-f658-4731-a58b-8ef713888027 added to master session list
&amp#27;[38;5;16m[AppiumDriver@fa87]&amp#27;[0m Event 'newSessionStarted' logged at 1702385529758 (14:52:09 GMT+0200 (Eastern European Standard Time))
&amp#27;[38;5;32m[AndroidUiautomator2Driver@c17c (f8b662ae)]&amp#27;[0m Cached the protocol value 'W3C' for the new session f8b662ae-f658-4731-a58b-8ef713888027
&amp#27;[38;5;32m[AndroidUiautomator2Driver@c17c (f8b662ae)]&amp#27;[0m Responding to client with driver.createSession() result: {"capabilities":{"platform":"LINUX","webStorageEnabled":false,"takesScreenshot":true,"javascriptEnabled":true,"databaseEnabled":false,"networkConnectionEnabled":true,"locationContextEnabled":false,"warnings":{},"desired":{"platformName":"ANDROID","app":"/Users/vaida/edON/appium/Android-MyDemoAppRN.1.3.0.build-244.apk","automationName":"UiAutomator2","avdLaunchTimeout":5000,"avdReadyTimeout":5000,"eventTimings":true,"platformVersion":"12.0","udid":"emulator-5554"},"platformName":"ANDROID","app":"/Users/vaida/edON/appium/Android-MyDemoAppRN.1.3.0.build-244.apk","automationName":"UiAutomator2","avdLaunchTimeout":5000,"avdReadyTimeout":5000,"eventTimings":true,"platformVersion":"12","udid":"emulator-5554","deviceName":"emulator-5554","deviceUDID":"emulator-5554","appPackage":"com.saucelabs.mydemoapp.rn","deviceApiLevel":31,"deviceScreenSize":"1080x2340","deviceScreenDensity":440,"deviceModel":"sdk_gphone64_arm64","deviceManufacturer":"Google","pixelRatio":2.75,"statBarHeight":66,"viewportRect":{"left":0,"top":...
&amp#27;[38;5;0m[HTTP]&amp#27;[0m &amp#27;[37m<-- POST /session &amp#27;[39m&amp#27;[32m200&amp#27;[39m &amp#27;[90m5845 ms - 1114&amp#27;[39m
&amp#27;[38;5;0m[HTTP]&amp#27;[0m &amp#27;[90m&amp#27;[39m
&amp#27;[38;5;0m[HTTP]&amp#27;[0m &amp#27;[37m-->&amp#27;[39m &amp#27;[37mPOST&amp#27;[39m &amp#27;[37m/session/f8b662ae-f658-4731-a58b-8ef713888027/timeouts&amp#27;[39m
&amp#27;[38;5;0m[HTTP]&amp#27;[0m &amp#27;[90m{"implicit":10000}&amp#27;[39m
&amp#27;[38;5;32m[AndroidUiautomator2Driver@c17c (f8b662ae)]&amp#27;[0m Calling AppiumDriver.timeouts() with args: [null,null,null,null,10000,"f8b662ae-f658-4731-a58b-8ef713888027"]
&amp#27;[38;5;32m[AndroidUiautomator2Driver@c17c (f8b662ae)]&amp#27;[0m W3C timeout argument: {"implicit":10000}}
&amp#27;[38;5;32m[AndroidUiautomator2Driver@c17c (f8b662ae)]&amp#27;[0m Set implicit wait to 10000ms
&amp#27;[38;5;32m[AndroidUiautomator2Driver@c17c (f8b662ae)]&amp#27;[0m Responding to client with driver.timeouts() result: null
&amp#27;[38;5;0m[HTTP]&amp#27;[0m &amp#27;[37m<-- POST /session/f8b662ae-f658-4731-a58b-8ef713888027/timeouts &amp#27;[39m&amp#27;[32m200&amp#27;[39m &amp#27;[90m2 ms - 14&amp#27;[39m
&amp#27;[38;5;0m[HTTP]&amp#27;[0m &amp#27;[90m&amp#27;[39m
&amp#27;[38;5;0m[HTTP]&amp#27;[0m &amp#27;[37m-->&amp#27;[39m &amp#27;[37mPOST&amp#27;[39m &amp#27;[37m/session/f8b662ae-f658-4731-a58b-8ef713888027/element&amp#27;[39m
&amp#27;[38;5;0m[HTTP]&amp#27;[0m &amp#27;[90m{"using":"-android uiautomator","value":"new UiSelector().text(\"Products\")"}&amp#27;[39m
&amp#27;[38;5;32m[AndroidUiautomator2Driver@c17c (f8b662ae)]&amp#27;[0m Calling AppiumDriver.findElement() with args: ["-android uiautomator","new UiSelector().text(\"Products\")","f8b662ae-f658-4731-a58b-8ef713888027"]
&amp#27;[38;5;32m[AndroidUiautomator2Driver@c17c (f8b662ae)]&amp#27;[0m Valid locator strategies for this request: xpath, id, class name, accessibility id, css selector, -android uiautomator
&amp#27;[38;5;32m[AndroidUiautomator2Driver@c17c (f8b662ae)]&amp#27;[0m Waiting up to 10000 ms for condition
&amp#27;[38;5;32m[AndroidUiautomator2Driver@c17c (f8b662ae)]&amp#27;[0m Matched '/element' to command name 'findElement'
&amp#27;[38;5;32m[AndroidUiautomator2Driver@c17c (f8b662ae)]&amp#27;[0m Proxying [POST /element] to [POST http://127.0.0.1:8200/session/8fc22115-6db8-4b38-9cd7-df76985b742e/element] with body: {"strategy":"-android uiautomator","selector":"new UiSelector().text(\"Products\")","context":"","multiple":false}
&amp#27;[38;5;32m[AndroidUiautomator2Driver@c17c (f8b662ae)]&amp#27;[0m Got response with status 200: {"sessionId":"8fc22115-6db8-4b38-9cd7-df76985b742e","value":{"ELEMENT":"00000000-0000-022d-ffff-ffff00000030","element-6066-11e4-a52e-4f735466cecf":"00000000-0000-022d-ffff-ffff00000030"}}
&amp#27;[38;5;32m[AndroidUiautomator2Driver@c17c (f8b662ae)]&amp#27;[0m Responding to client with driver.findElement() result: {"element-6066-11e4-a52e-4f735466cecf":"00000000-0000-022d-ffff-ffff00000030","ELEMENT":"00000000-0000-022d-ffff-ffff00000030"}
&amp#27;[38;5;0m[HTTP]&amp#27;[0m &amp#27;[37m<-- POST /session/f8b662ae-f658-4731-a58b-8ef713888027/element &amp#27;[39m&amp#27;[32m200&amp#27;[39m &amp#27;[90m495 ms - 137&amp#27;[39m
&amp#27;[38;5;0m[HTTP]&amp#27;[0m &amp#27;[90m&amp#27;[39m
&amp#27;[38;5;0m[HTTP]&amp#27;[0m &amp#27;[37m-->&amp#27;[39m &amp#27;[37mGET&amp#27;[39m &amp#27;[37m/session/f8b662ae-f658-4731-a58b-8ef713888027/element/00000000-0000-022d-ffff-ffff00000030/displayed&amp#27;[39m
&amp#27;[38;5;0m[HTTP]&amp#27;[0m &amp#27;[90m{}&amp#27;[39m
&amp#27;[38;5;32m[AndroidUiautomator2Driver@c17c (f8b662ae)]&amp#27;[0m Calling AppiumDriver.elementDisplayed() with args: ["00000000-0000-022d-ffff-ffff00000030","f8b662ae-f658-4731-a58b-8ef713888027"]
&amp#27;[38;5;32m[AndroidUiautomator2Driver@c17c (f8b662ae)]&amp#27;[0m Matched '/element/00000000-0000-022d-ffff-ffff00000030/attribute/displayed' to command name 'getAttribute'
&amp#27;[38;5;32m[AndroidUiautomator2Driver@c17c (f8b662ae)]&amp#27;[0m Proxying [GET /element/00000000-0000-022d-ffff-ffff00000030/attribute/displayed] to [GET http://127.0.0.1:8200/session/8fc22115-6db8-4b38-9cd7-df76985b742e/element/00000000-0000-022d-ffff-ffff00000030/attribute/displayed] with no body
&amp#27;[38;5;32m[AndroidUiautomator2Driver@c17c (f8b662ae)]&amp#27;[0m Got response with status 200: {"sessionId":"8fc22115-6db8-4b38-9cd7-df76985b742e","value":"true"}
&amp#27;[38;5;32m[AndroidUiautomator2Driver@c17c (f8b662ae)]&amp#27;[0m Responding to client with driver.elementDisplayed() result: true
&amp#27;[38;5;0m[HTTP]&amp#27;[0m &amp#27;[37m<-- GET /session/f8b662ae-f658-4731-a58b-8ef713888027/element/00000000-0000-022d-ffff-ffff00000030/displayed &amp#27;[39m&amp#27;[32m200&amp#27;[39m &amp#27;[90m14 ms - 14&amp#27;[39m
&amp#27;[38;5;0m[HTTP]&amp#27;[0m &amp#27;[90m&amp#27;[39m
&amp#27;[38;5;0m[HTTP]&amp#27;[0m &amp#27;[37m-->&amp#27;[39m &amp#27;[37mPOST&amp#27;[39m &amp#27;[37m/session/f8b662ae-f658-4731-a58b-8ef713888027/element&amp#27;[39m
&amp#27;[38;5;0m[HTTP]&amp#27;[0m &amp#27;[90m{"using":"accessibility id","value":"sort button"}&amp#27;[39m
&amp#27;[38;5;32m[AndroidUiautomator2Driver@c17c (f8b662ae)]&amp#27;[0m Calling AppiumDriver.findElement() with args: ["accessibility id","sort button","f8b662ae-f658-4731-a58b-8ef713888027"]
&amp#27;[38;5;32m[AndroidUiautomator2Driver@c17c (f8b662ae)]&amp#27;[0m Valid locator strategies for this request: xpath, id, class name, accessibility id, css selector, -android uiautomator
&amp#27;[38;5;32m[AndroidUiautomator2Driver@c17c (f8b662ae)]&amp#27;[0m Waiting up to 10000 ms for condition
&amp#27;[38;5;32m[AndroidUiautomator2Driver@c17c (f8b662ae)]&amp#27;[0m Matched '/element' to command name 'findElement'
&amp#27;[38;5;32m[AndroidUiautomator2Driver@c17c (f8b662ae)]&amp#27;[0m Proxying [POST /element] to [POST http://127.0.0.1:8200/session/8fc22115-6db8-4b38-9cd7-df76985b742e/element] with body: {"strategy":"accessibility id","selector":"sort button","context":"","multiple":false}
&amp#27;[38;5;32m[AndroidUiautomator2Driver@c17c (f8b662ae)]&amp#27;[0m Got response with status 200: {"sessionId":"8fc22115-6db8-4b38-9cd7-df76985b742e","value":{"ELEMENT":"00000000-0000-022d-ffff-ffff00000026","element-6066-11e4-a52e-4f735466cecf":"00000000-0000-022d-ffff-ffff00000026"}}
&amp#27;[38;5;32m[AndroidUiautomator2Driver@c17c (f8b662ae)]&amp#27;[0m Responding to client with driver.findElement() result: {"element-6066-11e4-a52e-4f735466cecf":"00000000-0000-022d-ffff-ffff00000026","ELEMENT":"00000000-0000-022d-ffff-ffff00000026"}
&amp#27;[38;5;0m[HTTP]&amp#27;[0m &amp#27;[37m<-- POST /session/f8b662ae-f658-4731-a58b-8ef713888027/element &amp#27;[39m&amp#27;[32m200&amp#27;[39m &amp#27;[90m19 ms - 137&amp#27;[39m
&amp#27;[38;5;0m[HTTP]&amp#27;[0m &amp#27;[90m&amp#27;[39m
&amp#27;[38;5;0m[HTTP]&amp#27;[0m &amp#27;[37m-->&amp#27;[39m &amp#27;[37mGET&amp#27;[39m &amp#27;[37m/session/f8b662ae-f658-4731-a58b-8ef713888027/element/00000000-0000-022d-ffff-ffff00000026/displayed&amp#27;[39m
&amp#27;[38;5;0m[HTTP]&amp#27;[0m &amp#27;[90m{}&amp#27;[39m
&amp#27;[38;5;32m[AndroidUiautomator2Driver@c17c (f8b662ae)]&amp#27;[0m Calling AppiumDriver.elementDisplayed() with args: ["00000000-0000-022d-ffff-ffff00000026","f8b662ae-f658-4731-a58b-8ef713888027"]
&amp#27;[38;5;32m[AndroidUiautomator2Driver@c17c (f8b662ae)]&amp#27;[0m Matched '/element/00000000-0000-022d-ffff-ffff00000026/attribute/displayed' to command name 'getAttribute'
&amp#27;[38;5;32m[AndroidUiautomator2Driver@c17c (f8b662ae)]&amp#27;[0m Proxying [GET /element/00000000-0000-022d-ffff-ffff00000026/attribute/displayed] to [GET http://127.0.0.1:8200/session/8fc22115-6db8-4b38-9cd7-df76985b742e/element/00000000-0000-022d-ffff-ffff00000026/attribute/displayed] with no body
&amp#27;[38;5;32m[AndroidUiautomator2Driver@c17c (f8b662ae)]&amp#27;[0m Got response with status 200: {"sessionId":"8fc22115-6db8-4b38-9cd7-df76985b742e","value":"true"}
&amp#27;[38;5;32m[AndroidUiautomator2Driver@c17c (f8b662ae)]&amp#27;[0m Responding to client with driver.elementDisplayed() result: true
&amp#27;[38;5;0m[HTTP]&amp#27;[0m &amp#27;[37m<-- GET /session/f8b662ae-f658-4731-a58b-8ef713888027/element/00000000-0000-022d-ffff-ffff00000026/displayed &amp#27;[39m&amp#27;[32m200&amp#27;[39m &amp#27;[90m7 ms - 14&amp#27;[39m
&amp#27;[38;5;0m[HTTP]&amp#27;[0m &amp#27;[90m&amp#27;[39m
&amp#27;[38;5;0m[HTTP]&amp#27;[0m &amp#27;[37m-->&amp#27;[39m &amp#27;[37mPOST&amp#27;[39m &amp#27;[37m/session/f8b662ae-f658-4731-a58b-8ef713888027/element&amp#27;[39m
&amp#27;[38;5;0m[HTTP]&amp#27;[0m &amp#27;[90m{"using":"accessibility id","value":"sort button"}&amp#27;[39m
&amp#27;[38;5;32m[AndroidUiautomator2Driver@c17c (f8b662ae)]&amp#27;[0m Calling AppiumDriver.findElement() with args: ["accessibility id","sort button","f8b662ae-f658-4731-a58b-8ef713888027"]
&amp#27;[38;5;32m[AndroidUiautomator2Driver@c17c (f8b662ae)]&amp#27;[0m Valid locator strategies for this request: xpath, id, class name, accessibility id, css selector, -android uiautomator
&amp#27;[38;5;32m[AndroidUiautomator2Driver@c17c (f8b662ae)]&amp#27;[0m Waiting up to 10000 ms for condition
&amp#27;[38;5;32m[AndroidUiautomator2Driver@c17c (f8b662ae)]&amp#27;[0m Matched '/element' to command name 'findElement'
&amp#27;[38;5;32m[AndroidUiautomator2Driver@c17c (f8b662ae)]&amp#27;[0m Proxying [POST /element] to [POST http://127.0.0.1:8200/session/8fc22115-6db8-4b38-9cd7-df76985b742e/element] with body: {"strategy":"accessibility id","selector":"sort button","context":"","multiple":false}
&amp#27;[38;5;32m[AndroidUiautomator2Driver@c17c (f8b662ae)]&amp#27;[0m Got response with status 200: {"sessionId":"8fc22115-6db8-4b38-9cd7-df76985b742e","value":{"ELEMENT":"00000000-0000-022d-ffff-ffff00000026","element-6066-11e4-a52e-4f735466cecf":"00000000-0000-022d-ffff-ffff00000026"}}
&amp#27;[38;5;32m[AndroidUiautomator2Driver@c17c (f8b662ae)]&amp#27;[0m Responding to client with driver.findElement() result: {"element-6066-11e4-a52e-4f735466cecf":"00000000-0000-022d-ffff-ffff00000026","ELEMENT":"00000000-0000-022d-ffff-ffff00000026"}
&amp#27;[38;5;0m[HTTP]&amp#27;[0m &amp#27;[37m<-- POST /session/f8b662ae-f658-4731-a58b-8ef713888027/element &amp#27;[39m&amp#27;[32m200&amp#27;[39m &amp#27;[90m11 ms - 137&amp#27;[39m
&amp#27;[38;5;0m[HTTP]&amp#27;[0m &amp#27;[90m&amp#27;[39m
&amp#27;[38;5;0m[HTTP]&amp#27;[0m &amp#27;[37m-->&amp#27;[39m &amp#27;[37mPOST&amp#27;[39m &amp#27;[37m/session/f8b662ae-f658-4731-a58b-8ef713888027/element/00000000-0000-022d-ffff-ffff00000026/click&amp#27;[39m
&amp#27;[38;5;0m[HTTP]&amp#27;[0m &amp#27;[90m{"id":"00000000-0000-022d-ffff-ffff00000026"}&amp#27;[39m
&amp#27;[38;5;32m[AndroidUiautomator2Driver@c17c (f8b662ae)]&amp#27;[0m Calling AppiumDriver.click() with args: ["00000000-0000-022d-ffff-ffff00000026","f8b662ae-f658-4731-a58b-8ef713888027"]
&amp#27;[38;5;32m[AndroidUiautomator2Driver@c17c (f8b662ae)]&amp#27;[0m Matched '/element/00000000-0000-022d-ffff-ffff00000026/click' to command name 'click'
&amp#27;[38;5;32m[AndroidUiautomator2Driver@c17c (f8b662ae)]&amp#27;[0m Proxying [POST /element/00000000-0000-022d-ffff-ffff00000026/click] to [POST http://127.0.0.1:8200/session/8fc22115-6db8-4b38-9cd7-df76985b742e/element/00000000-0000-022d-ffff-ffff00000026/click] with body: {"element":"00000000-0000-022d-ffff-ffff00000026"}
&amp#27;[38;5;32m[AndroidUiautomator2Driver@c17c (f8b662ae)]&amp#27;[0m Got response with status 200: {"sessionId":"8fc22115-6db8-4b38-9cd7-df76985b742e","value":null}
&amp#27;[38;5;32m[AndroidUiautomator2Driver@c17c (f8b662ae)]&amp#27;[0m Responding to client with driver.click() result: null
&amp#27;[38;5;0m[HTTP]&amp#27;[0m &amp#27;[37m<-- POST /session/f8b662ae-f658-4731-a58b-8ef713888027/element/00000000-0000-022d-ffff-ffff00000026/click &amp#27;[39m&amp#27;[32m200&amp#27;[39m &amp#27;[90m41 ms - 14&amp#27;[39m
&amp#27;[38;5;0m[HTTP]&amp#27;[0m &amp#27;[90m&amp#27;[39m
&amp#27;[38;5;0m[HTTP]&amp#27;[0m &amp#27;[37m-->&amp#27;[39m &amp#27;[37mPOST&amp#27;[39m &amp#27;[37m/session/f8b662ae-f658-4731-a58b-8ef713888027/element&amp#27;[39m
&amp#27;[38;5;0m[HTTP]&amp#27;[0m &amp#27;[90m{"using":"accessibility id","value":"priceAsc"}&amp#27;[39m
&amp#27;[38;5;32m[AndroidUiautomator2Driver@c17c (f8b662ae)]&amp#27;[0m Calling AppiumDriver.findElement() with args: ["accessibility id","priceAsc","f8b662ae-f658-4731-a58b-8ef713888027"]
&amp#27;[38;5;32m[AndroidUiautomator2Driver@c17c (f8b662ae)]&amp#27;[0m Valid locator strategies for this request: xpath, id, class name, accessibility id, css selector, -android uiautomator
&amp#27;[38;5;32m[AndroidUiautomator2Driver@c17c (f8b662ae)]&amp#27;[0m Waiting up to 10000 ms for condition
&amp#27;[38;5;32m[AndroidUiautomator2Driver@c17c (f8b662ae)]&amp#27;[0m Matched '/element' to command name 'findElement'
&amp#27;[38;5;32m[AndroidUiautomator2Driver@c17c (f8b662ae)]&amp#27;[0m Proxying [POST /element] to [POST http://127.0.0.1:8200/session/8fc22115-6db8-4b38-9cd7-df76985b742e/element] with body: {"strategy":"accessibility id","selector":"priceAsc","context":"","multiple":false}
&amp#27;[38;5;32m[AndroidUiautomator2Driver@c17c (f8b662ae)]&amp#27;[0m Got response with status 404: {"sessionId":"8fc22115-6db8-4b38-9cd7-df76985b742e","value":{"error":"no such element","message":"An element could not be located on the page using the given search parameters","stacktrace":"io.appium.uiautomator2.common.exceptions.ElementNotFoundException: An element could not be located on the page using the given search parameters\n\tat io.appium.uiautomator2.handler.FindElement.safeHandle(FindElement.java:70)\n\tat io.appium.uiautomator2.handler.request.SafeRequestHandler.handle(SafeRequestHandler.java:59)\n\tat io.appium.uiautomator2.server.AppiumServlet.handleRequest(AppiumServlet.java:267)\n\tat io.appium.uiautomator2.server.AppiumServlet.handleHttpRequest(AppiumServlet.java:261)\n\tat io.appium.uiautomator2.http.ServerHandler.channelRead(ServerHandler.java:68)\n\tat io.netty.channel.AbstractChannelHandlerContext.invokeChannelRead(AbstractChannelHandlerContext.java:366)\n\tat io.netty.channel.AbstractChannelHandlerContext.invokeChannelRead(AbstractChannelHandlerContext.java:352)\n\tat io.netty.chann...
&amp#27;[38;5;128m[W3C]&amp#27;[0m Matched W3C error code 'no such element' to NoSuchElementError
&amp#27;[38;5;32m[AndroidUiautomator2Driver@c17c (f8b662ae)]&amp#27;[0m Waited for 57 ms so far
&amp#27;[38;5;32m[AndroidUiautomator2Driver@c17c (f8b662ae)]&amp#27;[0m Matched '/element' to command name 'findElement'
&amp#27;[38;5;32m[AndroidUiautomator2Driver@c17c (f8b662ae)]&amp#27;[0m Proxying [POST /element] to [POST http://127.0.0.1:8200/session/8fc22115-6db8-4b38-9cd7-df76985b742e/element] with body: {"strategy":"accessibility id","selector":"priceAsc","context":"","multiple":false}
&amp#27;[38;5;32m[AndroidUiautomator2Driver@c17c (f8b662ae)]&amp#27;[0m Got response with status 200: {"sessionId":"8fc22115-6db8-4b38-9cd7-df76985b742e","value":{"ELEMENT":"00000000-0000-022e-ffff-ffff000000bb","element-6066-11e4-a52e-4f735466cecf":"00000000-0000-022e-ffff-ffff000000bb"}}
&amp#27;[38;5;32m[AndroidUiautomator2Driver@c17c (f8b662ae)]&amp#27;[0m Responding to client with driver.findElement() result: {"element-6066-11e4-a52e-4f735466cecf":"00000000-0000-022e-ffff-ffff000000bb","ELEMENT":"00000000-0000-022e-ffff-ffff000000bb"}
&amp#27;[38;5;0m[HTTP]&amp#27;[0m &amp#27;[37m<-- POST /session/f8b662ae-f658-4731-a58b-8ef713888027/element &amp#27;[39m&amp#27;[32m200&amp#27;[39m &amp#27;[90m588 ms - 137&amp#27;[39m
&amp#27;[38;5;0m[HTTP]&amp#27;[0m &amp#27;[90m&amp#27;[39m
&amp#27;[38;5;0m[HTTP]&amp#27;[0m &amp#27;[37m-->&amp#27;[39m &amp#27;[37mPOST&amp#27;[39m &amp#27;[37m/session/f8b662ae-f658-4731-a58b-8ef713888027/element/00000000-0000-022e-ffff-ffff000000bb/click&amp#27;[39m
&amp#27;[38;5;0m[HTTP]&amp#27;[0m &amp#27;[90m{"id":"00000000-0000-022e-ffff-ffff000000bb"}&amp#27;[39m
&amp#27;[38;5;32m[AndroidUiautomator2Driver@c17c (f8b662ae)]&amp#27;[0m Calling AppiumDriver.click() with args: ["00000000-0000-022e-ffff-ffff000000bb","f8b662ae-f658-4731-a58b-8ef713888027"]
&amp#27;[38;5;32m[AndroidUiautomator2Driver@c17c (f8b662ae)]&amp#27;[0m Matched '/element/00000000-0000-022e-ffff-ffff000000bb/click' to command name 'click'
&amp#27;[38;5;32m[AndroidUiautomator2Driver@c17c (f8b662ae)]&amp#27;[0m Proxying [POST /element/00000000-0000-022e-ffff-ffff000000bb/click] to [POST http://127.0.0.1:8200/session/8fc22115-6db8-4b38-9cd7-df76985b742e/element/00000000-0000-022e-ffff-ffff000000bb/click] with body: {"element":"00000000-0000-022e-ffff-ffff000000bb"}
&amp#27;[38;5;32m[AndroidUiautomator2Driver@c17c (f8b662ae)]&amp#27;[0m Got response with status 200: {"sessionId":"8fc22115-6db8-4b38-9cd7-df76985b742e","value":null}
&amp#27;[38;5;32m[AndroidUiautomator2Driver@c17c (f8b662ae)]&amp#27;[0m Responding to client with driver.click() result: null
&amp#27;[38;5;0m[HTTP]&amp#27;[0m &amp#27;[37m<-- POST /session/f8b662ae-f658-4731-a58b-8ef713888027/element/00000000-0000-022e-ffff-ffff000000bb/click &amp#27;[39m&amp#27;[32m200&amp#27;[39m &amp#27;[90m38 ms - 14&amp#27;[39m
&amp#27;[38;5;0m[HTTP]&amp#27;[0m &amp#27;[90m&amp#27;[39m
&amp#27;[38;5;0m[HTTP]&amp#27;[0m &amp#27;[37m-->&amp#27;[39m &amp#27;[37mPOST&amp#27;[39m &amp#27;[37m/session/f8b662ae-f658-4731-a58b-8ef713888027/elements&amp#27;[39m
&amp#27;[38;5;0m[HTTP]&amp#27;[0m &amp#27;[90m{"using":"-android uiautomator","value":"description(\"store item text\")"}&amp#27;[39m
&amp#27;[38;5;32m[AndroidUiautomator2Driver@c17c (f8b662ae)]&amp#27;[0m Calling AppiumDriver.findElements() with args: ["-android uiautomator","description(\"store item text\")","f8b662ae-f658-4731-a58b-8ef713888027"]
&amp#27;[38;5;32m[AndroidUiautomator2Driver@c17c (f8b662ae)]&amp#27;[0m Valid locator strategies for this request: xpath, id, class name, accessibility id, css selector, -android uiautomator
&amp#27;[38;5;32m[AndroidUiautomator2Driver@c17c (f8b662ae)]&amp#27;[0m Waiting up to 10000 ms for condition
&amp#27;[38;5;32m[AndroidUiautomator2Driver@c17c (f8b662ae)]&amp#27;[0m Matched '/elements' to command name 'findElements'
&amp#27;[38;5;32m[AndroidUiautomator2Driver@c17c (f8b662ae)]&amp#27;[0m Proxying [POST /elements] to [POST http://127.0.0.1:8200/session/8fc22115-6db8-4b38-9cd7-df76985b742e/elements] with body: {"strategy":"-android uiautomator","selector":"description(\"store item text\")","context":"","multiple":true}
&amp#27;[38;5;32m[AndroidUiautomator2Driver@c17c (f8b662ae)]&amp#27;[0m Got response with status 200: {"sessionId":"8fc22115-6db8-4b38-9cd7-df76985b742e","value":[]}
&amp#27;[38;5;32m[AndroidUiautomator2Driver@c17c (f8b662ae)]&amp#27;[0m Waited for 22 ms so far
&amp#27;[38;5;32m[AndroidUiautomator2Driver@c17c (f8b662ae)]&amp#27;[0m Matched '/elements' to command name 'findElements'
&amp#27;[38;5;32m[AndroidUiautomator2Driver@c17c (f8b662ae)]&amp#27;[0m Proxying [POST /elements] to [POST http://127.0.0.1:8200/session/8fc22115-6db8-4b38-9cd7-df76985b742e/elements] with body: {"strategy":"-android uiautomator","selector":"description(\"store item text\")","context":"","multiple":true}
&amp#27;[38;5;32m[AndroidUiautomator2Driver@c17c (f8b662ae)]&amp#27;[0m Got response with status 200: {"sessionId":"8fc22115-6db8-4b38-9cd7-df76985b742e","value":[{"ELEMENT":"00000000-0000-022d-ffff-ffff000000c8","element-6066-11e4-a52e-4f735466cecf":"00000000-0000-022d-ffff-ffff000000c8"},{"ELEMENT":"00000000-0000-022d-ffff-ffff000000d7","element-6066-11e4-a52e-4f735466cecf":"00000000-0000-022d-ffff-ffff000000d7"},{"ELEMENT":"00000000-0000-022d-ffff-ffff000000e7","element-6066-11e4-a52e-4f735466cecf":"00000000-0000-022d-ffff-ffff000000e7"},{"ELEMENT":"00000000-0000-022d-ffff-ffff000000f6","element-6066-11e4-a52e-4f735466cecf":"00000000-0000-022d-ffff-ffff000000f6"}]}
&amp#27;[38;5;32m[AndroidUiautomator2Driver@c17c (f8b662ae)]&amp#27;[0m Responding to client with driver.findElements() result: [{"element-6066-11e4-a52e-4f735466cecf":"00000000-0000-022d-ffff-ffff000000c8","ELEMENT":"00000000-0000-022d-ffff-ffff000000c8"},{"element-6066-11e4-a52e-4f735466cecf":"00000000-0000-022d-ffff-ffff000000d7","ELEMENT":"00000000-0000-022d-ffff-ffff000000d7"},{"element-6066-11e4-a52e-4f735466cecf":"00000000-0000-022d-ffff-ffff000000e7","ELEMENT":"00000000-0000-022d-ffff-ffff000000e7"},{"element-6066-11e4-a52e-4f735466cecf":"00000000-0000-022d-ffff-ffff000000f6","ELEMENT":"00000000-0000-022d-ffff-ffff000000f6"}]
&amp#27;[38;5;0m[HTTP]&amp#27;[0m &amp#27;[37m<-- POST /session/f8b662ae-f658-4731-a58b-8ef713888027/elements &amp#27;[39m&amp#27;[32m200&amp#27;[39m &amp#27;[90m660 ms - 523&amp#27;[39m
&amp#27;[38;5;0m[HTTP]&amp#27;[0m &amp#27;[90m&amp#27;[39m
&amp#27;[38;5;0m[HTTP]&amp#27;[0m &amp#27;[37m-->&amp#27;[39m &amp#27;[37mGET&amp#27;[39m &amp#27;[37m/session/f8b662ae-f658-4731-a58b-8ef713888027/element/00000000-0000-022d-ffff-ffff000000c8/text&amp#27;[39m
&amp#27;[38;5;0m[HTTP]&amp#27;[0m &amp#27;[90m{}&amp#27;[39m
&amp#27;[38;5;32m[AndroidUiautomator2Driver@c17c (f8b662ae)]&amp#27;[0m Driver proxy active, passing request on via HTTP proxy
&amp#27;[38;5;32m[AndroidUiautomator2Driver@c17c (f8b662ae)]&amp#27;[0m Matched '/session/f8b662ae-f658-4731-a58b-8ef713888027/element/00000000-0000-022d-ffff-ffff000000c8/text' to command name 'getText'
&amp#27;[38;5;32m[AndroidUiautomator2Driver@c17c (f8b662ae)]&amp#27;[0m Proxying [GET /session/f8b662ae-f658-4731-a58b-8ef713888027/element/00000000-0000-022d-ffff-ffff000000c8/text] to [GET http://127.0.0.1:8200/session/8fc22115-6db8-4b38-9cd7-df76985b742e/element/00000000-0000-022d-ffff-ffff000000c8/text] with no body
&amp#27;[38;5;32m[AndroidUiautomator2Driver@c17c (f8b662ae)]&amp#27;[0m Got response with status 200: {"sessionId":"8fc22115-6db8-4b38-9cd7-df76985b742e","value":"Sauce Labs Onesie"}
&amp#27;[38;5;32m[AndroidUiautomator2Driver@c17c (f8b662ae)]&amp#27;[0m Replacing sessionId 8fc22115-6db8-4b38-9cd7-df76985b742e with f8b662ae-f658-4731-a58b-8ef713888027
&amp#27;[38;5;0m[HTTP]&amp#27;[0m &amp#27;[37m<-- GET /session/f8b662ae-f658-4731-a58b-8ef713888027/element/00000000-0000-022d-ffff-ffff000000c8/text &amp#27;[39m&amp#27;[32m200&amp#27;[39m &amp#27;[90m9 ms - 80&amp#27;[39m
&amp#27;[38;5;0m[HTTP]&amp#27;[0m &amp#27;[90m&amp#27;[39m
&amp#27;[38;5;0m[HTTP]&amp#27;[0m &amp#27;[37m-->&amp#27;[39m &amp#27;[37mDELETE&amp#27;[39m &amp#27;[37m/session/f8b662ae-f658-4731-a58b-8ef713888027&amp#27;[39m
&amp#27;[38;5;0m[HTTP]&amp#27;[0m &amp#27;[90m{}&amp#27;[39m
&amp#27;[38;5;32m[AndroidUiautomator2Driver@c17c (f8b662ae)]&amp#27;[0m Calling AppiumDriver.deleteSession() with args: ["f8b662ae-f658-4731-a58b-8ef713888027"]
&amp#27;[38;5;16m[AppiumDriver@fa87]&amp#27;[0m Event 'quitSessionRequested' logged at 1702385531702 (14:52:11 GMT+0200 (Eastern European Standard Time))
&amp#27;[38;5;16m[AppiumDriver@fa87]&amp#27;[0m Removing session f8b662ae-f658-4731-a58b-8ef713888027 from our master session list
&amp#27;[38;5;32m[AndroidUiautomator2Driver@c17c (f8b662ae)]&amp#27;[0m Deleting UiAutomator2 session
&amp#27;[38;5;32m[AndroidUiautomator2Driver@c17c (f8b662ae)]&amp#27;[0m Deleting UiAutomator2 server session
&amp#27;[38;5;32m[AndroidUiautomator2Driver@c17c (f8b662ae)]&amp#27;[0m Matched '/' to command name 'deleteSession'
&amp#27;[38;5;32m[AndroidUiautomator2Driver@c17c (f8b662ae)]&amp#27;[0m Proxying [DELETE /] to [DELETE http://127.0.0.1:8200/session/8fc22115-6db8-4b38-9cd7-df76985b742e] with no body
&amp#27;[38;5;32m[AndroidUiautomator2Driver@c17c (f8b662ae)]&amp#27;[0m Got response with status 200: {"sessionId":"8fc22115-6db8-4b38-9cd7-df76985b742e","value":null}
&amp#27;[38;5;64m[ADB]&amp#27;[0m Running '/Users/vaida/Library/Android/sdk/platform-tools/adb -P 5037 -s emulator-5554 shell dumpsys activity services io.appium.settings/.recorder.RecorderService'
&amp#27;[38;5;64m[ADB]&amp#27;[0m Running '/Users/vaida/Library/Android/sdk/platform-tools/adb -P 5037 -s emulator-5554 shell am force-stop com.saucelabs.mydemoapp.rn'
&amp#27;[38;5;96m[Logcat]&amp#27;[0m Stopping logcat capture
&amp#27;[38;5;64m[ADB]&amp#27;[0m Removing forwarded port socket connection: 8200 
&amp#27;[38;5;64m[ADB]&amp#27;[0m Running '/Users/vaida/Library/Android/sdk/platform-tools/adb -P 5037 -s emulator-5554 forward --remove tcp:8200'
&amp#27;[38;5;32m[AndroidUiautomator2Driver@c17c (f8b662ae)]&amp#27;[0m Restoring hidden api policy to the device default configuration
&amp#27;[38;5;64m[ADB]&amp#27;[0m Running '/Users/vaida/Library/Android/sdk/platform-tools/adb -P 5037 -s emulator-5554 shell 'settings delete global hidden_api_policy_pre_p_apps;settings delete global hidden_api_policy_p_apps;settings delete global hidden_api_policy''
&amp#27;[38;5;16m[AppiumDriver@fa87]&amp#27;[0m Event 'quitSessionFinished' logged at 1702385531946 (14:52:11 GMT+0200 (Eastern European Standard Time))
&amp#27;[38;5;16m[AppiumDriver@fa87]&amp#27;[0m Received response: null
&amp#27;[38;5;16m[AppiumDriver@fa87]&amp#27;[0m But deleting session, so not returning
&amp#27;[38;5;16m[AppiumDriver@fa87]&amp#27;[0m Responding to client with driver.deleteSession() result: null
&amp#27;[38;5;0m[HTTP]&amp#27;[0m &amp#27;[37m<-- DELETE /session/f8b662ae-f658-4731-a58b-8ef713888027 &amp#27;[39m&amp#27;[32m200&amp#27;[39m &amp#27;[90m245 ms - 14&amp#27;[39m
&amp#27;[38;5;0m[HTTP]&amp#27;[0m &amp#27;[90m&amp#27;[39m
]]></system-out>
  </testcase>
  <testcase name="User sorts products by name #5" classname="Products page functionality" time="6.847">
    <system-out><![CDATA[Starting Appium service...
&amp#27;[38;5;112m[Instrumentation]&amp#27;[0m .
&amp#27;[38;5;112m[Instrumentation]&amp#27;[0m Time: 5.028
&amp#27;[38;5;112m[Instrumentation]&amp#27;[0m 
&amp#27;[38;5;112m[Instrumentation]&amp#27;[0m OK (1 test)
&amp#27;[38;5;0m[HTTP]&amp#27;[0m &amp#27;[37m-->&amp#27;[39m &amp#27;[37mGET&amp#27;[39m &amp#27;[37m/status&amp#27;[39m
&amp#27;[38;5;0m[HTTP]&amp#27;[0m &amp#27;[90m{}&amp#27;[39m
&amp#27;[38;5;16m[AppiumDriver@fa87]&amp#27;[0m Calling AppiumDriver.getStatus() with args: []
&amp#27;[38;5;16m[AppiumDriver@fa87]&amp#27;[0m Responding to client with driver.getStatus() result: {"ready":true,"message":"The server is ready to accept new connections","build":{"version":"2.2.3","git-sha":"32ff40f688a49e02428eb3f20232aac69ffeeea0","built":"2023-07-05 01:57:43 +0100"}}
&amp#27;[38;5;0m[HTTP]&amp#27;[0m &amp#27;[37m<-- GET /status &amp#27;[39m&amp#27;[32m200&amp#27;[39m &amp#27;[90m1 ms - 199&amp#27;[39m
&amp#27;[38;5;0m[HTTP]&amp#27;[0m &amp#27;[90m&amp#27;[39m
Appium service started successfully.
Initializing Appium driver...
&amp#27;[38;5;0m[HTTP]&amp#27;[0m Request idempotency key: 61ae804d-c261-4f9a-b990-9e99bd4e953f
&amp#27;[38;5;0m[HTTP]&amp#27;[0m &amp#27;[37m-->&amp#27;[39m &amp#27;[37mPOST&amp#27;[39m &amp#27;[37m/session&amp#27;[39m
&amp#27;[38;5;0m[HTTP]&amp#27;[0m &amp#27;[90m{"capabilities":{"firstMatch":[{}],"alwaysMatch":{"appium:app":"/Users/vaida/edON/appium/Android-MyDemoAppRN.1.3.0.build-244.apk","appium:automationName":"UiAutomator2","appium:avdLaunchTimeout":5000,"appium:avdReadyTimeout":5000,"appium:eventTimings":true,"appium:platformVersion":"12.0","appium:udid":"emulator-5554","platformName":"ANDROID"}}}&amp#27;[39m
&amp#27;[38;5;16m[AppiumDriver@fa87]&amp#27;[0m Calling AppiumDriver.createSession() with args: [null,null,{"firstMatch":[{}],"alwaysMatch":{"appium:app":"/Users/vaida/edON/appium/Android-MyDemoAppRN.1.3.0.build-244.apk","appium:automationName":"UiAutomator2","appium:avdLaunchTimeout":5000,"appium:avdReadyTimeout":5000,"appium:eventTimings":true,"appium:platformVersion":"12.0","appium:udid":"emulator-5554","platformName":"ANDROID"}}]
&amp#27;[38;5;16m[AppiumDriver@fa87]&amp#27;[0m Event 'newSessionRequested' logged at 1702385532125 (14:52:12 GMT+0200 (Eastern European Standard Time))
&amp#27;[35m[Appium]&amp#27;[39m Attempting to find matching driver for automationName 'UiAutomator2' and platformName 'ANDROID'
&amp#27;[35m[Appium]&amp#27;[39m The 'uiautomator2' driver was installed and matched caps.
&amp#27;[35m[Appium]&amp#27;[39m Will require it at /Users/vaida/.appium/node_modules/appium-uiautomator2-driver
&amp#27;[35m[Appium]&amp#27;[39m Requiring driver at /Users/vaida/.appium/node_modules/appium-uiautomator2-driver
&amp#27;[38;5;16m[AppiumDriver@fa87]&amp#27;[0m Appium v2.2.3 creating new AndroidUiautomator2Driver (v2.4.0) session
&amp#27;[38;5;16m[AppiumDriver@fa87]&amp#27;[0m Checking BaseDriver versions for Appium and AndroidUiautomator2Driver
&amp#27;[38;5;16m[AppiumDriver@fa87]&amp#27;[0m Appium's BaseDriver version is 9.4.3
&amp#27;[38;5;16m[AppiumDriver@fa87]&amp#27;[0m AndroidUiautomator2Driver's BaseDriver version is 8.5.7
&amp#27;[38;5;32m[AndroidUiautomator2Driver@3d21]&amp#27;[0m Creating session with W3C capabilities: {
&amp#27;[38;5;32m[AndroidUiautomator2Driver@3d21]&amp#27;[0m   "alwaysMatch": {
&amp#27;[38;5;32m[AndroidUiautomator2Driver@3d21]&amp#27;[0m     "platformName": "ANDROID",
&amp#27;[38;5;32m[AndroidUiautomator2Driver@3d21]&amp#27;[0m     "appium:app": "/Users/vaida/edON/appium/Android-MyDemoAppRN.1.3.0.build-244.apk",
&amp#27;[38;5;32m[AndroidUiautomator2Driver@3d21]&amp#27;[0m     "appium:automationName": "UiAutomator2",
&amp#27;[38;5;32m[AndroidUiautomator2Driver@3d21]&amp#27;[0m     "appium:avdLaunchTimeout": 5000,
&amp#27;[38;5;32m[AndroidUiautomator2Driver@3d21]&amp#27;[0m     "appium:avdReadyTimeout": 5000,
&amp#27;[38;5;32m[AndroidUiautomator2Driver@3d21]&amp#27;[0m     "appium:eventTimings": true,
&amp#27;[38;5;32m[AndroidUiautomator2Driver@3d21]&amp#27;[0m     "appium:platformVersion": "12.0",
&amp#27;[38;5;32m[AndroidUiautomator2Driver@3d21]&amp#27;[0m     "appium:udid": "emulator-5554"
&amp#27;[38;5;32m[AndroidUiautomator2Driver@3d21]&amp#27;[0m   },
&amp#27;[38;5;32m[AndroidUiautomator2Driver@3d21]&amp#27;[0m   "firstMatch": [
&amp#27;[38;5;32m[AndroidUiautomator2Driver@3d21]&amp#27;[0m     {}
&amp#27;[38;5;32m[AndroidUiautomator2Driver@3d21]&amp#27;[0m   ]
&amp#27;[38;5;32m[AndroidUiautomator2Driver@3d21]&amp#27;[0m }
&amp#27;[38;5;32m[AndroidUiautomator2Driver@3d21 (556fa8ec)]&amp#27;[0m Session created with session id: 556fa8ec-69b9-49de-b488-0d01b1888e76
&amp#27;[38;5;48m[BaseDriver]&amp#27;[0m Using local app '/Users/vaida/edON/appium/Android-MyDemoAppRN.1.3.0.build-244.apk'
&amp#27;[38;5;32m[AndroidUiautomator2Driver@3d21 (556fa8ec)]&amp#27;[0m Checking whether app is actually present
&amp#27;[38;5;64m[ADB]&amp#27;[0m Using 'adb' from '/Users/vaida/Library/Android/sdk/platform-tools/adb'
&amp#27;[38;5;64m[ADB]&amp#27;[0m Running '/Users/vaida/Library/Android/sdk/platform-tools/adb -P 5037 start-server'
&amp#27;[38;5;80m[AndroidDriver]&amp#27;[0m Retrieving device list
&amp#27;[38;5;64m[ADB]&amp#27;[0m Trying to find a connected android device
&amp#27;[38;5;64m[ADB]&amp#27;[0m Getting connected devices
&amp#27;[38;5;64m[ADB]&amp#27;[0m Connected devices: [{"udid":"emulator-5554","state":"device"}]
&amp#27;[38;5;80m[AndroidDriver]&amp#27;[0m Using device: emulator-5554
&amp#27;[38;5;64m[ADB]&amp#27;[0m Using 'adb' from '/Users/vaida/Library/Android/sdk/platform-tools/adb'
&amp#27;[38;5;64m[ADB]&amp#27;[0m Running '/Users/vaida/Library/Android/sdk/platform-tools/adb -P 5037 start-server'
&amp#27;[38;5;64m[ADB]&amp#27;[0m Setting device id to emulator-5554
&amp#27;[38;5;64m[ADB]&amp#27;[0m Running '/Users/vaida/Library/Android/sdk/platform-tools/adb -P 5037 -s emulator-5554 shell getprop ro.build.version.sdk'
&amp#27;[38;5;64m[ADB]&amp#27;[0m Current device property 'ro.build.version.sdk': 31
&amp#27;[38;5;64m[ADB]&amp#27;[0m Getting device platform version
&amp#27;[38;5;64m[ADB]&amp#27;[0m Running '/Users/vaida/Library/Android/sdk/platform-tools/adb -P 5037 -s emulator-5554 shell getprop ro.build.version.release'
&amp#27;[38;5;64m[ADB]&amp#27;[0m Current device property 'ro.build.version.release': 12
&amp#27;[38;5;64m[ADB]&amp#27;[0m Device API level: 31
&amp#27;[38;5;32m[AndroidUiautomator2Driver@3d21 (556fa8ec)]&amp#27;[0m Relaxing hidden api policy
&amp#27;[38;5;64m[ADB]&amp#27;[0m Running '/Users/vaida/Library/Android/sdk/platform-tools/adb -P 5037 -s emulator-5554 shell 'settings put global hidden_api_policy_pre_p_apps 1;settings put global hidden_api_policy_p_apps 1;settings put global hidden_api_policy 1''
&amp#27;[38;5;80m[AndroidDriver]&amp#27;[0m Parsing package and activity from app manifest
&amp#27;[38;5;64m[ADB]&amp#27;[0m Package name: 'com.saucelabs.mydemoapp.rn'
&amp#27;[38;5;64m[ADB]&amp#27;[0m Main activity name: 'com.saucelabs.mydemoapp.rn.MainActivity'
&amp#27;[38;5;80m[AndroidDriver]&amp#27;[0m Parsed package and activity are: com.saucelabs.mydemoapp.rn/com.saucelabs.mydemoapp.rn.MainActivity
&amp#27;[38;5;64m[ADB]&amp#27;[0m Running '/Users/vaida/Library/Android/sdk/platform-tools/adb -P 5037 -s emulator-5554 wait-for-device'
&amp#27;[38;5;64m[ADB]&amp#27;[0m Running '/Users/vaida/Library/Android/sdk/platform-tools/adb -P 5037 -s emulator-5554 shell echo ping'
&amp#27;[38;5;80m[AndroidDriver]&amp#27;[0m Pushing settings apk to device...
&amp#27;[38;5;64m[ADB]&amp#27;[0m Getting install status for io.appium.settings
&amp#27;[38;5;64m[ADB]&amp#27;[0m Running '/Users/vaida/Library/Android/sdk/platform-tools/adb -P 5037 -s emulator-5554 shell dumpsys package io.appium.settings'
&amp#27;[38;5;64m[ADB]&amp#27;[0m 'io.appium.settings' is installed
&amp#27;[38;5;64m[ADB]&amp#27;[0m Getting package info for 'io.appium.settings'
&amp#27;[38;5;64m[ADB]&amp#27;[0m Running '/Users/vaida/Library/Android/sdk/platform-tools/adb -P 5037 -s emulator-5554 shell dumpsys package io.appium.settings'
&amp#27;[38;5;64m[ADB]&amp#27;[0m The version name of the installed 'io.appium.settings' is greater or equal to the application version name ('4.1.1' >= '4.1.1')
&amp#27;[38;5;64m[ADB]&amp#27;[0m There is no need to install/upgrade '/Users/vaida/.appium/node_modules/appium-uiautomator2-driver/node_modules/io.appium.settings/apks/settings_apk-debug.apk'
&amp#27;[38;5;64m[ADB]&amp#27;[0m Getting IDs of all 'io.appium.settings' processes
&amp#27;[38;5;64m[ADB]&amp#27;[0m Running '/Users/vaida/Library/Android/sdk/platform-tools/adb -P 5037 -s emulator-5554 shell 'pgrep --help; echo $?''
&amp#27;[38;5;64m[ADB]&amp#27;[0m Running '/Users/vaida/Library/Android/sdk/platform-tools/adb -P 5037 -s emulator-5554 shell pgrep -f \(\[\[:blank:\]\]\|\^\)io\.appium\.settings\(\[\[:blank:\]\]\|\$\)'
&amp#27;[38;5;80m[AndroidDriver]&amp#27;[0m io.appium.settings is already running. There is no need to reset its permissions.
&amp#27;[38;5;96m[Logcat]&amp#27;[0m Starting logs capture with command: /Users/vaida/Library/Android/sdk/platform-tools/adb -P 5037 -s emulator-5554 logcat -v threadtime
&amp#27;[38;5;32m[AndroidUiautomator2Driver@3d21 (556fa8ec)]&amp#27;[0m Forwarding UiAutomator2 Server port 6790 to local port 8200
&amp#27;[38;5;64m[ADB]&amp#27;[0m Forwarding system: 8200 to device: 6790
&amp#27;[38;5;64m[ADB]&amp#27;[0m Running '/Users/vaida/Library/Android/sdk/platform-tools/adb -P 5037 -s emulator-5554 forward tcp:8200 tcp:6790'
&amp#27;[38;5;64m[ADB]&amp#27;[0m Getting install status for io.appium.uiautomator2.server
&amp#27;[38;5;64m[ADB]&amp#27;[0m Running '/Users/vaida/Library/Android/sdk/platform-tools/adb -P 5037 -s emulator-5554 shell dumpsys package io.appium.uiautomator2.server'
&amp#27;[38;5;64m[ADB]&amp#27;[0m 'io.appium.uiautomator2.server' is installed
&amp#27;[38;5;64m[ADB]&amp#27;[0m Getting package info for 'io.appium.uiautomator2.server'
&amp#27;[38;5;64m[ADB]&amp#27;[0m Running '/Users/vaida/Library/Android/sdk/platform-tools/adb -P 5037 -s emulator-5554 shell dumpsys package io.appium.uiautomator2.server'
&amp#27;[38;5;112m[Instrumentation]&amp#27;[0m The process has exited with code 0
&amp#27;[38;5;64m[ADB]&amp#27;[0m The version name of the installed 'io.appium.uiautomator2.server' is greater or equal to the application version name ('5.6.2' >= '5.6.2')
&amp#27;[38;5;32m[AndroidUiautomator2Driver@3d21 (556fa8ec)]&amp#27;[0m io.appium.uiautomator2.server installation state: sameVersionInstalled
&amp#27;[38;5;64m[ADB]&amp#27;[0m Checking app cert for /Users/vaida/.appium/node_modules/appium-uiautomator2-driver/node_modules/appium-uiautomator2-server/apks/appium-uiautomator2-server-v5.6.2.apk
&amp#27;[38;5;64m[ADB]&amp#27;[0m Using the previously cached signature entry for 'appium-uiautomator2-server-v5.6.2.apk'
&amp#27;[38;5;64m[ADB]&amp#27;[0m sha256 hash did match for 'appium-uiautomator2-server-v5.6.2.apk'
&amp#27;[38;5;64m[ADB]&amp#27;[0m Getting install status for io.appium.uiautomator2.server.test
&amp#27;[38;5;64m[ADB]&amp#27;[0m Running '/Users/vaida/Library/Android/sdk/platform-tools/adb -P 5037 -s emulator-5554 shell dumpsys package io.appium.uiautomator2.server.test'
&amp#27;[38;5;64m[ADB]&amp#27;[0m 'io.appium.uiautomator2.server.test' is installed
&amp#27;[38;5;64m[ADB]&amp#27;[0m Checking app cert for /Users/vaida/.appium/node_modules/appium-uiautomator2-driver/node_modules/appium-uiautomator2-server/apks/appium-uiautomator2-server-debug-androidTest.apk
&amp#27;[38;5;64m[ADB]&amp#27;[0m Using the previously cached signature entry for 'appium-uiautomator2-server-debug-androidTest.apk'
&amp#27;[38;5;64m[ADB]&amp#27;[0m sha256 hash did match for 'appium-uiautomator2-server-debug-androidTest.apk'
&amp#27;[38;5;32m[AndroidUiautomator2Driver@3d21 (556fa8ec)]&amp#27;[0m Server packages are not going to be (re)installed
&amp#27;[38;5;32m[AndroidUiautomator2Driver@3d21 (556fa8ec)]&amp#27;[0m Waiting up to 30000ms for services to be available
&amp#27;[38;5;64m[ADB]&amp#27;[0m Running '/Users/vaida/Library/Android/sdk/platform-tools/adb -P 5037 -s emulator-5554 shell pm list instrumentation'
&amp#27;[38;5;32m[AndroidUiautomator2Driver@3d21 (556fa8ec)]&amp#27;[0m Instrumentation target 'io.appium.uiautomator2.server.test/androidx.test.runner.AndroidJUnitRunner' is available
&amp#27;[38;5;64m[ADB]&amp#27;[0m Adding packages ["io.appium.settings","io.appium.uiautomator2.server","io.appium.uiautomator2.server.test"] to Doze whitelist
&amp#27;[38;5;64m[ADB]&amp#27;[0m Got the following command chunks to execute: [["dumpsys","deviceidle","whitelist","+io.appium.settings",";","dumpsys","deviceidle","whitelist","+io.appium.uiautomator2.server",";","dumpsys","deviceidle","whitelist","+io.appium.uiautomator2.server.test",";"]]
&amp#27;[38;5;64m[ADB]&amp#27;[0m Running '/Users/vaida/Library/Android/sdk/platform-tools/adb -P 5037 -s emulator-5554 shell dumpsys deviceidle whitelist +io.appium.settings ; dumpsys deviceidle whitelist +io.appium.uiautomator2.server ; dumpsys deviceidle whitelist +io.appium.uiautomator2.server.test ;'
&amp#27;[38;5;64m[ADB]&amp#27;[0m Checking app cert for /Users/vaida/edON/appium/Android-MyDemoAppRN.1.3.0.build-244.apk
&amp#27;[38;5;64m[ADB]&amp#27;[0m Using the previously cached signature entry for 'Android-MyDemoAppRN.1.3.0.build-244.apk'
&amp#27;[38;5;64m[ADB]&amp#27;[0m Getting install status for com.saucelabs.mydemoapp.rn
&amp#27;[38;5;64m[ADB]&amp#27;[0m Running '/Users/vaida/Library/Android/sdk/platform-tools/adb -P 5037 -s emulator-5554 shell dumpsys package com.saucelabs.mydemoapp.rn'
&amp#27;[38;5;64m[ADB]&amp#27;[0m 'com.saucelabs.mydemoapp.rn' is installed
&amp#27;[38;5;64m[ADB]&amp#27;[0m Getting package info for 'com.saucelabs.mydemoapp.rn'
&amp#27;[38;5;64m[ADB]&amp#27;[0m Running '/Users/vaida/Library/Android/sdk/platform-tools/adb -P 5037 -s emulator-5554 shell dumpsys package com.saucelabs.mydemoapp.rn'
&amp#27;[38;5;64m[ADB]&amp#27;[0m The version name of the installed 'com.saucelabs.mydemoapp.rn' is greater or equal to the application version name ('1.3.0' >= '1.3.0')
&amp#27;[38;5;64m[ADB]&amp#27;[0m There is no need to install/upgrade '/Users/vaida/edON/appium/Android-MyDemoAppRN.1.3.0.build-244.apk'
&amp#27;[38;5;80m[AndroidDriver]&amp#27;[0m Performing fast reset on 'com.saucelabs.mydemoapp.rn'
&amp#27;[38;5;64m[ADB]&amp#27;[0m Getting install status for com.saucelabs.mydemoapp.rn
&amp#27;[38;5;64m[ADB]&amp#27;[0m Running '/Users/vaida/Library/Android/sdk/platform-tools/adb -P 5037 -s emulator-5554 shell dumpsys package com.saucelabs.mydemoapp.rn'
&amp#27;[38;5;64m[ADB]&amp#27;[0m 'com.saucelabs.mydemoapp.rn' is installed
&amp#27;[38;5;64m[ADB]&amp#27;[0m Running '/Users/vaida/Library/Android/sdk/platform-tools/adb -P 5037 -s emulator-5554 shell am force-stop com.saucelabs.mydemoapp.rn'
&amp#27;[38;5;64m[ADB]&amp#27;[0m Running '/Users/vaida/Library/Android/sdk/platform-tools/adb -P 5037 -s emulator-5554 shell pm clear com.saucelabs.mydemoapp.rn'
&amp#27;[35m[Appium]&amp#27;[39m Welcome to Appium v2.2.3 (REV 32ff40f688a49e02428eb3f20232aac69ffeeea0)
&amp#27;[35m[Appium]&amp#27;[39m Non-default server args:
&amp#27;[35m[Appium]&amp#27;[39m { address: &amp#27;[32m'127.0.0.1'&amp#27;[39m, port: &amp#27;[33m4728&amp#27;[39m }
&amp#27;[35m[Appium]&amp#27;[39m Attempting to load driver uiautomator2...
&amp#27;[35m[Appium]&amp#27;[39m Requiring driver at /Users/vaida/.appium/node_modules/appium-uiautomator2-driver
&amp#27;[38;5;80m[AndroidDriver]&amp#27;[0m Performed fast reset on the installed 'com.saucelabs.mydemoapp.rn' application (stop and clear)
&amp#27;[38;5;32m[AndroidUiautomator2Driver@3d21 (556fa8ec)]&amp#27;[0m Performing shallow cleanup of automation leftovers
&amp#27;[38;5;32m[AndroidUiautomator2Driver@3d21 (556fa8ec)]&amp#27;[0m No obsolete sessions have been detected (socket hang up)
&amp#27;[38;5;64m[ADB]&amp#27;[0m Running '/Users/vaida/Library/Android/sdk/platform-tools/adb -P 5037 -s emulator-5554 shell am force-stop io.appium.uiautomator2.server.test'
&amp#27;[38;5;32m[AndroidUiautomator2Driver@3d21 (556fa8ec)]&amp#27;[0m Starting UIAutomator2 server 5.6.2
&amp#27;[38;5;32m[AndroidUiautomator2Driver@3d21 (556fa8ec)]&amp#27;[0m Using UIAutomator2 server from '/Users/vaida/.appium/node_modules/appium-uiautomator2-driver/node_modules/appium-uiautomator2-server/apks/appium-uiautomator2-server-v5.6.2.apk' and test from '/Users/vaida/.appium/node_modules/appium-uiautomator2-driver/node_modules/appium-uiautomator2-server/apks/appium-uiautomator2-server-debug-androidTest.apk'
&amp#27;[38;5;32m[AndroidUiautomator2Driver@3d21 (556fa8ec)]&amp#27;[0m Waiting up to 30000ms for UiAutomator2 to be online...
&amp#27;[38;5;64m[ADB]&amp#27;[0m Creating ADB subprocess with args: ["-P",5037,"-s","emulator-5554","shell","am","instrument","-w","-e","disableAnalytics",true,"io.appium.uiautomator2.server.test/androidx.test.runner.AndroidJUnitRunner"]
&amp#27;[38;5;32m[AndroidUiautomator2Driver@3d21 (556fa8ec)]&amp#27;[0m Matched '/status' to command name 'getStatus'
&amp#27;[38;5;32m[AndroidUiautomator2Driver@3d21 (556fa8ec)]&amp#27;[0m Proxying [GET /status] to [GET http://127.0.0.1:8200/status] with no body
&amp#27;[38;5;32m[AndroidUiautomator2Driver@3d21 (556fa8ec)]&amp#27;[0m socket hang up
&amp#27;[38;5;112m[Instrumentation]&amp#27;[0m io.appium.uiautomator2.server.test.AppiumUiAutomator2Server:
&amp#27;[38;5;0m[HTTP]&amp#27;[0m Could not start REST http interface listener. The requested port may already be in use. Please make sure there is no other instance of this server running already.
&amp#27;[35m[Appium]&amp#27;[39m Could not configure Appium server. It's possible that a driver or plugin tried to update the server and failed. Original error: listen EADDRINUSE: address already in use 127.0.0.1:4728
&amp#27;[35m[Appium]&amp#27;[39m Error: listen EADDRINUSE: address already in use 127.0.0.1:4728
&amp#27;[35m[Appium]&amp#27;[39m     at Server.setupListenHandle [as _listen2] (node:net:1829:16)
&amp#27;[35m[Appium]&amp#27;[39m     at listenInCluster (node:net:1877:12)
&amp#27;[35m[Appium]&amp#27;[39m     at doListen (node:net:2026:7)
&amp#27;[35m[Appium]&amp#27;[39m     at processTicksAndRejections (node:internal/process/task_queues:83:21)
&amp#27;[38;5;32m[AndroidUiautomator2Driver@3d21 (556fa8ec)]&amp#27;[0m Matched '/status' to command name 'getStatus'
&amp#27;[38;5;32m[AndroidUiautomator2Driver@3d21 (556fa8ec)]&amp#27;[0m Proxying [GET /status] to [GET http://127.0.0.1:8200/status] with no body
&amp#27;[38;5;32m[AndroidUiautomator2Driver@3d21 (556fa8ec)]&amp#27;[0m socket hang up
&amp#27;[38;5;32m[AndroidUiautomator2Driver@3d21 (556fa8ec)]&amp#27;[0m Matched '/status' to command name 'getStatus'
&amp#27;[38;5;32m[AndroidUiautomator2Driver@3d21 (556fa8ec)]&amp#27;[0m Proxying [GET /status] to [GET http://127.0.0.1:8200/status] with no body
&amp#27;[38;5;32m[AndroidUiautomator2Driver@3d21 (556fa8ec)]&amp#27;[0m Got response with status 200: {"sessionId":"None","value":{"message":"UiAutomator2 Server is ready to accept commands","ready":true}}
&amp#27;[38;5;32m[AndroidUiautomator2Driver@3d21 (556fa8ec)]&amp#27;[0m The initialization of the instrumentation process took 2055ms
&amp#27;[38;5;32m[AndroidUiautomator2Driver@3d21 (556fa8ec)]&amp#27;[0m Matched '/session' to command name 'createSession'
&amp#27;[38;5;32m[AndroidUiautomator2Driver@3d21 (556fa8ec)]&amp#27;[0m Proxying [POST /session] to [POST http://127.0.0.1:8200/session] with body: {"capabilities":{"firstMatch":[{"platform":"LINUX","webStorageEnabled":false,"takesScreenshot":true,"javascriptEnabled":true,"databaseEnabled":false,"networkConnectionEnabled":true,"locationContextEnabled":false,"warnings":{},"desired":{"platformName":"ANDROID","app":"/Users/vaida/edON/appium/Android-MyDemoAppRN.1.3.0.build-244.apk","automationName":"UiAutomator2","avdLaunchTimeout":5000,"avdReadyTimeout":5000,"eventTimings":true,"platformVersion":"12.0","udid":"emulator-5554"},"platformName":"ANDROID","app":"/Users/vaida/edON/appium/Android-MyDemoAppRN.1.3.0.build-244.apk","automationName":"UiAutomator2","avdLaunchTimeout":5000,"avdReadyTimeout":5000,"eventTimings":true,"platformVersion":"12.0","udid":"emulator-5554","deviceName":"emulator-5554","deviceUDID":"emulator-5554","appPackage":"com.saucelabs.mydemoapp.rn"}],"alwaysMatch":{}}}
&amp#27;[38;5;32m[AndroidUiautomator2Driver@3d21 (556fa8ec)]&amp#27;[0m Got response with status 200: {"sessionId":"a82159c6-c97b-4303-a8a5-4e7771574c3d","value":{"capabilities":{"firstMatch":[{"platform":"LINUX","webStorageEnabled":false,"takesScreenshot":true,"javascriptEnabled":true,"databaseEnabled":false,"networkConnectionEnabled":true,"locationContextEnabled":false,"warnings":{},"desired":{"platformName":"ANDROID","app":"/Users/vaida/edON/appium/Android-MyDemoAppRN.1.3.0.build-244.apk","automationName":"UiAutomator2","avdLaunchTimeout":5000,"avdReadyTimeout":5000,"eventTimings":true,"platformVersion":"12.0","udid":"emulator-5554"},"platformName":"ANDROID","app":"/Users/vaida/edON/appium/Android-MyDemoAppRN.1.3.0.build-244.apk","automationName":"UiAutomator2","avdLaunchTimeout":5000,"avdReadyTimeout":5000,"eventTimings":true,"platformVersion":"12.0","udid":"emulator-5554","deviceName":"emulator-5554","deviceUDID":"emulator-5554","appPackage":"com.saucelabs.mydemoapp.rn"}],"alwaysMatch":{}},"sessionId":"a82159c6-c97b-4303-a8a5-4e7771574c3d"}}
&amp#27;[38;5;32m[AndroidUiautomator2Driver@3d21 (556fa8ec)]&amp#27;[0m Determined the downstream protocol as 'W3C'
&amp#27;[38;5;32m[AndroidUiautomator2Driver@3d21 (556fa8ec)]&amp#27;[0m Proxying [GET /appium/device/info] to [GET http://127.0.0.1:8200/session/a82159c6-c97b-4303-a8a5-4e7771574c3d/appium/device/info] with no body
&amp#27;[38;5;32m[AndroidUiautomator2Driver@3d21 (556fa8ec)]&amp#27;[0m Got response with status 200: {"sessionId":"a82159c6-c97b-4303-a8a5-4e7771574c3d","value":{"androidId":"f451b2ee40c2295a","apiVersion":"31","bluetooth":{"state":"ON"},"brand":"google","carrierName":"T-Mobile","displayDensity":440,"locale":"en_US","manufacturer":"Google","model":"sdk_gphone64_arm64","networks":[{"capabilities":{"SSID":null,"linkDownBandwidthKbps":4300,"linkUpstreamBandwidthKbps":1800,"networkCapabilities":"NET_CAPABILITY_MMS,NET_CAPABILITY_SUPL,NET_CAPABILITY_DUN,NET_CAPABILITY_FOTA,NET_CAPABILITY_IMS,NET_CAPABILITY_CBS,NET_CAPABILITY_INTERNET,NET_CAPABILITY_NOT_RESTRICTED,NET_CAPABILITY_TRUSTED,NET_CAPABILITY_NOT_VPN,NET_CAPABILITY_VALIDATED,NET_CAPABILITY_NOT_ROAMING,NET_CAPABILITY_FOREGROUND,NET_CAPABILITY_NOT_CONGESTED,NET_CAPABILITY_NOT_SUSPENDED","signalStrength":-2147483648,"transportTypes":"TRANSPORT_CELLULAR"},"detailedState":"CONNECTED","extraInfo":"epc.tmobile.com","isAvailable":true,"isConnected":true,"isFailover":false,"isRoaming":false,"state":"CONNECTED","subtype":10,"subtypeName":"HSPA","type":0,"typeNam...
&amp#27;[38;5;64m[ADB]&amp#27;[0m Running '/Users/vaida/Library/Android/sdk/platform-tools/adb -P 5037 -s emulator-5554 shell dumpsys window'
&amp#27;[38;5;80m[AndroidDriver]&amp#27;[0m Screen already unlocked, doing nothing
&amp#27;[38;5;32m[AndroidUiautomator2Driver@3d21 (556fa8ec)]&amp#27;[0m Starting 'com.saucelabs.mydemoapp.rn/com.saucelabs.mydemoapp.rn.MainActivity and waiting for 'com.saucelabs.mydemoapp.rn/com.saucelabs.mydemoapp.rn.MainActivity'
&amp#27;[38;5;64m[ADB]&amp#27;[0m Running '/Users/vaida/Library/Android/sdk/platform-tools/adb -P 5037 -s emulator-5554 shell am start -W -n com.saucelabs.mydemoapp.rn/com.saucelabs.mydemoapp.rn.MainActivity -S -a android.intent.action.MAIN -c android.intent.category.LAUNCHER -f 0x10200000'
&amp#27;[38;5;64m[ADB]&amp#27;[0m Waiting up to 20000ms for activity matching pkg: 'com.saucelabs.mydemoapp.rn' and activity: 'com.saucelabs.mydemoapp.rn.MainActivity' to be focused
&amp#27;[38;5;64m[ADB]&amp#27;[0m Possible activities, to be checked: 'com.saucelabs.mydemoapp.rn.MainActivity', 'com.saucelabs.mydemoapp.rn.com.saucelabs.mydemoapp.rn.MainActivity'
&amp#27;[38;5;64m[ADB]&amp#27;[0m Getting focused package and activity
&amp#27;[38;5;64m[ADB]&amp#27;[0m Running '/Users/vaida/Library/Android/sdk/platform-tools/adb -P 5037 -s emulator-5554 shell dumpsys window displays'
&amp#27;[38;5;64m[ADB]&amp#27;[0m Found package: 'com.saucelabs.mydemoapp.rn' and fully qualified activity name : 'com.saucelabs.mydemoapp.rn.MainActivity'
&amp#27;[38;5;32m[AndroidUiautomator2Driver@3d21 (556fa8ec)]&amp#27;[0m Proxying [GET /appium/device/pixel_ratio] to [GET http://127.0.0.1:8200/session/a82159c6-c97b-4303-a8a5-4e7771574c3d/appium/device/pixel_ratio] with no body
&amp#27;[38;5;32m[AndroidUiautomator2Driver@3d21 (556fa8ec)]&amp#27;[0m Got response with status 200: {"sessionId":"a82159c6-c97b-4303-a8a5-4e7771574c3d","value":2.75}
&amp#27;[38;5;32m[AndroidUiautomator2Driver@3d21 (556fa8ec)]&amp#27;[0m Matched '/appium/device/system_bars' to command name 'getSystemBars'
&amp#27;[38;5;32m[AndroidUiautomator2Driver@3d21 (556fa8ec)]&amp#27;[0m Proxying [GET /appium/device/system_bars] to [GET http://127.0.0.1:8200/session/a82159c6-c97b-4303-a8a5-4e7771574c3d/appium/device/system_bars] with no body
&amp#27;[38;5;32m[AndroidUiautomator2Driver@3d21 (556fa8ec)]&amp#27;[0m Got response with status 200: {"sessionId":"a82159c6-c97b-4303-a8a5-4e7771574c3d","value":{"statusBar":66}}
&amp#27;[38;5;32m[AndroidUiautomator2Driver@3d21 (556fa8ec)]&amp#27;[0m Matched '/window/current/size' to command name 'getWindowSize'
&amp#27;[38;5;32m[AndroidUiautomator2Driver@3d21 (556fa8ec)]&amp#27;[0m Proxying [GET /window/current/size] to [GET http://127.0.0.1:8200/session/a82159c6-c97b-4303-a8a5-4e7771574c3d/window/current/size] with no body
&amp#27;[38;5;32m[AndroidUiautomator2Driver@3d21 (556fa8ec)]&amp#27;[0m Got response with status 200: {"sessionId":"a82159c6-c97b-4303-a8a5-4e7771574c3d","value":{"height":2208,"width":1080}}
&amp#27;[38;5;16m[AppiumDriver@fa87]&amp#27;[0m New AndroidUiautomator2Driver session created successfully, session 556fa8ec-69b9-49de-b488-0d01b1888e76 added to master session list
&amp#27;[38;5;16m[AppiumDriver@fa87]&amp#27;[0m Event 'newSessionStarted' logged at 1702385536620 (14:52:16 GMT+0200 (Eastern European Standard Time))
&amp#27;[38;5;32m[AndroidUiautomator2Driver@3d21 (556fa8ec)]&amp#27;[0m Cached the protocol value 'W3C' for the new session 556fa8ec-69b9-49de-b488-0d01b1888e76
&amp#27;[38;5;32m[AndroidUiautomator2Driver@3d21 (556fa8ec)]&amp#27;[0m Responding to client with driver.createSession() result: {"capabilities":{"platform":"LINUX","webStorageEnabled":false,"takesScreenshot":true,"javascriptEnabled":true,"databaseEnabled":false,"networkConnectionEnabled":true,"locationContextEnabled":false,"warnings":{},"desired":{"platformName":"ANDROID","app":"/Users/vaida/edON/appium/Android-MyDemoAppRN.1.3.0.build-244.apk","automationName":"UiAutomator2","avdLaunchTimeout":5000,"avdReadyTimeout":5000,"eventTimings":true,"platformVersion":"12.0","udid":"emulator-5554"},"platformName":"ANDROID","app":"/Users/vaida/edON/appium/Android-MyDemoAppRN.1.3.0.build-244.apk","automationName":"UiAutomator2","avdLaunchTimeout":5000,"avdReadyTimeout":5000,"eventTimings":true,"platformVersion":"12","udid":"emulator-5554","deviceName":"emulator-5554","deviceUDID":"emulator-5554","appPackage":"com.saucelabs.mydemoapp.rn","deviceApiLevel":31,"deviceScreenSize":"1080x2340","deviceScreenDensity":440,"deviceModel":"sdk_gphone64_arm64","deviceManufacturer":"Google","pixelRatio":2.75,"statBarHeight":66,"viewportRect":{"left":0,"top":...
&amp#27;[38;5;0m[HTTP]&amp#27;[0m &amp#27;[37m<-- POST /session &amp#27;[39m&amp#27;[32m200&amp#27;[39m &amp#27;[90m4496 ms - 1114&amp#27;[39m
&amp#27;[38;5;0m[HTTP]&amp#27;[0m &amp#27;[90m&amp#27;[39m
&amp#27;[38;5;0m[HTTP]&amp#27;[0m &amp#27;[37m-->&amp#27;[39m &amp#27;[37mPOST&amp#27;[39m &amp#27;[37m/session/556fa8ec-69b9-49de-b488-0d01b1888e76/timeouts&amp#27;[39m
&amp#27;[38;5;0m[HTTP]&amp#27;[0m &amp#27;[90m{"implicit":10000}&amp#27;[39m
&amp#27;[38;5;32m[AndroidUiautomator2Driver@3d21 (556fa8ec)]&amp#27;[0m Calling AppiumDriver.timeouts() with args: [null,null,null,null,10000,"556fa8ec-69b9-49de-b488-0d01b1888e76"]
&amp#27;[38;5;32m[AndroidUiautomator2Driver@3d21 (556fa8ec)]&amp#27;[0m W3C timeout argument: {"implicit":10000}}
&amp#27;[38;5;32m[AndroidUiautomator2Driver@3d21 (556fa8ec)]&amp#27;[0m Set implicit wait to 10000ms
&amp#27;[38;5;32m[AndroidUiautomator2Driver@3d21 (556fa8ec)]&amp#27;[0m Responding to client with driver.timeouts() result: null
&amp#27;[38;5;0m[HTTP]&amp#27;[0m &amp#27;[37m<-- POST /session/556fa8ec-69b9-49de-b488-0d01b1888e76/timeouts &amp#27;[39m&amp#27;[32m200&amp#27;[39m &amp#27;[90m1 ms - 14&amp#27;[39m
&amp#27;[38;5;0m[HTTP]&amp#27;[0m &amp#27;[90m&amp#27;[39m
&amp#27;[38;5;0m[HTTP]&amp#27;[0m &amp#27;[37m-->&amp#27;[39m &amp#27;[37mPOST&amp#27;[39m &amp#27;[37m/session/556fa8ec-69b9-49de-b488-0d01b1888e76/element&amp#27;[39m
&amp#27;[38;5;0m[HTTP]&amp#27;[0m &amp#27;[90m{"using":"-android uiautomator","value":"new UiSelector().text(\"Products\")"}&amp#27;[39m
&amp#27;[38;5;32m[AndroidUiautomator2Driver@3d21 (556fa8ec)]&amp#27;[0m Calling AppiumDriver.findElement() with args: ["-android uiautomator","new UiSelector().text(\"Products\")","556fa8ec-69b9-49de-b488-0d01b1888e76"]
&amp#27;[38;5;32m[AndroidUiautomator2Driver@3d21 (556fa8ec)]&amp#27;[0m Valid locator strategies for this request: xpath, id, class name, accessibility id, css selector, -android uiautomator
&amp#27;[38;5;32m[AndroidUiautomator2Driver@3d21 (556fa8ec)]&amp#27;[0m Waiting up to 10000 ms for condition
&amp#27;[38;5;32m[AndroidUiautomator2Driver@3d21 (556fa8ec)]&amp#27;[0m Matched '/element' to command name 'findElement'
&amp#27;[38;5;32m[AndroidUiautomator2Driver@3d21 (556fa8ec)]&amp#27;[0m Proxying [POST /element] to [POST http://127.0.0.1:8200/session/a82159c6-c97b-4303-a8a5-4e7771574c3d/element] with body: {"strategy":"-android uiautomator","selector":"new UiSelector().text(\"Products\")","context":"","multiple":false}
&amp#27;[38;5;32m[AndroidUiautomator2Driver@3d21 (556fa8ec)]&amp#27;[0m Got response with status 200: {"sessionId":"a82159c6-c97b-4303-a8a5-4e7771574c3d","value":{"ELEMENT":"00000000-0000-0239-ffff-ffff00000030","element-6066-11e4-a52e-4f735466cecf":"00000000-0000-0239-ffff-ffff00000030"}}
&amp#27;[38;5;32m[AndroidUiautomator2Driver@3d21 (556fa8ec)]&amp#27;[0m Responding to client with driver.findElement() result: {"element-6066-11e4-a52e-4f735466cecf":"00000000-0000-0239-ffff-ffff00000030","ELEMENT":"00000000-0000-0239-ffff-ffff00000030"}
&amp#27;[38;5;0m[HTTP]&amp#27;[0m &amp#27;[37m<-- POST /session/556fa8ec-69b9-49de-b488-0d01b1888e76/element &amp#27;[39m&amp#27;[32m200&amp#27;[39m &amp#27;[90m547 ms - 137&amp#27;[39m
&amp#27;[38;5;0m[HTTP]&amp#27;[0m &amp#27;[90m&amp#27;[39m
&amp#27;[38;5;0m[HTTP]&amp#27;[0m &amp#27;[37m-->&amp#27;[39m &amp#27;[37mGET&amp#27;[39m &amp#27;[37m/session/556fa8ec-69b9-49de-b488-0d01b1888e76/element/00000000-0000-0239-ffff-ffff00000030/displayed&amp#27;[39m
&amp#27;[38;5;0m[HTTP]&amp#27;[0m &amp#27;[90m{}&amp#27;[39m
&amp#27;[38;5;32m[AndroidUiautomator2Driver@3d21 (556fa8ec)]&amp#27;[0m Calling AppiumDriver.elementDisplayed() with args: ["00000000-0000-0239-ffff-ffff00000030","556fa8ec-69b9-49de-b488-0d01b1888e76"]
&amp#27;[38;5;32m[AndroidUiautomator2Driver@3d21 (556fa8ec)]&amp#27;[0m Matched '/element/00000000-0000-0239-ffff-ffff00000030/attribute/displayed' to command name 'getAttribute'
&amp#27;[38;5;32m[AndroidUiautomator2Driver@3d21 (556fa8ec)]&amp#27;[0m Proxying [GET /element/00000000-0000-0239-ffff-ffff00000030/attribute/displayed] to [GET http://127.0.0.1:8200/session/a82159c6-c97b-4303-a8a5-4e7771574c3d/element/00000000-0000-0239-ffff-ffff00000030/attribute/displayed] with no body
&amp#27;[38;5;32m[AndroidUiautomator2Driver@3d21 (556fa8ec)]&amp#27;[0m Got response with status 200: {"sessionId":"a82159c6-c97b-4303-a8a5-4e7771574c3d","value":"true"}
&amp#27;[38;5;32m[AndroidUiautomator2Driver@3d21 (556fa8ec)]&amp#27;[0m Responding to client with driver.elementDisplayed() result: true
&amp#27;[38;5;0m[HTTP]&amp#27;[0m &amp#27;[37m<-- GET /session/556fa8ec-69b9-49de-b488-0d01b1888e76/element/00000000-0000-0239-ffff-ffff00000030/displayed &amp#27;[39m&amp#27;[32m200&amp#27;[39m &amp#27;[90m12 ms - 14&amp#27;[39m
&amp#27;[38;5;0m[HTTP]&amp#27;[0m &amp#27;[90m&amp#27;[39m
&amp#27;[38;5;0m[HTTP]&amp#27;[0m &amp#27;[37m-->&amp#27;[39m &amp#27;[37mPOST&amp#27;[39m &amp#27;[37m/session/556fa8ec-69b9-49de-b488-0d01b1888e76/element&amp#27;[39m
&amp#27;[38;5;0m[HTTP]&amp#27;[0m &amp#27;[90m{"using":"accessibility id","value":"sort button"}&amp#27;[39m
&amp#27;[38;5;32m[AndroidUiautomator2Driver@3d21 (556fa8ec)]&amp#27;[0m Calling AppiumDriver.findElement() with args: ["accessibility id","sort button","556fa8ec-69b9-49de-b488-0d01b1888e76"]
&amp#27;[38;5;32m[AndroidUiautomator2Driver@3d21 (556fa8ec)]&amp#27;[0m Valid locator strategies for this request: xpath, id, class name, accessibility id, css selector, -android uiautomator
&amp#27;[38;5;32m[AndroidUiautomator2Driver@3d21 (556fa8ec)]&amp#27;[0m Waiting up to 10000 ms for condition
&amp#27;[38;5;32m[AndroidUiautomator2Driver@3d21 (556fa8ec)]&amp#27;[0m Matched '/element' to command name 'findElement'
&amp#27;[38;5;32m[AndroidUiautomator2Driver@3d21 (556fa8ec)]&amp#27;[0m Proxying [POST /element] to [POST http://127.0.0.1:8200/session/a82159c6-c97b-4303-a8a5-4e7771574c3d/element] with body: {"strategy":"accessibility id","selector":"sort button","context":"","multiple":false}
&amp#27;[38;5;32m[AndroidUiautomator2Driver@3d21 (556fa8ec)]&amp#27;[0m Got response with status 200: {"sessionId":"a82159c6-c97b-4303-a8a5-4e7771574c3d","value":{"ELEMENT":"00000000-0000-0239-ffff-ffff00000026","element-6066-11e4-a52e-4f735466cecf":"00000000-0000-0239-ffff-ffff00000026"}}
&amp#27;[38;5;32m[AndroidUiautomator2Driver@3d21 (556fa8ec)]&amp#27;[0m Responding to client with driver.findElement() result: {"element-6066-11e4-a52e-4f735466cecf":"00000000-0000-0239-ffff-ffff00000026","ELEMENT":"00000000-0000-0239-ffff-ffff00000026"}
&amp#27;[38;5;0m[HTTP]&amp#27;[0m &amp#27;[37m<-- POST /session/556fa8ec-69b9-49de-b488-0d01b1888e76/element &amp#27;[39m&amp#27;[32m200&amp#27;[39m &amp#27;[90m18 ms - 137&amp#27;[39m
&amp#27;[38;5;0m[HTTP]&amp#27;[0m &amp#27;[90m&amp#27;[39m
&amp#27;[38;5;0m[HTTP]&amp#27;[0m &amp#27;[37m-->&amp#27;[39m &amp#27;[37mGET&amp#27;[39m &amp#27;[37m/session/556fa8ec-69b9-49de-b488-0d01b1888e76/element/00000000-0000-0239-ffff-ffff00000026/displayed&amp#27;[39m
&amp#27;[38;5;0m[HTTP]&amp#27;[0m &amp#27;[90m{}&amp#27;[39m
&amp#27;[38;5;32m[AndroidUiautomator2Driver@3d21 (556fa8ec)]&amp#27;[0m Calling AppiumDriver.elementDisplayed() with args: ["00000000-0000-0239-ffff-ffff00000026","556fa8ec-69b9-49de-b488-0d01b1888e76"]
&amp#27;[38;5;32m[AndroidUiautomator2Driver@3d21 (556fa8ec)]&amp#27;[0m Matched '/element/00000000-0000-0239-ffff-ffff00000026/attribute/displayed' to command name 'getAttribute'
&amp#27;[38;5;32m[AndroidUiautomator2Driver@3d21 (556fa8ec)]&amp#27;[0m Proxying [GET /element/00000000-0000-0239-ffff-ffff00000026/attribute/displayed] to [GET http://127.0.0.1:8200/session/a82159c6-c97b-4303-a8a5-4e7771574c3d/element/00000000-0000-0239-ffff-ffff00000026/attribute/displayed] with no body
&amp#27;[38;5;32m[AndroidUiautomator2Driver@3d21 (556fa8ec)]&amp#27;[0m Got response with status 200: {"sessionId":"a82159c6-c97b-4303-a8a5-4e7771574c3d","value":"true"}
&amp#27;[38;5;32m[AndroidUiautomator2Driver@3d21 (556fa8ec)]&amp#27;[0m Responding to client with driver.elementDisplayed() result: true
&amp#27;[38;5;0m[HTTP]&amp#27;[0m &amp#27;[37m<-- GET /session/556fa8ec-69b9-49de-b488-0d01b1888e76/element/00000000-0000-0239-ffff-ffff00000026/displayed &amp#27;[39m&amp#27;[32m200&amp#27;[39m &amp#27;[90m6 ms - 14&amp#27;[39m
&amp#27;[38;5;0m[HTTP]&amp#27;[0m &amp#27;[90m&amp#27;[39m
&amp#27;[38;5;0m[HTTP]&amp#27;[0m &amp#27;[37m-->&amp#27;[39m &amp#27;[37mPOST&amp#27;[39m &amp#27;[37m/session/556fa8ec-69b9-49de-b488-0d01b1888e76/element&amp#27;[39m
&amp#27;[38;5;0m[HTTP]&amp#27;[0m &amp#27;[90m{"using":"accessibility id","value":"sort button"}&amp#27;[39m
&amp#27;[38;5;32m[AndroidUiautomator2Driver@3d21 (556fa8ec)]&amp#27;[0m Calling AppiumDriver.findElement() with args: ["accessibility id","sort button","556fa8ec-69b9-49de-b488-0d01b1888e76"]
&amp#27;[38;5;32m[AndroidUiautomator2Driver@3d21 (556fa8ec)]&amp#27;[0m Valid locator strategies for this request: xpath, id, class name, accessibility id, css selector, -android uiautomator
&amp#27;[38;5;32m[AndroidUiautomator2Driver@3d21 (556fa8ec)]&amp#27;[0m Waiting up to 10000 ms for condition
&amp#27;[38;5;32m[AndroidUiautomator2Driver@3d21 (556fa8ec)]&amp#27;[0m Matched '/element' to command name 'findElement'
&amp#27;[38;5;32m[AndroidUiautomator2Driver@3d21 (556fa8ec)]&amp#27;[0m Proxying [POST /element] to [POST http://127.0.0.1:8200/session/a82159c6-c97b-4303-a8a5-4e7771574c3d/element] with body: {"strategy":"accessibility id","selector":"sort button","context":"","multiple":false}
&amp#27;[38;5;32m[AndroidUiautomator2Driver@3d21 (556fa8ec)]&amp#27;[0m Got response with status 200: {"sessionId":"a82159c6-c97b-4303-a8a5-4e7771574c3d","value":{"ELEMENT":"00000000-0000-0239-ffff-ffff00000026","element-6066-11e4-a52e-4f735466cecf":"00000000-0000-0239-ffff-ffff00000026"}}
&amp#27;[38;5;32m[AndroidUiautomator2Driver@3d21 (556fa8ec)]&amp#27;[0m Responding to client with driver.findElement() result: {"element-6066-11e4-a52e-4f735466cecf":"00000000-0000-0239-ffff-ffff00000026","ELEMENT":"00000000-0000-0239-ffff-ffff00000026"}
&amp#27;[38;5;0m[HTTP]&amp#27;[0m &amp#27;[37m<-- POST /session/556fa8ec-69b9-49de-b488-0d01b1888e76/element &amp#27;[39m&amp#27;[32m200&amp#27;[39m &amp#27;[90m13 ms - 137&amp#27;[39m
&amp#27;[38;5;0m[HTTP]&amp#27;[0m &amp#27;[90m&amp#27;[39m
&amp#27;[38;5;0m[HTTP]&amp#27;[0m &amp#27;[37m-->&amp#27;[39m &amp#27;[37mPOST&amp#27;[39m &amp#27;[37m/session/556fa8ec-69b9-49de-b488-0d01b1888e76/element/00000000-0000-0239-ffff-ffff00000026/click&amp#27;[39m
&amp#27;[38;5;0m[HTTP]&amp#27;[0m &amp#27;[90m{"id":"00000000-0000-0239-ffff-ffff00000026"}&amp#27;[39m
&amp#27;[38;5;32m[AndroidUiautomator2Driver@3d21 (556fa8ec)]&amp#27;[0m Calling AppiumDriver.click() with args: ["00000000-0000-0239-ffff-ffff00000026","556fa8ec-69b9-49de-b488-0d01b1888e76"]
&amp#27;[38;5;32m[AndroidUiautomator2Driver@3d21 (556fa8ec)]&amp#27;[0m Matched '/element/00000000-0000-0239-ffff-ffff00000026/click' to command name 'click'
&amp#27;[38;5;32m[AndroidUiautomator2Driver@3d21 (556fa8ec)]&amp#27;[0m Proxying [POST /element/00000000-0000-0239-ffff-ffff00000026/click] to [POST http://127.0.0.1:8200/session/a82159c6-c97b-4303-a8a5-4e7771574c3d/element/00000000-0000-0239-ffff-ffff00000026/click] with body: {"element":"00000000-0000-0239-ffff-ffff00000026"}
&amp#27;[38;5;32m[AndroidUiautomator2Driver@3d21 (556fa8ec)]&amp#27;[0m Got response with status 200: {"sessionId":"a82159c6-c97b-4303-a8a5-4e7771574c3d","value":null}
&amp#27;[38;5;32m[AndroidUiautomator2Driver@3d21 (556fa8ec)]&amp#27;[0m Responding to client with driver.click() result: null
&amp#27;[38;5;0m[HTTP]&amp#27;[0m &amp#27;[37m<-- POST /session/556fa8ec-69b9-49de-b488-0d01b1888e76/element/00000000-0000-0239-ffff-ffff00000026/click &amp#27;[39m&amp#27;[32m200&amp#27;[39m &amp#27;[90m28 ms - 14&amp#27;[39m
&amp#27;[38;5;0m[HTTP]&amp#27;[0m &amp#27;[90m&amp#27;[39m
&amp#27;[38;5;0m[HTTP]&amp#27;[0m &amp#27;[37m-->&amp#27;[39m &amp#27;[37mPOST&amp#27;[39m &amp#27;[37m/session/556fa8ec-69b9-49de-b488-0d01b1888e76/element&amp#27;[39m
&amp#27;[38;5;0m[HTTP]&amp#27;[0m &amp#27;[90m{"using":"accessibility id","value":"priceDesc"}&amp#27;[39m
&amp#27;[38;5;32m[AndroidUiautomator2Driver@3d21 (556fa8ec)]&amp#27;[0m Calling AppiumDriver.findElement() with args: ["accessibility id","priceDesc","556fa8ec-69b9-49de-b488-0d01b1888e76"]
&amp#27;[38;5;32m[AndroidUiautomator2Driver@3d21 (556fa8ec)]&amp#27;[0m Valid locator strategies for this request: xpath, id, class name, accessibility id, css selector, -android uiautomator
&amp#27;[38;5;32m[AndroidUiautomator2Driver@3d21 (556fa8ec)]&amp#27;[0m Waiting up to 10000 ms for condition
&amp#27;[38;5;32m[AndroidUiautomator2Driver@3d21 (556fa8ec)]&amp#27;[0m Matched '/element' to command name 'findElement'
&amp#27;[38;5;32m[AndroidUiautomator2Driver@3d21 (556fa8ec)]&amp#27;[0m Proxying [POST /element] to [POST http://127.0.0.1:8200/session/a82159c6-c97b-4303-a8a5-4e7771574c3d/element] with body: {"strategy":"accessibility id","selector":"priceDesc","context":"","multiple":false}
&amp#27;[38;5;32m[AndroidUiautomator2Driver@3d21 (556fa8ec)]&amp#27;[0m Got response with status 404: {"sessionId":"a82159c6-c97b-4303-a8a5-4e7771574c3d","value":{"error":"no such element","message":"An element could not be located on the page using the given search parameters","stacktrace":"io.appium.uiautomator2.common.exceptions.ElementNotFoundException: An element could not be located on the page using the given search parameters\n\tat io.appium.uiautomator2.handler.FindElement.safeHandle(FindElement.java:70)\n\tat io.appium.uiautomator2.handler.request.SafeRequestHandler.handle(SafeRequestHandler.java:59)\n\tat io.appium.uiautomator2.server.AppiumServlet.handleRequest(AppiumServlet.java:267)\n\tat io.appium.uiautomator2.server.AppiumServlet.handleHttpRequest(AppiumServlet.java:261)\n\tat io.appium.uiautomator2.http.ServerHandler.channelRead(ServerHandler.java:68)\n\tat io.netty.channel.AbstractChannelHandlerContext.invokeChannelRead(AbstractChannelHandlerContext.java:366)\n\tat io.netty.channel.AbstractChannelHandlerContext.invokeChannelRead(AbstractChannelHandlerContext.java:352)\n\tat io.netty.chann...
&amp#27;[38;5;128m[W3C]&amp#27;[0m Matched W3C error code 'no such element' to NoSuchElementError
&amp#27;[38;5;32m[AndroidUiautomator2Driver@3d21 (556fa8ec)]&amp#27;[0m Waited for 60 ms so far
&amp#27;[38;5;32m[AndroidUiautomator2Driver@3d21 (556fa8ec)]&amp#27;[0m Matched '/element' to command name 'findElement'
&amp#27;[38;5;32m[AndroidUiautomator2Driver@3d21 (556fa8ec)]&amp#27;[0m Proxying [POST /element] to [POST http://127.0.0.1:8200/session/a82159c6-c97b-4303-a8a5-4e7771574c3d/element] with body: {"strategy":"accessibility id","selector":"priceDesc","context":"","multiple":false}
&amp#27;[38;5;32m[AndroidUiautomator2Driver@3d21 (556fa8ec)]&amp#27;[0m Got response with status 200: {"sessionId":"a82159c6-c97b-4303-a8a5-4e7771574c3d","value":{"ELEMENT":"00000000-0000-023a-ffff-ffff000000bf","element-6066-11e4-a52e-4f735466cecf":"00000000-0000-023a-ffff-ffff000000bf"}}
&amp#27;[38;5;32m[AndroidUiautomator2Driver@3d21 (556fa8ec)]&amp#27;[0m Responding to client with driver.findElement() result: {"element-6066-11e4-a52e-4f735466cecf":"00000000-0000-023a-ffff-ffff000000bf","ELEMENT":"00000000-0000-023a-ffff-ffff000000bf"}
&amp#27;[38;5;0m[HTTP]&amp#27;[0m &amp#27;[37m<-- POST /session/556fa8ec-69b9-49de-b488-0d01b1888e76/element &amp#27;[39m&amp#27;[32m200&amp#27;[39m &amp#27;[90m592 ms - 137&amp#27;[39m
&amp#27;[38;5;0m[HTTP]&amp#27;[0m &amp#27;[90m&amp#27;[39m
&amp#27;[38;5;0m[HTTP]&amp#27;[0m &amp#27;[37m-->&amp#27;[39m &amp#27;[37mPOST&amp#27;[39m &amp#27;[37m/session/556fa8ec-69b9-49de-b488-0d01b1888e76/element/00000000-0000-023a-ffff-ffff000000bf/click&amp#27;[39m
&amp#27;[38;5;0m[HTTP]&amp#27;[0m &amp#27;[90m{"id":"00000000-0000-023a-ffff-ffff000000bf"}&amp#27;[39m
&amp#27;[38;5;32m[AndroidUiautomator2Driver@3d21 (556fa8ec)]&amp#27;[0m Calling AppiumDriver.click() with args: ["00000000-0000-023a-ffff-ffff000000bf","556fa8ec-69b9-49de-b488-0d01b1888e76"]
&amp#27;[38;5;32m[AndroidUiautomator2Driver@3d21 (556fa8ec)]&amp#27;[0m Matched '/element/00000000-0000-023a-ffff-ffff000000bf/click' to command name 'click'
&amp#27;[38;5;32m[AndroidUiautomator2Driver@3d21 (556fa8ec)]&amp#27;[0m Proxying [POST /element/00000000-0000-023a-ffff-ffff000000bf/click] to [POST http://127.0.0.1:8200/session/a82159c6-c97b-4303-a8a5-4e7771574c3d/element/00000000-0000-023a-ffff-ffff000000bf/click] with body: {"element":"00000000-0000-023a-ffff-ffff000000bf"}
&amp#27;[38;5;32m[AndroidUiautomator2Driver@3d21 (556fa8ec)]&amp#27;[0m Got response with status 200: {"sessionId":"a82159c6-c97b-4303-a8a5-4e7771574c3d","value":null}
&amp#27;[38;5;32m[AndroidUiautomator2Driver@3d21 (556fa8ec)]&amp#27;[0m Responding to client with driver.click() result: null
&amp#27;[38;5;0m[HTTP]&amp#27;[0m &amp#27;[37m<-- POST /session/556fa8ec-69b9-49de-b488-0d01b1888e76/element/00000000-0000-023a-ffff-ffff000000bf/click &amp#27;[39m&amp#27;[32m200&amp#27;[39m &amp#27;[90m34 ms - 14&amp#27;[39m
&amp#27;[38;5;0m[HTTP]&amp#27;[0m &amp#27;[90m&amp#27;[39m
&amp#27;[38;5;0m[HTTP]&amp#27;[0m &amp#27;[37m-->&amp#27;[39m &amp#27;[37mPOST&amp#27;[39m &amp#27;[37m/session/556fa8ec-69b9-49de-b488-0d01b1888e76/elements&amp#27;[39m
&amp#27;[38;5;0m[HTTP]&amp#27;[0m &amp#27;[90m{"using":"-android uiautomator","value":"description(\"store item text\")"}&amp#27;[39m
&amp#27;[38;5;32m[AndroidUiautomator2Driver@3d21 (556fa8ec)]&amp#27;[0m Calling AppiumDriver.findElements() with args: ["-android uiautomator","description(\"store item text\")","556fa8ec-69b9-49de-b488-0d01b1888e76"]
&amp#27;[38;5;32m[AndroidUiautomator2Driver@3d21 (556fa8ec)]&amp#27;[0m Valid locator strategies for this request: xpath, id, class name, accessibility id, css selector, -android uiautomator
&amp#27;[38;5;32m[AndroidUiautomator2Driver@3d21 (556fa8ec)]&amp#27;[0m Waiting up to 10000 ms for condition
&amp#27;[38;5;32m[AndroidUiautomator2Driver@3d21 (556fa8ec)]&amp#27;[0m Matched '/elements' to command name 'findElements'
&amp#27;[38;5;32m[AndroidUiautomator2Driver@3d21 (556fa8ec)]&amp#27;[0m Proxying [POST /elements] to [POST http://127.0.0.1:8200/session/a82159c6-c97b-4303-a8a5-4e7771574c3d/elements] with body: {"strategy":"-android uiautomator","selector":"description(\"store item text\")","context":"","multiple":true}
&amp#27;[38;5;32m[AndroidUiautomator2Driver@3d21 (556fa8ec)]&amp#27;[0m Got response with status 200: {"sessionId":"a82159c6-c97b-4303-a8a5-4e7771574c3d","value":[]}
&amp#27;[38;5;32m[AndroidUiautomator2Driver@3d21 (556fa8ec)]&amp#27;[0m Waited for 25 ms so far
&amp#27;[38;5;32m[AndroidUiautomator2Driver@3d21 (556fa8ec)]&amp#27;[0m Matched '/elements' to command name 'findElements'
&amp#27;[38;5;32m[AndroidUiautomator2Driver@3d21 (556fa8ec)]&amp#27;[0m Proxying [POST /elements] to [POST http://127.0.0.1:8200/session/a82159c6-c97b-4303-a8a5-4e7771574c3d/elements] with body: {"strategy":"-android uiautomator","selector":"description(\"store item text\")","context":"","multiple":true}
&amp#27;[38;5;32m[AndroidUiautomator2Driver@3d21 (556fa8ec)]&amp#27;[0m Got response with status 200: {"sessionId":"a82159c6-c97b-4303-a8a5-4e7771574c3d","value":[{"ELEMENT":"00000000-0000-0239-ffff-ffff000000c8","element-6066-11e4-a52e-4f735466cecf":"00000000-0000-0239-ffff-ffff000000c8"},{"ELEMENT":"00000000-0000-0239-ffff-ffff000000d7","element-6066-11e4-a52e-4f735466cecf":"00000000-0000-0239-ffff-ffff000000d7"},{"ELEMENT":"00000000-0000-0239-ffff-ffff000000e7","element-6066-11e4-a52e-4f735466cecf":"00000000-0000-0239-ffff-ffff000000e7"},{"ELEMENT":"00000000-0000-0239-ffff-ffff000000f6","element-6066-11e4-a52e-4f735466cecf":"00000000-0000-0239-ffff-ffff000000f6"}]}
&amp#27;[38;5;32m[AndroidUiautomator2Driver@3d21 (556fa8ec)]&amp#27;[0m Responding to client with driver.findElements() result: [{"element-6066-11e4-a52e-4f735466cecf":"00000000-0000-0239-ffff-ffff000000c8","ELEMENT":"00000000-0000-0239-ffff-ffff000000c8"},{"element-6066-11e4-a52e-4f735466cecf":"00000000-0000-0239-ffff-ffff000000d7","ELEMENT":"00000000-0000-0239-ffff-ffff000000d7"},{"element-6066-11e4-a52e-4f735466cecf":"00000000-0000-0239-ffff-ffff000000e7","ELEMENT":"00000000-0000-0239-ffff-ffff000000e7"},{"element-6066-11e4-a52e-4f735466cecf":"00000000-0000-0239-ffff-ffff000000f6","ELEMENT":"00000000-0000-0239-ffff-ffff000000f6"}]
&amp#27;[38;5;0m[HTTP]&amp#27;[0m &amp#27;[37m<-- POST /session/556fa8ec-69b9-49de-b488-0d01b1888e76/elements &amp#27;[39m&amp#27;[32m200&amp#27;[39m &amp#27;[90m662 ms - 523&amp#27;[39m
&amp#27;[38;5;0m[HTTP]&amp#27;[0m &amp#27;[90m&amp#27;[39m
&amp#27;[38;5;0m[HTTP]&amp#27;[0m &amp#27;[37m-->&amp#27;[39m &amp#27;[37mGET&amp#27;[39m &amp#27;[37m/session/556fa8ec-69b9-49de-b488-0d01b1888e76/element/00000000-0000-0239-ffff-ffff000000c8/text&amp#27;[39m
&amp#27;[38;5;0m[HTTP]&amp#27;[0m &amp#27;[90m{}&amp#27;[39m
&amp#27;[38;5;32m[AndroidUiautomator2Driver@3d21 (556fa8ec)]&amp#27;[0m Driver proxy active, passing request on via HTTP proxy
&amp#27;[38;5;32m[AndroidUiautomator2Driver@3d21 (556fa8ec)]&amp#27;[0m Matched '/session/556fa8ec-69b9-49de-b488-0d01b1888e76/element/00000000-0000-0239-ffff-ffff000000c8/text' to command name 'getText'
&amp#27;[38;5;32m[AndroidUiautomator2Driver@3d21 (556fa8ec)]&amp#27;[0m Proxying [GET /session/556fa8ec-69b9-49de-b488-0d01b1888e76/element/00000000-0000-0239-ffff-ffff000000c8/text] to [GET http://127.0.0.1:8200/session/a82159c6-c97b-4303-a8a5-4e7771574c3d/element/00000000-0000-0239-ffff-ffff000000c8/text] with no body
&amp#27;[38;5;32m[AndroidUiautomator2Driver@3d21 (556fa8ec)]&amp#27;[0m Got response with status 200: {"sessionId":"a82159c6-c97b-4303-a8a5-4e7771574c3d","value":"Sauce Labs Fleece Jacket"}
&amp#27;[38;5;32m[AndroidUiautomator2Driver@3d21 (556fa8ec)]&amp#27;[0m Replacing sessionId a82159c6-c97b-4303-a8a5-4e7771574c3d with 556fa8ec-69b9-49de-b488-0d01b1888e76
&amp#27;[38;5;0m[HTTP]&amp#27;[0m &amp#27;[37m<-- GET /session/556fa8ec-69b9-49de-b488-0d01b1888e76/element/00000000-0000-0239-ffff-ffff000000c8/text &amp#27;[39m&amp#27;[32m200&amp#27;[39m &amp#27;[90m7 ms - 87&amp#27;[39m
&amp#27;[38;5;0m[HTTP]&amp#27;[0m &amp#27;[90m&amp#27;[39m
&amp#27;[38;5;0m[HTTP]&amp#27;[0m &amp#27;[37m-->&amp#27;[39m &amp#27;[37mDELETE&amp#27;[39m &amp#27;[37m/session/556fa8ec-69b9-49de-b488-0d01b1888e76&amp#27;[39m
&amp#27;[38;5;0m[HTTP]&amp#27;[0m &amp#27;[90m{}&amp#27;[39m
&amp#27;[38;5;32m[AndroidUiautomator2Driver@3d21 (556fa8ec)]&amp#27;[0m Calling AppiumDriver.deleteSession() with args: ["556fa8ec-69b9-49de-b488-0d01b1888e76"]
&amp#27;[38;5;16m[AppiumDriver@fa87]&amp#27;[0m Event 'quitSessionRequested' logged at 1702385538583 (14:52:18 GMT+0200 (Eastern European Standard Time))
&amp#27;[38;5;16m[AppiumDriver@fa87]&amp#27;[0m Removing session 556fa8ec-69b9-49de-b488-0d01b1888e76 from our master session list
&amp#27;[38;5;32m[AndroidUiautomator2Driver@3d21 (556fa8ec)]&amp#27;[0m Deleting UiAutomator2 session
&amp#27;[38;5;32m[AndroidUiautomator2Driver@3d21 (556fa8ec)]&amp#27;[0m Deleting UiAutomator2 server session
&amp#27;[38;5;32m[AndroidUiautomator2Driver@3d21 (556fa8ec)]&amp#27;[0m Matched '/' to command name 'deleteSession'
&amp#27;[38;5;32m[AndroidUiautomator2Driver@3d21 (556fa8ec)]&amp#27;[0m Proxying [DELETE /] to [DELETE http://127.0.0.1:8200/session/a82159c6-c97b-4303-a8a5-4e7771574c3d] with no body
&amp#27;[38;5;32m[AndroidUiautomator2Driver@3d21 (556fa8ec)]&amp#27;[0m Got response with status 200: {"sessionId":"a82159c6-c97b-4303-a8a5-4e7771574c3d","value":null}
&amp#27;[38;5;64m[ADB]&amp#27;[0m Running '/Users/vaida/Library/Android/sdk/platform-tools/adb -P 5037 -s emulator-5554 shell dumpsys activity services io.appium.settings/.recorder.RecorderService'
&amp#27;[38;5;64m[ADB]&amp#27;[0m Running '/Users/vaida/Library/Android/sdk/platform-tools/adb -P 5037 -s emulator-5554 shell am force-stop com.saucelabs.mydemoapp.rn'
&amp#27;[38;5;96m[Logcat]&amp#27;[0m Stopping logcat capture
&amp#27;[38;5;64m[ADB]&amp#27;[0m Removing forwarded port socket connection: 8200 
&amp#27;[38;5;64m[ADB]&amp#27;[0m Running '/Users/vaida/Library/Android/sdk/platform-tools/adb -P 5037 -s emulator-5554 forward --remove tcp:8200'
&amp#27;[38;5;32m[AndroidUiautomator2Driver@3d21 (556fa8ec)]&amp#27;[0m Restoring hidden api policy to the device default configuration
&amp#27;[38;5;64m[ADB]&amp#27;[0m Running '/Users/vaida/Library/Android/sdk/platform-tools/adb -P 5037 -s emulator-5554 shell 'settings delete global hidden_api_policy_pre_p_apps;settings delete global hidden_api_policy_p_apps;settings delete global hidden_api_policy''
&amp#27;[38;5;16m[AppiumDriver@fa87]&amp#27;[0m Event 'quitSessionFinished' logged at 1702385538794 (14:52:18 GMT+0200 (Eastern European Standard Time))
&amp#27;[38;5;16m[AppiumDriver@fa87]&amp#27;[0m Received response: null
&amp#27;[38;5;16m[AppiumDriver@fa87]&amp#27;[0m But deleting session, so not returning
&amp#27;[38;5;16m[AppiumDriver@fa87]&amp#27;[0m Responding to client with driver.deleteSession() result: null
&amp#27;[38;5;0m[HTTP]&amp#27;[0m &amp#27;[37m<-- DELETE /session/556fa8ec-69b9-49de-b488-0d01b1888e76 &amp#27;[39m&amp#27;[32m200&amp#27;[39m &amp#27;[90m212 ms - 14&amp#27;[39m
&amp#27;[38;5;0m[HTTP]&amp#27;[0m &amp#27;[90m&amp#27;[39m
]]></system-out>
  </testcase>
</testsuite>